#
# A fatal error has been detected by the Java Runtime Environment:
#
#  SIGSEGV (0xb) at pc=0x00000001022d02f0, pid=5985, tid=20739
#
# JRE version: Java(TM) SE Runtime Environment (8.0_05-b13) (build 1.8.0_05-b13)
# Java VM: Java HotSpot(TM) 64-Bit Server VM (25.5-b02 mixed mode bsd-amd64 compressed oops)
# Problematic frame:
# V  [libjvm.dylib+0xd02f0]  OopFlow::build_oop_map(Node*, int, PhaseRegAlloc*, int*)+0xd2
#
# Failed to write core dump. Core dumps have been disabled. To enable core dumping, try "ulimit -c unlimited" before starting Java again
#
# If you would like to submit a bug report, please visit:
#   http://bugreport.sun.com/bugreport/crash.jsp
#

---------------  T H R E A D  ---------------

Current thread (0x00007fdf6d003800):  JavaThread "C2 CompilerThread1" daemon [_thread_in_native, id=20739, stack(0x0000000117846000,0x0000000117946000)]

siginfo:si_signo=SIGSEGV: si_errno=0, si_code=1 (SEGV_MAPERR), si_addr=0x0000000000000000

Registers:
RAX=0x00007fdf6c711a08, RBX=0x00007fdf6ff914d8, RCX=0x0000000000000000, RDX=0x0000000000000008
RSP=0x0000000117942870, RBP=0x00000001179428e0, RSI=0x000000000000001c, RDI=0x0000000000000000
R8 =0x00007fdf6fe486f0, R9 =0x00007fdf6ffe61a0, R10=0x0000000000000064, R11=0x00000000000008d0
R12=0x0000000000000000, R13=0x0000000000000013, R14=0x00007fdf6ff914d8, R15=0x00000000000000c0
RIP=0x00000001022d02f0, EFLAGS=0x0000000000010206, ERR=0x0000000000000004
  TRAPNO=0x000000000000000e

Top of Stack: (sp=0x0000000117942870)
0x0000000117942870:   00000001179428e0 00000000000000da
0x0000000117942880:   00007fdf6fe486f0 00007fdf6feced90
0x0000000117942890:   00007fdf6c7120e0 0000001c00000008
0x00000001179428a0:   0000000117943550 00007fdf6c712110
0x00000001179428b0:   00000000000000b8 00007fdf6c7120e0
0x00000001179428c0:   0000000000000012 0000000000000013
0x00000001179428d0:   00007fdf6ff914d8 00007fdf6c71ffff
0x00000001179428e0:   0000000117942940 00000001022d000d
0x00000001179428f0:   0000000117942940 000000da17944fd0
0x0000000117942900:   00007fdf6fe43fc0 0000000a6c711a00
0x0000000117942910:   0000000117943550 00007fdf6ffe6920
0x0000000117942920:   00007fdf6c7120e0 0000000000000004
0x0000000117942930:   00007fdf6c70eb70 00007fdf6c711810
0x0000000117942940:   0000000117942a40 00000001022d0f3b
0x0000000117942950:   000000000126ee80 0000000000000007
0x0000000117942960:   0000000000000007 00007fdf6fe4624c
0x0000000117942970:   00000000000000da 000000000000001c
0x0000000117942980:   00007fdf6fe4624c 00007fdf6be0d510
0x0000000117942990:   0000000117944fd0 0000000000000007
0x00000001179429a0:   00007fdf6fe4624c 0000000000000007
0x00000001179429b0:   ffffffffffffffff 0000000117943680
0x00000001179429c0:   00007fdf6ffe71a0 00007fdf6fe43fc0
0x00000001179429d0:   00000000000006d0 00000000000001b4
0x00000001179429e0:   0000000000000000 0000000100000080
0x00000001179429f0:   00007fdf6be0d510 00007fdf6fe46690
0x0000000117942a00:   00007fdf00000004 0000000000000014
0x0000000117942a10:   0000000000000000 0000000117944fd0
0x0000000117942a20:   0000000117943680 00000000000009ee
0x0000000117942a30:   00007fdf6fe40c10 0000000117945798
0x0000000117942a40:   0000000117942a90 000000010264b7d8
0x0000000117942a50:   00007fdf6ff90ab8 00007fdf6ffe0c30
0x0000000117942a60:   0000000117945140 0000000117944fd0 

Instructions: (pc=0x00000001022d02f0)
0x00000001022d02d0:   00 00 44 89 ff 8b 75 bc 8b 55 b8 e8 fa 0c 00 00
0x00000001022d02e0:   48 89 45 d0 48 8b 45 b0 48 8b 40 08 4e 8b 24 f8
0x00000001022d02f0:   49 8b 04 24 4c 89 e7 ff 50 28 48 63 48 10 48 89
0x00000001022d0300:   ca 48 c1 e2 05 48 8d 35 74 8a 6f 00 80 7c 16 10 

Register to memory mapping:

RAX=0x00007fdf6c711a08 is an unknown value
RBX=0x00007fdf6ff914d8 is an unknown value
RCX=0x0000000000000000 is an unknown value
RDX=0x0000000000000008 is an unknown value
RSP=0x0000000117942870 is pointing into the stack for thread: 0x00007fdf6d003800
RBP=0x00000001179428e0 is pointing into the stack for thread: 0x00007fdf6d003800
RSI=0x000000000000001c is an unknown value
RDI=0x0000000000000000 is an unknown value
R8 =0x00007fdf6fe486f0 is an unknown value
R9 =0x00007fdf6ffe61a0 is an unknown value
R10=0x0000000000000064 is an unknown value
R11=0x00000000000008d0 is an unknown value
R12=0x0000000000000000 is an unknown value
R13=0x0000000000000013 is an unknown value
R14=0x00007fdf6ff914d8 is an unknown value
R15=0x00000000000000c0 is an unknown value


Stack: [0x0000000117846000,0x0000000117946000],  sp=0x0000000117942870,  free space=1010k
Native frames: (J=compiled Java code, j=interpreted, Vv=VM code, C=native code)
V  [libjvm.dylib+0xd02f0]  OopFlow::build_oop_map(Node*, int, PhaseRegAlloc*, int*)+0xd2
V  [libjvm.dylib+0xd000d]  OopFlow::compute_reach(PhaseRegAlloc*, int, Dict*)+0xa9
V  [libjvm.dylib+0xd0f3b]  Compile::BuildOopMaps()+0x92d
V  [libjvm.dylib+0x44b7d8]  Compile::Output()+0x40c
V  [libjvm.dylib+0x19d040]  Compile::Code_Gen()+0x21a
V  [libjvm.dylib+0x1a0a7b]  Compile::Compile(ciEnv*, C2Compiler*, ciMethod*, int, bool, bool, bool)+0x905
V  [libjvm.dylib+0x143eb2]  C2Compiler::compile_method(ciEnv*, ciMethod*, int)+0xac
V  [libjvm.dylib+0x1a431c]  CompileBroker::invoke_compiler_on_method(CompileTask*)+0x5b2
V  [libjvm.dylib+0x1a642b]  CompileBroker::compiler_thread_loop()+0x2d5
V  [libjvm.dylib+0x51ccf5]  JavaThread::thread_main_inner()+0x9b
V  [libjvm.dylib+0x51e432]  JavaThread::run()+0x1c2
V  [libjvm.dylib+0x445426]  java_start(Thread*)+0xf6
C  [libsystem_pthread.dylib+0x1899]  _pthread_body+0x8a
C  [libsystem_pthread.dylib+0x172a]  _pthread_struct_init+0x0
C  [libsystem_pthread.dylib+0x5fc9]  thread_start+0xd


Current CompileTask:
C2:  20281 5983       4       groovy.lang.MetaClassImpl::findPropertyMethod (356 bytes)


---------------  P R O C E S S  ---------------

Java Threads: ( => current thread )
  0x00007fdf7055d000 JavaThread "net.sf.ehcache.CacheManager@40280617" daemon [_thread_blocked, id=17419, stack(0x000000011a201000,0x000000011a301000)]
  0x00007fdf6eac1800 JavaThread "PoolCleaner[1917025677:1415211615518]" daemon [_thread_blocked, id=15111, stack(0x000000011af51000,0x000000011b051000)]
  0x00007fdf7086d800 JavaThread "FileSystemWatcher: files=#137 cl=groovy.lang.GroovyClassLoader@72437d8d" daemon [_thread_blocked, id=26371, stack(0x0000000119a68000,0x0000000119b68000)]
  0x00007fdf6cb26800 JavaThread "localhost-startStop-1" daemon [_thread_in_native, id=25859, stack(0x000000011a0bd000,0x000000011a1bd000)]
  0x00007fdf6c2da800 JavaThread "Tomcat-startStop-1" daemon [_thread_blocked, id=25347, stack(0x000000011977d000,0x000000011987d000)]
  0x00007fdf6dae1000 JavaThread "Thread-3" [_thread_in_native, id=24835, stack(0x00000001193c4000,0x00000001194c4000)]
  0x00007fdf6ca60000 JavaThread "Thread-2" [_thread_blocked, id=24323, stack(0x0000000119bba000,0x0000000119cba000)]
  0x00007fdf6d8d3800 JavaThread "NonBlockingInputStreamThread" daemon [_thread_blocked, id=23811, stack(0x0000000118360000,0x0000000118460000)]
  0x00007fdf6e893000 JavaThread "process reaper" daemon [_thread_blocked, id=23299, stack(0x0000000117e1d000,0x0000000117e45000)]
  0x00007fdf6f801800 JavaThread "Service Thread" daemon [_thread_blocked, id=22275, stack(0x0000000117b4f000,0x0000000117c4f000)]
  0x00007fdf6d036800 JavaThread "C1 CompilerThread3" daemon [_thread_blocked, id=21763, stack(0x0000000117a4c000,0x0000000117b4c000)]
  0x00007fdf6d035800 JavaThread "C2 CompilerThread2" daemon [_thread_in_native, id=21251, stack(0x0000000117949000,0x0000000117a49000)]
=>0x00007fdf6d003800 JavaThread "C2 CompilerThread1" daemon [_thread_in_native, id=20739, stack(0x0000000117846000,0x0000000117946000)]
  0x00007fdf6c860000 JavaThread "C2 CompilerThread0" daemon [_thread_in_native, id=20227, stack(0x0000000117743000,0x0000000117843000)]
  0x00007fdf6e803000 JavaThread "Signal Dispatcher" daemon [_thread_blocked, id=19715, stack(0x0000000117463000,0x0000000117563000)]
  0x00007fdf6e801000 JavaThread "Finalizer" daemon [_thread_blocked, id=14595, stack(0x0000000117214000,0x0000000117314000)]
  0x00007fdf6f004000 JavaThread "Reference Handler" daemon [_thread_blocked, id=14083, stack(0x0000000117111000,0x0000000117211000)]
  0x00007fdf6c800800 JavaThread "main" [_thread_blocked, id=6403, stack(0x0000000101090000,0x0000000101190000)]

Other Threads:
  0x00007fdf6c85d800 VMThread [stack: 0x000000011700e000,0x000000011710e000] [id=13571]
  0x00007fdf6f802800 WatcherThread [stack: 0x0000000117c52000,0x0000000117d52000] [id=22787]

VM state:not at safepoint (normal execution)

VM Mutex/Monitor currently owned by a thread: None

Heap:
 PSYoungGen      total 208384K, used 125629K [0x00000007b0000000, 0x00000007c0000000, 0x00000007c0000000)
  eden space 172032K, 55% used [0x00000007b0000000,0x00000007b5cf14e0,0x00000007ba800000)
  from space 36352K, 83% used [0x00000007bdc80000,0x00000007bfa3df70,0x00000007c0000000)
  to   space 45056K, 0% used [0x00000007ba800000,0x00000007ba800000,0x00000007bd400000)
 ParOldGen       total 86528K, used 74935K [0x0000000790000000, 0x0000000795480000, 0x00000007b0000000)
  object space 86528K, 86% used [0x0000000790000000,0x000000079492df20,0x0000000795480000)
 Metaspace       used 60591K, capacity 62314K, committed 62592K, reserved 1103872K
  class space    used 6758K, capacity 7253K, committed 7296K, reserved 1048576K

Card table byte_map: [0x00000001124c2000,0x0000000112643000] byte_map_base: 0x000000010e842000

Marking Bits: (ParMarkBitMap*) 0x0000000102a660a0
 Begin Bits: [0x0000000112f5b000, 0x0000000113b5b000)
 End Bits:   [0x0000000113b5b000, 0x000000011475b000)

Polling page: 0x00000001011d4000

CodeCache: size=245760Kb used=18886Kb max_used=19170Kb free=226873Kb
 bounds [0x0000000103102000, 0x00000001043d2000, 0x0000000112102000]
 total_blobs=6022 nmethods=5283 adapters=651
 compilation: enabled

Compilation events (10 events):
Event: 20.206 Thread 0x00007fdf6d003800 nmethod 6086 0x000000010401c810 code [0x000000010401c980, 0x000000010401cbd8]
Event: 20.206 Thread 0x00007fdf6d003800 5967       4       com.sun.beans.TypeResolver::resolve (37 bytes)
Event: 20.209 Thread 0x00007fdf6d003800 nmethod 5967 0x0000000103d85f50 code [0x0000000103d860c0, 0x0000000103d86328]
Event: 20.209 Thread 0x00007fdf6d003800 5983       4       groovy.lang.MetaClassImpl::findPropertyMethod (356 bytes)
Event: 20.229 Thread 0x00007fdf6d036800 6092       2       org.codehaus.groovy.runtime.callsite.CallSiteArray::createPogoSite (53 bytes)
Event: 20.230 Thread 0x00007fdf6d036800 nmethod 6092 0x0000000103d857d0 code [0x0000000103d85980, 0x0000000103d85d98]
Event: 20.230 Thread 0x00007fdf6d036800 6093   !   2       sun.reflect.GeneratedMethodAccessor112::invoke (65 bytes)
Event: 20.230 Thread 0x00007fdf6d036800 nmethod 6093 0x000000010401f350 code [0x000000010401f520, 0x000000010401f998]
Event: 20.234 Thread 0x00007fdf6d036800 6094   !   2       java_lang_reflect_Member$isSynthetic$0::call (34 bytes)
Event: 20.234 Thread 0x00007fdf6d036800 nmethod 6094 0x0000000103d85150 code [0x0000000103d85300, 0x0000000103d855c8]

GC Heap History (10 events):
Event: 15.554 GC heap before
{Heap before GC invocations=61 (full 4):
 PSYoungGen      total 223232K, used 201723K [0x00000007b0000000, 0x00000007bfa80000, 0x00000007c0000000)
  eden space 190976K, 100% used [0x00000007b0000000,0x00000007bba80000,0x00000007bba80000)
  from space 32256K, 33% used [0x00000007bdb00000,0x00000007be57eee8,0x00000007bfa80000)
  to   space 32768K, 0% used [0x00000007bba80000,0x00000007bba80000,0x00000007bda80000)
 ParOldGen       total 75264K, used 67001K [0x0000000790000000, 0x0000000794980000, 0x00000007b0000000)
  object space 75264K, 89% used [0x0000000790000000,0x000000079416e4f0,0x0000000794980000)
 Metaspace       used 55619K, capacity 57192K, committed 57600K, reserved 1099776K
  class space    used 6102K, capacity 6580K, committed 6656K, reserved 1048576K
Event: 15.563 GC heap after
Heap after GC invocations=61 (full 4):
 PSYoungGen      total 223744K, used 15791K [0x00000007b0000000, 0x00000007bff80000, 0x00000007c0000000)
  eden space 190976K, 0% used [0x00000007b0000000,0x00000007b0000000,0x00000007bba80000)
  from space 32768K, 48% used [0x00000007bba80000,0x00000007bc9ebf10,0x00000007bda80000)
  to   space 32256K, 0% used [0x00000007be000000,0x00000007be000000,0x00000007bff80000)
 ParOldGen       total 75264K, used 67009K [0x0000000790000000, 0x0000000794980000, 0x00000007b0000000)
  object space 75264K, 89% used [0x0000000790000000,0x00000007941704f0,0x0000000794980000)
 Metaspace       used 55619K, capacity 57192K, committed 57600K, reserved 1099776K
  class space    used 6102K, capacity 6580K, committed 6656K, reserved 1048576K
}
Event: 16.171 GC heap before
{Heap before GC invocations=62 (full 4):
 PSYoungGen      total 223744K, used 206767K [0x00000007b0000000, 0x00000007bff80000, 0x00000007c0000000)
  eden space 190976K, 100% used [0x00000007b0000000,0x00000007bba80000,0x00000007bba80000)
  from space 32768K, 48% used [0x00000007bba80000,0x00000007bc9ebf10,0x00000007bda80000)
  to   space 32256K, 0% used [0x00000007be000000,0x00000007be000000,0x00000007bff80000)
 ParOldGen       total 75264K, used 67009K [0x0000000790000000, 0x0000000794980000, 0x00000007b0000000)
  object space 75264K, 89% used [0x0000000790000000,0x00000007941704f0,0x0000000794980000)
 Metaspace       used 56549K, capacity 58120K, committed 58496K, reserved 1101824K
  class space    used 6230K, capacity 6717K, committed 6784K, reserved 1048576K
Event: 16.185 GC heap after
Heap after GC invocations=62 (full 4):
 PSYoungGen      total 226816K, used 21416K [0x00000007b0000000, 0x00000007c0000000, 0x00000007c0000000)
  eden space 194560K, 0% used [0x00000007b0000000,0x00000007b0000000,0x00000007bbe00000)
  from space 32256K, 66% used [0x00000007be000000,0x00000007bf4ea108,0x00000007bff80000)
  to   space 33792K, 0% used [0x00000007bbe00000,0x00000007bbe00000,0x00000007bdf00000)
 ParOldGen       total 75264K, used 67017K [0x0000000790000000, 0x0000000794980000, 0x00000007b0000000)
  object space 75264K, 89% used [0x0000000790000000,0x00000007941724f0,0x0000000794980000)
 Metaspace       used 56549K, capacity 58120K, committed 58496K, reserved 1101824K
  class space    used 6230K, capacity 6717K, committed 6784K, reserved 1048576K
}
Event: 17.214 GC heap before
{Heap before GC invocations=63 (full 4):
 PSYoungGen      total 226816K, used 215976K [0x00000007b0000000, 0x00000007c0000000, 0x00000007c0000000)
  eden space 194560K, 100% used [0x00000007b0000000,0x00000007bbe00000,0x00000007bbe00000)
  from space 32256K, 66% used [0x00000007be000000,0x00000007bf4ea108,0x00000007bff80000)
  to   space 33792K, 0% used [0x00000007bbe00000,0x00000007bbe00000,0x00000007bdf00000)
 ParOldGen       total 75264K, used 67017K [0x0000000790000000, 0x0000000794980000, 0x00000007b0000000)
  object space 75264K, 89% used [0x0000000790000000,0x00000007941724f0,0x0000000794980000)
 Metaspace       used 58129K, capacity 59694K, committed 59904K, reserved 1101824K
  class space    used 6356K, capacity 6814K, committed 6912K, reserved 1048576K
Event: 17.230 GC heap after
Heap after GC invocations=63 (full 4):
 PSYoungGen      total 225792K, used 30774K [0x00000007b0000000, 0x00000007c0000000, 0x00000007c0000000)
  eden space 194560K, 0% used [0x00000007b0000000,0x00000007b0000000,0x00000007bbe00000)
  from space 31232K, 98% used [0x00000007bbe00000,0x00000007bdc0dbe0,0x00000007bdc80000)
  to   space 36352K, 0% used [0x00000007bdc80000,0x00000007bdc80000,0x00000007c0000000)
 ParOldGen       total 75264K, used 67025K [0x0000000790000000, 0x0000000794980000, 0x00000007b0000000)
  object space 75264K, 89% used [0x0000000790000000,0x00000007941744f0,0x0000000794980000)
 Metaspace       used 58129K, capacity 59694K, committed 59904K, reserved 1101824K
  class space    used 6356K, capacity 6814K, committed 6912K, reserved 1048576K
}
Event: 18.074 GC heap before
{Heap before GC invocations=64 (full 4):
 PSYoungGen      total 225792K, used 225334K [0x00000007b0000000, 0x00000007c0000000, 0x00000007c0000000)
  eden space 194560K, 100% used [0x00000007b0000000,0x00000007bbe00000,0x00000007bbe00000)
  from space 31232K, 98% used [0x00000007bbe00000,0x00000007bdc0dbe0,0x00000007bdc80000)
  to   space 36352K, 0% used [0x00000007bdc80000,0x00000007bdc80000,0x00000007c0000000)
 ParOldGen       total 75264K, used 67025K [0x0000000790000000, 0x0000000794980000, 0x00000007b0000000)
  object space 75264K, 89% used [0x0000000790000000,0x00000007941744f0,0x0000000794980000)
 Metaspace       used 59944K, capacity 61596K, committed 61952K, reserved 1103872K
  class space    used 6661K, capacity 7143K, committed 7168K, reserved 1048576K
Event: 18.102 GC heap after
Heap after GC invocations=64 (full 4):
 PSYoungGen      total 208384K, used 36322K [0x00000007b0000000, 0x00000007c0000000, 0x00000007c0000000)
  eden space 172032K, 0% used [0x00000007b0000000,0x00000007b0000000,0x00000007ba800000)
  from space 36352K, 99% used [0x00000007bdc80000,0x00000007bfff8bc0,0x00000007c0000000)
  to   space 45056K, 0% used [0x00000007ba800000,0x00000007ba800000,0x00000007bd400000)
 ParOldGen       total 75264K, used 69727K [0x0000000790000000, 0x0000000794980000, 0x00000007b0000000)
  object space 75264K, 92% used [0x0000000790000000,0x0000000794417d18,0x0000000794980000)
 Metaspace       used 59944K, capacity 61596K, committed 61952K, reserved 1103872K
  class space    used 6661K, capacity 7143K, committed 7168K, reserved 1048576K
}
Event: 18.102 GC heap before
{Heap before GC invocations=65 (full 5):
 PSYoungGen      total 208384K, used 36322K [0x00000007b0000000, 0x00000007c0000000, 0x00000007c0000000)
  eden space 172032K, 0% used [0x00000007b0000000,0x00000007b0000000,0x00000007ba800000)
  from space 36352K, 99% used [0x00000007bdc80000,0x00000007bfff8bc0,0x00000007c0000000)
  to   space 45056K, 0% used [0x00000007ba800000,0x00000007ba800000,0x00000007bd400000)
 ParOldGen       total 75264K, used 69727K [0x0000000790000000, 0x0000000794980000, 0x00000007b0000000)
  object space 75264K, 92% used [0x0000000790000000,0x0000000794417d18,0x0000000794980000)
 Metaspace       used 59944K, capacity 61596K, committed 61952K, reserved 1103872K
  class space    used 6661K, capacity 7143K, committed 7168K, reserved 1048576K
Event: 18.985 GC heap after
Heap after GC invocations=65 (full 5):
 PSYoungGen      total 208384K, used 30455K [0x00000007b0000000, 0x00000007c0000000, 0x00000007c0000000)
  eden space 172032K, 0% used [0x00000007b0000000,0x00000007b0000000,0x00000007ba800000)
  from space 36352K, 83% used [0x00000007bdc80000,0x00000007bfa3df70,0x00000007c0000000)
  to   space 45056K, 0% used [0x00000007ba800000,0x00000007ba800000,0x00000007bd400000)
 ParOldGen       total 86528K, used 74935K [0x0000000790000000, 0x0000000795480000, 0x00000007b0000000)
  object space 86528K, 86% used [0x0000000790000000,0x000000079492df20,0x0000000795480000)
 Metaspace       used 59944K, capacity 61596K, committed 61952K, reserved 1103872K
  class space    used 6661K, capacity 7143K, committed 7168K, reserved 1048576K
}

Deoptimization events (10 events):
Event: 15.270 Thread 0x00007fdf6cb26800 Uncommon trap: reason=class_check action=maybe_recompile pc=0x0000000103fea0a4 method=org.springframework.core.ResolvableType.getSource()Ljava/lang/Object; @ 11
Event: 15.321 Thread 0x00007fdf6cb26800 Uncommon trap: reason=unreached action=reinterpret pc=0x000000010406b7a4 method=java.lang.reflect.Method.equals(Ljava/lang/Object;)Z @ 1
Event: 15.466 Thread 0x00007fdf6cb26800 Uncommon trap: reason=bimorphic action=maybe_recompile pc=0x00000001040712ec method=groovy.lang.MetaClassImpl$1MOPIter.methodNameAction(Ljava/lang/Class;Lorg/codehaus/groovy/runtime/metaclass/MetaMethodIndex$Entry;)V @ 268
Event: 15.466 Thread 0x00007fdf6cb26800 Uncommon trap: reason=bimorphic action=maybe_recompile pc=0x000000010386b4d8 method=groovy.lang.MetaMethod.getMopName()Ljava/lang/String; @ 8
Event: 15.466 Thread 0x00007fdf6cb26800 Uncommon trap: reason=bimorphic action=maybe_recompile pc=0x00000001040712ec method=groovy.lang.MetaClassImpl$1MOPIter.methodNameAction(Ljava/lang/Class;Lorg/codehaus/groovy/runtime/metaclass/MetaMethodIndex$Entry;)V @ 268
Event: 15.466 Thread 0x00007fdf6cb26800 Uncommon trap: reason=bimorphic action=maybe_recompile pc=0x00000001040712ec method=groovy.lang.MetaClassImpl$1MOPIter.methodNameAction(Ljava/lang/Class;Lorg/codehaus/groovy/runtime/metaclass/MetaMethodIndex$Entry;)V @ 268
Event: 15.659 Thread 0x00007fdf6cb26800 Uncommon trap: reason=null_assert action=make_not_entrant pc=0x000000010354bacc method=java.util.concurrent.ConcurrentHashMap.transfer([Ljava/util/concurrent/ConcurrentHashMap$Node;[Ljava/util/concurrent/ConcurrentHashMap$Node;)V @ 557
Event: 16.670 Thread 0x00007fdf6cb26800 Uncommon trap: reason=unreached action=reinterpret pc=0x000000010400f7bc method=org.codehaus.groovy.runtime.metaclass.MetaMethodIndex.getMethods(Ljava/lang/Class;Ljava/lang/String;)Lorg/codehaus/groovy/runtime/metaclass/MetaMethodIndex$Entry; @ 61
Event: 17.118 Thread 0x00007fdf6cb26800 Uncommon trap: reason=bimorphic action=maybe_recompile pc=0x00000001043ab4a4 method=org.codehaus.groovy.runtime.metaclass.MetaMethodIndex.addMethodToList(Ljava/lang/Object;Lgroovy/lang/MetaMethod;)Ljava/lang/Object; @ 97
Event: 17.119 Thread 0x00007fdf6cb26800 Uncommon trap: reason=bimorphic action=maybe_recompile pc=0x00000001043ab4a4 method=org.codehaus.groovy.runtime.metaclass.MetaMethodIndex.addMethodToList(Ljava/lang/Object;Lgroovy/lang/MetaMethod;)Ljava/lang/Object; @ 97

Internal exceptions (10 events):
Event: 20.228 Thread 0x00007fdf6cb26800 Exception <a 'java/security/PrivilegedActionException'> (0x00000007b554bc60) thrown at [/HUDSON/workspace/8-2-build-macosx-x86_64/jdk8u5/2488/hotspot/src/share/vm/prims/jvm.cpp, line 1248]
Event: 20.228 Thread 0x00007fdf6cb26800 Exception <a 'java/security/PrivilegedActionException'> (0x00000007b555f978) thrown at [/HUDSON/workspace/8-2-build-macosx-x86_64/jdk8u5/2488/hotspot/src/share/vm/prims/jvm.cpp, line 1248]
Event: 20.228 Thread 0x00007fdf6cb26800 Exception <a 'java/security/PrivilegedActionException'> (0x00000007b558d068) thrown at [/HUDSON/workspace/8-2-build-macosx-x86_64/jdk8u5/2488/hotspot/src/share/vm/prims/jvm.cpp, line 1248]
Event: 20.228 Thread 0x00007fdf6cb26800 Exception <a 'java/lang/ClassNotFoundException': org/codehaus/groovy/grails/orm/hibernate/HibernateGormValidationApiCustomizer> (0x00000007b558dfb8) thrown at [/HUDSON/workspace/8-2-build-macosx-x86_64/jdk8u5/2488/hotspot/src/share/vm/classfile/systemDict
Event: 20.230 Thread 0x00007fdf6cb26800 Exception <a 'java/security/PrivilegedActionException'> (0x00000007b55cf550) thrown at [/HUDSON/workspace/8-2-build-macosx-x86_64/jdk8u5/2488/hotspot/src/share/vm/prims/jvm.cpp, line 1248]
Event: 20.230 Thread 0x00007fdf6cb26800 Exception <a 'java/security/PrivilegedActionException'> (0x00000007b55d5a58) thrown at [/HUDSON/workspace/8-2-build-macosx-x86_64/jdk8u5/2488/hotspot/src/share/vm/prims/jvm.cpp, line 1248]
Event: 20.232 Thread 0x00007fdf6cb26800 Exception <a 'java/security/PrivilegedActionException'> (0x00000007b5617bb8) thrown at [/HUDSON/workspace/8-2-build-macosx-x86_64/jdk8u5/2488/hotspot/src/share/vm/prims/jvm.cpp, line 1248]
Event: 20.232 Thread 0x00007fdf6cb26800 Exception <a 'java/security/PrivilegedActionException'> (0x00000007b561ca70) thrown at [/HUDSON/workspace/8-2-build-macosx-x86_64/jdk8u5/2488/hotspot/src/share/vm/prims/jvm.cpp, line 1248]
Event: 20.235 Thread 0x00007fdf6cb26800 Exception <a 'java/security/PrivilegedActionException'> (0x00000007b565a678) thrown at [/HUDSON/workspace/8-2-build-macosx-x86_64/jdk8u5/2488/hotspot/src/share/vm/prims/jvm.cpp, line 1248]
Event: 20.235 Thread 0x00007fdf6cb26800 Exception <a 'java/security/PrivilegedActionException'> (0x00000007b565fff8) thrown at [/HUDSON/workspace/8-2-build-macosx-x86_64/jdk8u5/2488/hotspot/src/share/vm/prims/jvm.cpp, line 1248]

Events (10 events):
Event: 20.228 loading class org/codehaus/groovy/grails/orm/hibernate/HibernateGormValidationApiCustomizer
Event: 20.228 loading class org/codehaus/groovy/grails/orm/hibernate/HibernateGormValidationApiCustomizer done
Event: 20.228 loading class org/codehaus/groovy/grails/orm/hibernate/HibernateGormValidationApiCustomizer
Event: 20.228 loading class org/codehaus/groovy/grails/orm/hibernate/HibernateGormValidationApiCustomizer done
Event: 20.230 loading class groovy/runtime/metaclass/org/codehaus/groovy/grails/orm/hibernate/AbstractHibernateGormValidationApiMetaClass
Event: 20.230 loading class groovy/runtime/metaclass/org/codehaus/groovy/grails/orm/hibernate/AbstractHibernateGormValidationApiMetaClass done
Event: 20.232 loading class groovy/runtime/metaclass/org/grails/datastore/gorm/GormValidationApiMetaClass
Event: 20.232 loading class groovy/runtime/metaclass/org/grails/datastore/gorm/GormValidationApiMetaClass done
Event: 20.235 loading class groovy/runtime/metaclass/org/codehaus/groovy/grails/orm/hibernate/HibernateDatastoreMetaClass
Event: 20.235 loading class groovy/runtime/metaclass/org/codehaus/groovy/grails/orm/hibernate/HibernateDatastoreMetaClass done


Dynamic libraries:
0x000000000be71000 	/System/Library/Frameworks/Cocoa.framework/Versions/A/Cocoa
0x000000000be71000 	/System/Library/Frameworks/Security.framework/Versions/A/Security
0x000000000be71000 	/System/Library/Frameworks/ApplicationServices.framework/Versions/A/ApplicationServices
0x000000000be71000 	/usr/lib/libz.1.dylib
0x000000000be71000 	/usr/lib/libSystem.B.dylib
0x000000000be71000 	/usr/lib/libobjc.A.dylib
0x000000000be71000 	/System/Library/Frameworks/CoreFoundation.framework/Versions/A/CoreFoundation
0x000000000be71000 	/System/Library/Frameworks/Foundation.framework/Versions/C/Foundation
0x000000000be71000 	/System/Library/Frameworks/AppKit.framework/Versions/C/AppKit
0x000000000be71000 	/System/Library/Frameworks/CoreData.framework/Versions/A/CoreData
0x000000000be71000 	/System/Library/PrivateFrameworks/RemoteViewServices.framework/Versions/A/RemoteViewServices
0x000000000be71000 	/System/Library/Frameworks/AudioToolbox.framework/Versions/A/AudioToolbox
0x000000000be71000 	/System/Library/Frameworks/AudioUnit.framework/Versions/A/AudioUnit
0x000000000be71000 	/System/Library/PrivateFrameworks/DataDetectorsCore.framework/Versions/A/DataDetectorsCore
0x000000000be71000 	/System/Library/PrivateFrameworks/DesktopServicesPriv.framework/Versions/A/DesktopServicesPriv
0x000000000be71000 	/System/Library/Frameworks/Carbon.framework/Versions/A/Frameworks/HIToolbox.framework/Versions/A/HIToolbox
0x000000000be71000 	/System/Library/Frameworks/QuartzCore.framework/Versions/A/QuartzCore
0x000000000be71000 	/System/Library/Frameworks/Carbon.framework/Versions/A/Frameworks/SpeechRecognition.framework/Versions/A/SpeechRecognition
0x000000000be71000 	/usr/lib/libauto.dylib
0x000000000be71000 	/usr/lib/libicucore.A.dylib
0x000000000be71000 	/usr/lib/libxml2.2.dylib
0x000000000be71000 	/System/Library/PrivateFrameworks/CoreUI.framework/Versions/A/CoreUI
0x000000000be71000 	/System/Library/Frameworks/CoreAudio.framework/Versions/A/CoreAudio
0x000000000be71000 	/System/Library/Frameworks/DiskArbitration.framework/Versions/A/DiskArbitration
0x000000000be71000 	/usr/lib/liblangid.dylib
0x000000000be71000 	/System/Library/PrivateFrameworks/MultitouchSupport.framework/Versions/A/MultitouchSupport
0x000000000be71000 	/System/Library/Frameworks/IOKit.framework/Versions/A/IOKit
0x000000000be71000 	/usr/lib/libDiagnosticMessagesClient.dylib
0x000000000be71000 	/System/Library/Frameworks/CoreServices.framework/Versions/A/CoreServices
0x000000000be71000 	/System/Library/PrivateFrameworks/PerformanceAnalysis.framework/Versions/A/PerformanceAnalysis
0x000000000be71000 	/System/Library/PrivateFrameworks/GenerationalStorage.framework/Versions/A/GenerationalStorage
0x000000000be71000 	/System/Library/Frameworks/OpenGL.framework/Versions/A/OpenGL
0x000000000be71000 	/System/Library/PrivateFrameworks/Sharing.framework/Versions/A/Sharing
0x000000000be71000 	/System/Library/Frameworks/ImageIO.framework/Versions/A/ImageIO
0x000000000be71000 	/System/Library/Frameworks/CoreText.framework/Versions/A/CoreText
0x000000000be71000 	/System/Library/Frameworks/CoreGraphics.framework/Versions/A/CoreGraphics
0x000000000be71000 	/System/Library/PrivateFrameworks/Backup.framework/Versions/A/Backup
0x000000000be71000 	/System/Library/Frameworks/CFNetwork.framework/Versions/A/CFNetwork
0x000000000be71000 	/System/Library/Frameworks/SystemConfiguration.framework/Versions/A/SystemConfiguration
0x000000000be71000 	/usr/lib/libCRFSuite.dylib
0x000000000be71000 	/usr/lib/libc++.1.dylib
0x000000000be71000 	/usr/lib/libc++abi.dylib
0x000000000be71000 	/usr/lib/system/libcache.dylib
0x000000000be71000 	/usr/lib/system/libcommonCrypto.dylib
0x000000000be71000 	/usr/lib/system/libcompiler_rt.dylib
0x000000000be71000 	/usr/lib/system/libcopyfile.dylib
0x000000000be71000 	/usr/lib/system/libcorecrypto.dylib
0x000000000be71000 	/usr/lib/system/libdispatch.dylib
0x000000000be71000 	/usr/lib/system/libdyld.dylib
0x000000000be71000 	/usr/lib/system/libkeymgr.dylib
0x000000000be71000 	/usr/lib/system/liblaunch.dylib
0x000000000be71000 	/usr/lib/system/libmacho.dylib
0x000000000be71000 	/usr/lib/system/libquarantine.dylib
0x000000000be71000 	/usr/lib/system/libremovefile.dylib
0x000000000be71000 	/usr/lib/system/libsystem_asl.dylib
0x000000000be71000 	/usr/lib/system/libsystem_blocks.dylib
0x000000000be71000 	/usr/lib/system/libsystem_c.dylib
0x000000000be71000 	/usr/lib/system/libsystem_configuration.dylib
0x000000000be71000 	/usr/lib/system/libsystem_dnssd.dylib
0x000000000be71000 	/usr/lib/system/libsystem_info.dylib
0x000000000be71000 	/usr/lib/system/libsystem_kernel.dylib
0x000000000be71000 	/usr/lib/system/libsystem_m.dylib
0x000000000be71000 	/usr/lib/system/libsystem_malloc.dylib
0x000000000be71000 	/usr/lib/system/libsystem_network.dylib
0x000000000be71000 	/usr/lib/system/libsystem_notify.dylib
0x000000000be71000 	/usr/lib/system/libsystem_platform.dylib
0x000000000be71000 	/usr/lib/system/libsystem_pthread.dylib
0x000000000be71000 	/usr/lib/system/libsystem_sandbox.dylib
0x000000000be71000 	/usr/lib/system/libsystem_stats.dylib
0x000000000be71000 	/usr/lib/system/libunc.dylib
0x000000000be71000 	/usr/lib/system/libunwind.dylib
0x000000000be71000 	/usr/lib/system/libxpc.dylib
0x000000000be71000 	/usr/lib/libbsm.0.dylib
0x000000000be71000 	/usr/lib/libsqlite3.dylib
0x000000000be71000 	/usr/lib/libxar.1.dylib
0x000000000be71000 	/usr/lib/libpam.2.dylib
0x000000000be71000 	/usr/lib/libOpenScriptingUtil.dylib
0x000000000be71000 	/usr/lib/libbz2.1.0.dylib
0x000000000be71000 	/System/Library/Frameworks/CoreServices.framework/Versions/A/Frameworks/CarbonCore.framework/Versions/A/CarbonCore
0x000000000be71000 	/System/Library/Frameworks/CoreServices.framework/Versions/A/Frameworks/Metadata.framework/Versions/A/Metadata
0x000000000be71000 	/System/Library/Frameworks/CoreServices.framework/Versions/A/Frameworks/OSServices.framework/Versions/A/OSServices
0x000000000be71000 	/System/Library/Frameworks/CoreServices.framework/Versions/A/Frameworks/SearchKit.framework/Versions/A/SearchKit
0x000000000be71000 	/System/Library/Frameworks/CoreServices.framework/Versions/A/Frameworks/AE.framework/Versions/A/AE
0x000000000be71000 	/System/Library/Frameworks/CoreServices.framework/Versions/A/Frameworks/LaunchServices.framework/Versions/A/LaunchServices
0x000000000be71000 	/System/Library/Frameworks/CoreServices.framework/Versions/A/Frameworks/DictionaryServices.framework/Versions/A/DictionaryServices
0x000000000be71000 	/System/Library/Frameworks/NetFS.framework/Versions/A/NetFS
0x000000000be71000 	/usr/lib/system/libkxld.dylib
0x000000000be71000 	/System/Library/PrivateFrameworks/NetAuth.framework/Versions/A/NetAuth
0x000000000be71000 	/System/Library/PrivateFrameworks/TCC.framework/Versions/A/TCC
0x000000000be71000 	/System/Library/Frameworks/OpenDirectory.framework/Versions/A/Frameworks/CFOpenDirectory.framework/Versions/A/CFOpenDirectory
0x000000000be71000 	/System/Library/Frameworks/ServiceManagement.framework/Versions/A/ServiceManagement
0x000000000be71000 	/usr/lib/libxslt.1.dylib
0x000000000be71000 	/System/Library/Frameworks/Carbon.framework/Versions/A/Frameworks/Ink.framework/Versions/A/Ink
0x000000000be71000 	/System/Library/Frameworks/ApplicationServices.framework/Versions/A/Frameworks/ATS.framework/Versions/A/ATS
0x000000000be71000 	/System/Library/Frameworks/ApplicationServices.framework/Versions/A/Frameworks/ColorSync.framework/Versions/A/ColorSync
0x000000000be71000 	/System/Library/Frameworks/ApplicationServices.framework/Versions/A/Frameworks/HIServices.framework/Versions/A/HIServices
0x000000000be71000 	/System/Library/Frameworks/ApplicationServices.framework/Versions/A/Frameworks/LangAnalysis.framework/Versions/A/LangAnalysis
0x000000000be71000 	/System/Library/Frameworks/ApplicationServices.framework/Versions/A/Frameworks/PrintCore.framework/Versions/A/PrintCore
0x000000000be71000 	/System/Library/Frameworks/ApplicationServices.framework/Versions/A/Frameworks/QD.framework/Versions/A/QD
0x000000000be71000 	/System/Library/Frameworks/ApplicationServices.framework/Versions/A/Frameworks/SpeechSynthesis.framework/Versions/A/SpeechSynthesis
0x000000000be71000 	/System/Library/Frameworks/IOSurface.framework/Versions/A/IOSurface
0x000000000be71000 	/System/Library/Frameworks/Accelerate.framework/Versions/A/Accelerate
0x000000000be71000 	/System/Library/Frameworks/Accelerate.framework/Versions/A/Frameworks/vImage.framework/Versions/A/vImage
0x000000000be71000 	/System/Library/Frameworks/Accelerate.framework/Versions/A/Frameworks/vecLib.framework/Versions/A/vecLib
0x000000000be71000 	/System/Library/Frameworks/Accelerate.framework/Versions/A/Frameworks/vecLib.framework/Versions/A/libvDSP.dylib
0x000000000be71000 	/System/Library/Frameworks/Accelerate.framework/Versions/A/Frameworks/vecLib.framework/Versions/A/libvMisc.dylib
0x000000000be71000 	/System/Library/Frameworks/Accelerate.framework/Versions/A/Frameworks/vecLib.framework/Versions/A/libLAPACK.dylib
0x000000000be71000 	/System/Library/Frameworks/Accelerate.framework/Versions/A/Frameworks/vecLib.framework/Versions/A/libBLAS.dylib
0x000000000be71000 	/System/Library/Frameworks/ApplicationServices.framework/Versions/A/Frameworks/ATS.framework/Versions/A/Resources/libFontParser.dylib
0x000000000be71000 	/System/Library/Frameworks/ApplicationServices.framework/Versions/A/Frameworks/ATS.framework/Versions/A/Resources/libFontRegistry.dylib
0x000000000be71000 	/System/Library/Frameworks/ImageIO.framework/Versions/A/Resources/libJPEG.dylib
0x000000000be71000 	/System/Library/Frameworks/ImageIO.framework/Versions/A/Resources/libTIFF.dylib
0x000000000be71000 	/System/Library/Frameworks/ImageIO.framework/Versions/A/Resources/libPng.dylib
0x000000000be71000 	/System/Library/Frameworks/ImageIO.framework/Versions/A/Resources/libGIF.dylib
0x000000000be71000 	/System/Library/Frameworks/ImageIO.framework/Versions/A/Resources/libJP2.dylib
0x000000000be71000 	/System/Library/Frameworks/ImageIO.framework/Versions/A/Resources/libRadiance.dylib
0x000000000be71000 	/usr/lib/libcups.2.dylib
0x000000000be71000 	/System/Library/Frameworks/Kerberos.framework/Versions/A/Kerberos
0x000000000be71000 	/System/Library/Frameworks/GSS.framework/Versions/A/GSS
0x000000000be71000 	/usr/lib/libresolv.9.dylib
0x000000000be71000 	/usr/lib/libiconv.2.dylib
0x000000000be71000 	/System/Library/PrivateFrameworks/Heimdal.framework/Versions/A/Heimdal
0x000000000be71000 	/System/Library/PrivateFrameworks/TrustEvaluationAgent.framework/Versions/A/TrustEvaluationAgent
0x000000000be71000 	/usr/lib/libheimdal-asn1.dylib
0x000000000be71000 	/System/Library/Frameworks/OpenDirectory.framework/Versions/A/OpenDirectory
0x000000000be71000 	/System/Library/PrivateFrameworks/CommonAuth.framework/Versions/A/CommonAuth
0x000000000be71000 	/System/Library/Frameworks/SecurityFoundation.framework/Versions/A/SecurityFoundation
0x000000000be71000 	/System/Library/PrivateFrameworks/Bom.framework/Versions/A/Bom
0x000000000be71000 	/System/Library/Frameworks/CoreVideo.framework/Versions/A/CoreVideo
0x000000000be71000 	/System/Library/Frameworks/QuartzCore.framework/Versions/A/Frameworks/CoreImage.framework/Versions/A/CoreImage
0x000000000be71000 	/System/Library/Frameworks/QuartzCore.framework/Versions/A/Frameworks/ScalableUserInterface.framework/Versions/A/ScalableUserInterface
0x000000000be71000 	/System/Library/Frameworks/OpenGL.framework/Versions/A/Libraries/libGLU.dylib
0x000000000be71000 	/System/Library/Frameworks/OpenGL.framework/Versions/A/Libraries/libGFXShared.dylib
0x000000000be71000 	/System/Library/Frameworks/OpenGL.framework/Versions/A/Libraries/libGL.dylib
0x000000000be71000 	/System/Library/Frameworks/OpenGL.framework/Versions/A/Libraries/libGLImage.dylib
0x000000000be71000 	/System/Library/Frameworks/OpenGL.framework/Versions/A/Libraries/libCVMSPluginSupport.dylib
0x000000000be71000 	/System/Library/Frameworks/OpenGL.framework/Versions/A/Libraries/libCoreVMClient.dylib
0x000000000be71000 	/System/Library/PrivateFrameworks/FaceCore.framework/Versions/A/FaceCore
0x000000000be71000 	/System/Library/PrivateFrameworks/CrashReporterSupport.framework/Versions/A/CrashReporterSupport
0x000000000be71000 	/System/Library/Frameworks/OpenCL.framework/Versions/A/OpenCL
0x000000000be71000 	/System/Library/PrivateFrameworks/AppleFSCompression.framework/Versions/A/AppleFSCompression
0x000000000be71000 	/System/Library/PrivateFrameworks/Ubiquity.framework/Versions/A/Ubiquity
0x000000000be71000 	/System/Library/PrivateFrameworks/IconServices.framework/Versions/A/IconServices
0x000000000be71000 	/System/Library/PrivateFrameworks/ChunkingLibrary.framework/Versions/A/ChunkingLibrary
0x000000000be71000 	/System/Library/PrivateFrameworks/CoreSymbolication.framework/Versions/A/CoreSymbolication
0x000000000be71000 	/System/Library/PrivateFrameworks/Symbolication.framework/Versions/A/Symbolication
0x000000000be71000 	/System/Library/PrivateFrameworks/DebugSymbols.framework/Versions/A/DebugSymbols
0x0000000102200000 	/Library/Java/JavaVirtualMachines/jdk1.8.0_05.jdk/Contents/Home/jre/lib/server/libjvm.dylib
0x000000000be71000 	/usr/lib/libstdc++.6.dylib
0x0000000101192000 	/Library/Java/JavaVirtualMachines/jdk1.8.0_05.jdk/Contents/Home/jre/lib/libverify.dylib
0x00000001011a0000 	/Library/Java/JavaVirtualMachines/jdk1.8.0_05.jdk/Contents/Home/jre/lib/libjava.dylib
0x00000001011d5000 	/Library/Java/JavaVirtualMachines/jdk1.8.0_05.jdk/Contents/Home/jre/lib/libinstrument.dylib
0x00000001030f9000 	/Library/Java/JavaVirtualMachines/jdk1.8.0_05.jdk/Contents/Home/jre/lib/libzip.dylib
0x0000000117316000 	/System/Library/Frameworks/JavaVM.framework/Frameworks/JavaRuntimeSupport.framework/JavaRuntimeSupport
0x000000011732e000 	/System/Library/Frameworks/JavaVM.framework/Versions/A/Frameworks/JavaNativeFoundation.framework/Versions/A/JavaNativeFoundation
0x0000000117343000 	/System/Library/Frameworks/JavaVM.framework/Versions/A/JavaVM
0x000000000be71000 	/System/Library/Frameworks/Carbon.framework/Versions/A/Carbon
0x0000000117350000 	/System/Library/PrivateFrameworks/JavaLaunching.framework/Versions/A/JavaLaunching
0x000000000be71000 	/System/Library/Frameworks/Carbon.framework/Versions/A/Frameworks/CommonPanels.framework/Versions/A/CommonPanels
0x000000000be71000 	/System/Library/Frameworks/Carbon.framework/Versions/A/Frameworks/Help.framework/Versions/A/Help
0x000000000be71000 	/System/Library/Frameworks/Carbon.framework/Versions/A/Frameworks/ImageCapture.framework/Versions/A/ImageCapture
0x000000000be71000 	/System/Library/Frameworks/Carbon.framework/Versions/A/Frameworks/OpenScripting.framework/Versions/A/OpenScripting
0x000000000be71000 	/System/Library/Frameworks/Carbon.framework/Versions/A/Frameworks/Print.framework/Versions/A/Print
0x000000000be71000 	/System/Library/Frameworks/Carbon.framework/Versions/A/Frameworks/SecurityHI.framework/Versions/A/SecurityHI
0x0000000117e47000 	/private/var/folders/h2/mqnxd4lx2qgd39cprjyyt77w0000gn/T/libjansi-64-22361029939499466.jnilib
0x0000000118462000 	/Library/Java/JavaVirtualMachines/jdk1.8.0_05.jdk/Contents/Home/jre/lib/libnet.dylib
0x0000000118478000 	/Library/Java/JavaVirtualMachines/jdk1.8.0_05.jdk/Contents/Home/jre/lib/libmanagement.dylib
0x00000001184dc000 	/Library/Java/JavaVirtualMachines/jdk1.8.0_05.jdk/Contents/Home/jre/lib/libnio.dylib

VM Arguments:
jvm_args: -Dfile.encoding=UTF-8 -Xmx768M -Xms64M -Dgrails.fork.parent.process.port=54144 -Dgrails.fork.active=true -Dgrails.build.execution.context=/private/var/folders/h2/mqnxd4lx2qgd39cprjyyt77w0000gn/T/Paapillon_v7-master4401593686683559790grails-execution-context -Dgrails.home=/Users/noreen/Downloads/ggts-bundle/grails-2.4.3 -javaagent:/Users/noreen/Downloads/ggts-bundle/grails-2.4.3/lib/org.springframework/springloaded/jars/springloaded-1.2.0.RELEASE.jar -Xverify:none -Dspringloaded.synchronize=true -Djdk.reflect.allowGetCallerClass=true -Dspringloaded=profile=grails;cacheDir=/Users/noreen/.grails/2.4.3 
java_command: org.grails.plugins.tomcat.fork.ForkedTomcatServer
java_class_path (initial): /Library/Java/JavaVirtualMachines/jdk1.8.0_05.jdk/Contents/Home/lib/tools.jar:/Users/noreen/Downloads/ggts-bundle/grails-2.4.3/lib/org.codehaus.groovy/groovy-all/jars/groovy-all-2.3.6.jar:/Users/noreen/Downloads/ggts-bundle/grails-2.4.3/lib/org.slf4j/jcl-over-slf4j/jars/jcl-over-slf4j-1.7.5.jar:/Users/noreen/Downloads/ggts-bundle/grails-2.4.3/lib/org.codehaus.gant/gant_groovy1.8/jars/gant_groovy1.8-1.9.6.jar:/Users/noreen/Downloads/ggts-bundle/grails-2.4.3/lib/org.apache.tomcat.embed/tomcat-embed-logging-log4j/jars/tomcat-embed-logging-log4j-7.0.50.jar:/Users/noreen/Downloads/ggts-bundle/grails-2.4.3/dist/grails-plugin-log4j-2.4.3.jar:/Users/noreen/Downloads/ggts-bundle/grails-2.4.3/lib/log4j/log4j/jars/log4j-1.2.17.jar:/Users/noreen/Downloads/ggts-bundle/grails-2.4.3/dist/grails-bootstrap-2.4.3.jar:/Users/noreen/Downloads/ggts-bundle/grails-2.4.3/lib/org.slf4j/slf4j-api/jars/slf4j-api-1.7.5.jar:/Users/noreen/Downloads/ggts-bundle/grails-2.4.3/lib/jline/jline/jars/jline-2.12.jar:/Users/noreen/Downloads/ggts-bundle/grails-2.4.3/lib/org.apache.ant/ant/jars/ant-1.8.4.jar:/Users/noreen/Downloads/ggts-bundle/grails-2.4.3/lib/org.apache.ant/ant-launcher/jars/ant-launcher-1.8.4.jar:/Users/noreen/Downloads/ggts-bundle/grails-2.4.3/lib/org.apache.ant/ant-trax/jars/ant-trax-1.7.1.jar:/Users/noreen/Downloads/ggts-bundle/grails-2.4.3/lib/org.apache.ant/ant-junit/jars/ant-junit-1.8.4.jar:/Users/noreen/Downloads/ggts-bundle/grails-2.4.3/lib/org.apache.ivy/ivy/jars/ivy-2.3.0.jar:/Users/noreen/Downloads/ggts-bundle/grails-2.4.3/lib/org.fusesource.jansi/jansi/jars/jansi-1.11.jar:/Users/noreen/.m2/repository/org/apache/tomcat/tomcat-catalina-ant/7.0.55/tomcat-catalina-ant-7.0.55.jar:/Users/noreen/.m2/repository/org/apache/tomcat/embed/tomcat-embed-jasper/7.0.55/tomcat-embed-jasper-7.0.55.jar:/Users/noreen/.m2/repository/org/apache/tomcat/embed/tomcat-embed-el/7.0.55/tomcat-embed-el-7.0.55.jar:/Users/noreen/.m2/repository/org/apache/tomcat/embed/tomcat-emb
Launcher Type: SUN_STANDARD

Environment Variables:
JAVA_HOME=/Library/Java/JavaVirtualMachines/jdk1.8.0_05.jdk/Contents/Home
PATH=/usr/bin:/bin:/usr/sbin:/sbin
SHELL=/bin/bash
DISPLAY=/tmp/launch-JOeKHD/org.macosforge.xquartz:0

Signal Handlers:
SIGSEGV: [libjvm.dylib+0x55f7df], sa_mask[0]=0xfffefeff, sa_flags=0x00000043
SIGBUS: [libjvm.dylib+0x55f7df], sa_mask[0]=0xfffefeff, sa_flags=0x00000042
SIGFPE: [libjvm.dylib+0x442cfa], sa_mask[0]=0xfffefeff, sa_flags=0x00000042
SIGPIPE: [libjvm.dylib+0x442cfa], sa_mask[0]=0xfffefeff, sa_flags=0x00000042
SIGXFSZ: [libjvm.dylib+0x442cfa], sa_mask[0]=0xfffefeff, sa_flags=0x00000042
SIGILL: [libjvm.dylib+0x442cfa], sa_mask[0]=0xfffefeff, sa_flags=0x00000042
SIGUSR1: SIG_DFL, sa_mask[0]=0x00000000, sa_flags=0x00000002
SIGUSR2: [libjvm.dylib+0x442818], sa_mask[0]=0x00000004, sa_flags=0x00000042
SIGHUP: [libjvm.dylib+0x440ba5], sa_mask[0]=0xfffefeff, sa_flags=0x00000042
SIGINT: [libjvm.dylib+0x440ba5], sa_mask[0]=0xfffefeff, sa_flags=0x00000042
SIGTERM: [libjvm.dylib+0x440ba5], sa_mask[0]=0xfffefeff, sa_flags=0x00000042
SIGQUIT: [libjvm.dylib+0x440ba5], sa_mask[0]=0xfffefeff, sa_flags=0x00000042


---------------  S Y S T E M  ---------------

OS:Bsduname:Darwin 13.3.0 Darwin Kernel Version 13.3.0: Tue Jun  3 21:27:35 PDT 2014; root:xnu-2422.110.17~1/RELEASE_X86_64 x86_64
rlimit: STACK 8192k, CORE 0k, NPROC 709, NOFILE 10240, AS infinity
load average:3.60 3.03 2.67

CPU:total 8 (4 cores per cpu, 2 threads per core) family 6 model 58 stepping 9, cmov, cx8, fxsr, mmx, sse, sse2, sse3, ssse3, sse4.1, sse4.2, popcnt, avx, aes, clmul, erms, ht, tsc, tscinvbit

Memory: 4k page, physical 4194304k(132220k free)

/proc/meminfo:


vm_info: Java HotSpot(TM) 64-Bit Server VM (25.5-b02) for bsd-amd64 JRE (1.8.0_05-b13), built on Mar 18 2014 00:36:13 by "java_re" with gcc 4.2.1 (Based on Apple Inc. build 5658) (LLVM build 2336.11.00)

time: Wed Nov  5 18:20:23 2014
elapsed time: 20 seconds

