#
# A fatal error has been detected by the Java Runtime Environment:
#
#  SIGSEGV (0xb) at pc=0x000000010c8d02f0, pid=1751, tid=20227
#
# JRE version: Java(TM) SE Runtime Environment (8.0_05-b13) (build 1.8.0_05-b13)
# Java VM: Java HotSpot(TM) 64-Bit Server VM (25.5-b02 mixed mode bsd-amd64 compressed oops)
# Problematic frame:
# V  [libjvm.dylib+0xd02f0]  OopFlow::build_oop_map(Node*, int, PhaseRegAlloc*, int*)+0xd2
#
# Failed to write core dump. Core dumps have been disabled. To enable core dumping, try "ulimit -c unlimited" before starting Java again
#
# If you would like to submit a bug report, please visit:
#   http://bugreport.sun.com/bugreport/crash.jsp
#

---------------  T H R E A D  ---------------

Current thread (0x00007fcf47015800):  JavaThread "C2 CompilerThread0" daemon [_thread_in_native, id=20227, stack(0x0000000121dd7000,0x0000000121ed7000)]

siginfo:si_signo=SIGSEGV: si_errno=0, si_code=1 (SEGV_MAPERR), si_addr=0x0000000000000000

Registers:
RAX=0x00007fcf47c034d8, RBX=0x00007fcf483fdb38, RCX=0x0000000000000000, RDX=0x0000000000000008
RSP=0x0000000121ed3870, RBP=0x0000000121ed38e0, RSI=0x000000000000001c, RDI=0x0000000000000000
R8 =0x00007fcf485e27f0, R9 =0x00007fcf47a47f28, R10=0x0000000000000068, R11=0x00000000000008d0
R12=0x0000000000000000, R13=0x0000000000000013, R14=0x00007fcf483fdb38, R15=0x00000000000000c0
RIP=0x000000010c8d02f0, EFLAGS=0x0000000000010206, ERR=0x0000000000000004
  TRAPNO=0x000000000000000e

Top of Stack: (sp=0x0000000121ed3870)
0x0000000121ed3870:   0000000121ed38e0 00000000000000da
0x0000000121ed3880:   00007fcf485e27f0 00007fcf486ab870
0x0000000121ed3890:   00007fcf47c03bb0 0000001c00000008
0x0000000121ed38a0:   0000000121ed4550 00007fcf47c03be0
0x0000000121ed38b0:   00000000000000b8 00007fcf47c03bb0
0x0000000121ed38c0:   0000000000000012 0000000000000013
0x0000000121ed38d0:   00007fcf483fdb38 00007fcf47c0ffff
0x0000000121ed38e0:   0000000121ed3940 000000010c8d000d
0x0000000121ed38f0:   0000000121ed3940 000000da21ed5fd0
0x0000000121ed3900:   00007fcf485de440 0000000a47c034d0
0x0000000121ed3910:   0000000121ed4550 00007fcf47a486a8
0x0000000121ed3920:   00007fcf47c03bb0 0000000000000004
0x0000000121ed3930:   00007fcf47c00650 00007fcf47c032e0
0x0000000121ed3940:   0000000121ed3a40 000000010c8d0f3b
0x0000000121ed3950:   00000000014cba00 0000000000000007
0x0000000121ed3960:   0000000000000007 00007fcf485e0694
0x0000000121ed3970:   00000000000000da 000000000000001c
0x0000000121ed3980:   00007fcf485e0694 00007fcf4530aba0
0x0000000121ed3990:   0000000121ed5fd0 0000000000000007
0x0000000121ed39a0:   00007fcf485e0694 0000000000000007
0x0000000121ed39b0:   ffffffffffffffff 0000000121ed4680
0x0000000121ed39c0:   00007fcf47a47f28 00007fcf485de440
0x0000000121ed39d0:   00000000000006d0 00000000000001b4
0x0000000121ed39e0:   0000000000000000 0000000100000080
0x0000000121ed39f0:   00007fcf4530aba0 00007fcf485e0a90
0x0000000121ed3a00:   00007fcf00000004 0000000000000014
0x0000000121ed3a10:   0000000000000000 0000000121ed5fd0
0x0000000121ed3a20:   0000000121ed4680 00000000000009eb
0x0000000121ed3a30:   00007fcf485db010 0000000121ed6798
0x0000000121ed3a40:   0000000121ed3a90 000000010cc4b7d8
0x0000000121ed3a50:   00007fcf483fcf80 00007fcf47a42918
0x0000000121ed3a60:   0000000121ed6140 0000000121ed5fd0 

Instructions: (pc=0x000000010c8d02f0)
0x000000010c8d02d0:   00 00 44 89 ff 8b 75 bc 8b 55 b8 e8 fa 0c 00 00
0x000000010c8d02e0:   48 89 45 d0 48 8b 45 b0 48 8b 40 08 4e 8b 24 f8
0x000000010c8d02f0:   49 8b 04 24 4c 89 e7 ff 50 28 48 63 48 10 48 89
0x000000010c8d0300:   ca 48 c1 e2 05 48 8d 35 74 8a 6f 00 80 7c 16 10 

Register to memory mapping:

RAX=0x00007fcf47c034d8 is an unknown value
RBX=0x00007fcf483fdb38 is an unknown value
RCX=0x0000000000000000 is an unknown value
RDX=0x0000000000000008 is an unknown value
RSP=0x0000000121ed3870 is pointing into the stack for thread: 0x00007fcf47015800
RBP=0x0000000121ed38e0 is pointing into the stack for thread: 0x00007fcf47015800
RSI=0x000000000000001c is an unknown value
RDI=0x0000000000000000 is an unknown value
R8 =0x00007fcf485e27f0 is an unknown value
R9 =0x00007fcf47a47f28 is an unknown value
R10=0x0000000000000068 is an unknown value
R11=0x00000000000008d0 is an unknown value
R12=0x0000000000000000 is an unknown value
R13=0x0000000000000013 is an unknown value
R14=0x00007fcf483fdb38 is an unknown value
R15=0x00000000000000c0 is an unknown value


Stack: [0x0000000121dd7000,0x0000000121ed7000],  sp=0x0000000121ed3870,  free space=1010k
Native frames: (J=compiled Java code, j=interpreted, Vv=VM code, C=native code)
V  [libjvm.dylib+0xd02f0]  OopFlow::build_oop_map(Node*, int, PhaseRegAlloc*, int*)+0xd2
V  [libjvm.dylib+0xd000d]  OopFlow::compute_reach(PhaseRegAlloc*, int, Dict*)+0xa9
V  [libjvm.dylib+0xd0f3b]  Compile::BuildOopMaps()+0x92d
V  [libjvm.dylib+0x44b7d8]  Compile::Output()+0x40c
V  [libjvm.dylib+0x19d040]  Compile::Code_Gen()+0x21a
V  [libjvm.dylib+0x1a0a7b]  Compile::Compile(ciEnv*, C2Compiler*, ciMethod*, int, bool, bool, bool)+0x905
V  [libjvm.dylib+0x143eb2]  C2Compiler::compile_method(ciEnv*, ciMethod*, int)+0xac
V  [libjvm.dylib+0x1a431c]  CompileBroker::invoke_compiler_on_method(CompileTask*)+0x5b2
V  [libjvm.dylib+0x1a642b]  CompileBroker::compiler_thread_loop()+0x2d5
V  [libjvm.dylib+0x51ccf5]  JavaThread::thread_main_inner()+0x9b
V  [libjvm.dylib+0x51e432]  JavaThread::run()+0x1c2
V  [libjvm.dylib+0x445426]  java_start(Thread*)+0xf6
C  [libsystem_pthread.dylib+0x1899]  _pthread_body+0x8a
C  [libsystem_pthread.dylib+0x172a]  _pthread_struct_init+0x0
C  [libsystem_pthread.dylib+0x5fc9]  thread_start+0xd


Current CompileTask:
C2:  23970 6052       4       groovy.lang.MetaClassImpl::findPropertyMethod (356 bytes)


---------------  P R O C E S S  ---------------

Java Threads: ( => current thread )
  0x00007fcf43c02000 JavaThread "net.sf.ehcache.CacheManager@66364830" daemon [_thread_blocked, id=15623, stack(0x000000012446a000,0x000000012456a000)]
  0x00007fcf431e0800 JavaThread "PoolCleaner[1947020920:1414374516445]" daemon [_thread_blocked, id=17675, stack(0x000000012601d000,0x000000012611d000)]
  0x00007fcf46a50800 JavaThread "FileSystemWatcher: files=#145 cl=groovy.lang.GroovyClassLoader@740d2e78" daemon [_thread_blocked, id=26371, stack(0x0000000124676000,0x0000000124776000)]
  0x00007fcf43dcd000 JavaThread "localhost-startStop-1" daemon [_thread_in_native, id=25859, stack(0x0000000123ec6000,0x0000000123fc6000)]
  0x00007fcf477f7800 JavaThread "Tomcat-startStop-1" daemon [_thread_blocked, id=25347, stack(0x0000000124e2a000,0x0000000124f2a000)]
  0x00007fcf462d9800 JavaThread "Thread-3" [_thread_in_native, id=24835, stack(0x0000000124b27000,0x0000000124c27000)]
  0x00007fcf43b17800 JavaThread "Thread-2" [_thread_blocked, id=24323, stack(0x0000000123c2a000,0x0000000123d2a000)]
  0x00007fcf431ef000 JavaThread "NonBlockingInputStreamThread" daemon [_thread_blocked, id=23811, stack(0x00000001229e5000,0x0000000122ae5000)]
  0x00007fcf4685f000 JavaThread "process reaper" daemon [_thread_blocked, id=23299, stack(0x00000001224e6000,0x000000012250e000)]
  0x00007fcf4305c800 JavaThread "Service Thread" daemon [_thread_blocked, id=22275, stack(0x00000001221e3000,0x00000001222e3000)]
  0x00007fcf4382b000 JavaThread "C1 CompilerThread3" daemon [_thread_blocked, id=21763, stack(0x00000001220e0000,0x00000001221e0000)]
  0x00007fcf4382a800 JavaThread "C2 CompilerThread2" daemon [_thread_blocked, id=21251, stack(0x0000000121fdd000,0x00000001220dd000)]
  0x00007fcf43829800 JavaThread "C2 CompilerThread1" daemon [_thread_in_native, id=20739, stack(0x0000000121eda000,0x0000000121fda000)]
=>0x00007fcf47015800 JavaThread "C2 CompilerThread0" daemon [_thread_in_native, id=20227, stack(0x0000000121dd7000,0x0000000121ed7000)]
  0x00007fcf46800000 JavaThread "Signal Dispatcher" daemon [_thread_blocked, id=19715, stack(0x0000000121af5000,0x0000000121bf5000)]
  0x00007fcf46005000 JavaThread "Finalizer" daemon [_thread_blocked, id=14595, stack(0x00000001218a6000,0x00000001219a6000)]
  0x00007fcf46004000 JavaThread "Reference Handler" daemon [_thread_blocked, id=14083, stack(0x00000001217a3000,0x00000001218a3000)]
  0x00007fcf45800800 JavaThread "main" [_thread_blocked, id=6403, stack(0x000000010d6c1000,0x000000010d7c1000)]

Other Threads:
  0x00007fcf43810800 VMThread [stack: 0x00000001216a0000,0x00000001217a0000] [id=13571]
  0x00007fcf4300a800 WatcherThread [stack: 0x00000001222e6000,0x00000001223e6000] [id=22787]

VM state:not at safepoint (normal execution)

VM Mutex/Monitor currently owned by a thread: None

Heap:
 PSYoungGen      total 205312K, used 138505K [0x00000007b0000000, 0x00000007c0000000, 0x00000007c0000000)
  eden space 157696K, 63% used [0x00000007b0000000,0x00000007b624c6b0,0x00000007b9a00000)
  from space 47616K, 79% used [0x00000007bd180000,0x00000007bf675f38,0x00000007c0000000)
  to   space 52224K, 0% used [0x00000007b9a00000,0x00000007b9a00000,0x00000007bcd00000)
 ParOldGen       total 87552K, used 76351K [0x0000000790000000, 0x0000000795580000, 0x00000007b0000000)
  object space 87552K, 87% used [0x0000000790000000,0x0000000794a8feb8,0x0000000795580000)
 Metaspace       used 63558K, capacity 65420K, committed 65664K, reserved 1107968K
  class space    used 7259K, capacity 7785K, committed 7808K, reserved 1048576K

Card table byte_map: [0x000000011cb83000,0x000000011cd04000] byte_map_base: 0x0000000118f03000

Marking Bits: (ParMarkBitMap*) 0x000000010d0660a0
 Begin Bits: [0x000000011d61c000, 0x000000011e21c000)
 End Bits:   [0x000000011e21c000, 0x000000011ee1c000)

Polling page: 0x000000010b765000

CodeCache: size=245760Kb used=21657Kb max_used=21669Kb free=224103Kb
 bounds [0x000000010d7c3000, 0x000000010ed03000, 0x000000011c7c3000]
 total_blobs=6288 nmethods=5548 adapters=652
 compilation: enabled

Compilation events (10 events):
Event: 23.630 Thread 0x00007fcf4382b000 6314   !   2       sun.reflect.GeneratedConstructorAccessor28::newInstance (49 bytes)
Event: 23.631 Thread 0x00007fcf4382b000 nmethod 6314 0x000000010ec8e410 code [0x000000010ec8e5a0, 0x000000010ec8e998]
Event: 23.638 Thread 0x00007fcf4382b000 6315       2       java.lang.ClassLoader::<init> (176 bytes)
Event: 23.640 Thread 0x00007fcf4382b000 nmethod 6315 0x000000010ec65510 code [0x000000010ec65720, 0x000000010ec662b8]
Event: 23.640 Thread 0x00007fcf4382b000 6317       2       java.util.regex.Matcher::find (69 bytes)
Event: 23.640 Thread 0x00007fcf4382b000 nmethod 6317 0x000000010ec65090 code [0x000000010ec65200, 0x000000010ec65428]
Event: 23.640 Thread 0x00007fcf4382b000 6316   !   2       java.lang.ClassLoader$ParallelLoaders::isRegistered (23 bytes)
Event: 23.640 Thread 0x00007fcf4382b000 nmethod 6316 0x000000010ec69e90 code [0x000000010ec6a000, 0x000000010ec6a328]
Event: 23.668 Thread 0x00007fcf4382b000 6318       2       groovy.lang.MetaMethod::isMethod (59 bytes)
Event: 23.669 Thread 0x00007fcf4382b000 nmethod 6318 0x000000010ec8dcd0 code [0x000000010ec8dec0, 0x000000010ec8e1f8]

GC Heap History (10 events):
Event: 20.343 GC heap before
{Heap before GC invocations=82 (full 5):
 PSYoungGen      total 226304K, used 225128K [0x00000007b0000000, 0x00000007c0000000, 0x00000007c0000000)
  eden space 199680K, 99% used [0x00000007b0000000,0x00000007bc1e07d0,0x00000007bc300000)
  from space 26624K, 99% used [0x00000007be600000,0x00000007bfff99e8,0x00000007c0000000)
  to   space 31232K, 0% used [0x00000007bc300000,0x00000007bc300000,0x00000007be180000)
 ParOldGen       total 75264K, used 66142K [0x0000000790000000, 0x0000000794980000, 0x00000007b0000000)
  object space 75264K, 87% used [0x0000000790000000,0x00000007940978d0,0x0000000794980000)
 Metaspace       used 58992K, capacity 60656K, committed 61184K, reserved 1103872K
  class space    used 6567K, capacity 7047K, committed 7168K, reserved 1048576K
Event: 20.365 GC heap after
Heap after GC invocations=82 (full 5):
 PSYoungGen      total 230912K, used 31227K [0x00000007b0000000, 0x00000007c0000000, 0x00000007c0000000)
  eden space 199680K, 0% used [0x00000007b0000000,0x00000007b0000000,0x00000007bc300000)
  from space 31232K, 99% used [0x00000007bc300000,0x00000007be17eef0,0x00000007be180000)
  to   space 31232K, 0% used [0x00000007be180000,0x00000007be180000,0x00000007c0000000)
 ParOldGen       total 75264K, used 71060K [0x0000000790000000, 0x0000000794980000, 0x00000007b0000000)
  object space 75264K, 94% used [0x0000000790000000,0x00000007945651a0,0x0000000794980000)
 Metaspace       used 58992K, capacity 60656K, committed 61184K, reserved 1103872K
  class space    used 6567K, capacity 7047K, committed 7168K, reserved 1048576K
}
Event: 20.365 GC heap before
{Heap before GC invocations=83 (full 6):
 PSYoungGen      total 230912K, used 31227K [0x00000007b0000000, 0x00000007c0000000, 0x00000007c0000000)
  eden space 199680K, 0% used [0x00000007b0000000,0x00000007b0000000,0x00000007bc300000)
  from space 31232K, 99% used [0x00000007bc300000,0x00000007be17eef0,0x00000007be180000)
  to   space 31232K, 0% used [0x00000007be180000,0x00000007be180000,0x00000007c0000000)
 ParOldGen       total 75264K, used 71060K [0x0000000790000000, 0x0000000794980000, 0x00000007b0000000)
  object space 75264K, 94% used [0x0000000790000000,0x00000007945651a0,0x0000000794980000)
 Metaspace       used 58992K, capacity 60656K, committed 61184K, reserved 1103872K
  class space    used 6567K, capacity 7047K, committed 7168K, reserved 1048576K
Event: 21.102 GC heap after
Heap after GC invocations=83 (full 6):
 PSYoungGen      total 230912K, used 25925K [0x00000007b0000000, 0x00000007c0000000, 0x00000007c0000000)
  eden space 199680K, 0% used [0x00000007b0000000,0x00000007b0000000,0x00000007bc300000)
  from space 31232K, 83% used [0x00000007bc300000,0x00000007bdc51600,0x00000007be180000)
  to   space 31232K, 0% used [0x00000007be180000,0x00000007be180000,0x00000007c0000000)
 ParOldGen       total 87552K, used 75108K [0x0000000790000000, 0x0000000795580000, 0x00000007b0000000)
  object space 87552K, 85% used [0x0000000790000000,0x0000000794959398,0x0000000795580000)
 Metaspace       used 58992K, capacity 60656K, committed 61184K, reserved 1103872K
  class space    used 6567K, capacity 7047K, committed 7168K, reserved 1048576K
}
Event: 21.950 GC heap before
{Heap before GC invocations=84 (full 6):
 PSYoungGen      total 230912K, used 225605K [0x00000007b0000000, 0x00000007c0000000, 0x00000007c0000000)
  eden space 199680K, 100% used [0x00000007b0000000,0x00000007bc300000,0x00000007bc300000)
  from space 31232K, 83% used [0x00000007bc300000,0x00000007bdc51600,0x00000007be180000)
  to   space 31232K, 0% used [0x00000007be180000,0x00000007be180000,0x00000007c0000000)
 ParOldGen       total 87552K, used 75108K [0x0000000790000000, 0x0000000795580000, 0x00000007b0000000)
  object space 87552K, 85% used [0x0000000790000000,0x0000000794959398,0x0000000795580000)
 Metaspace       used 59920K, capacity 61686K, committed 61824K, reserved 1103872K
  class space    used 6728K, capacity 7232K, committed 7296K, reserved 1048576K
Event: 21.975 GC heap after
Heap after GC invocations=84 (full 6):
 PSYoungGen      total 208384K, used 31212K [0x00000007b0000000, 0x00000007c0000000, 0x00000007c0000000)
  eden space 177152K, 0% used [0x00000007b0000000,0x00000007b0000000,0x00000007bad00000)
  from space 31232K, 99% used [0x00000007be180000,0x00000007bfffb1d0,0x00000007c0000000)
  to   space 42496K, 0% used [0x00000007bad00000,0x00000007bad00000,0x00000007bd680000)
 ParOldGen       total 87552K, used 76027K [0x0000000790000000, 0x0000000795580000, 0x00000007b0000000)
  object space 87552K, 86% used [0x0000000790000000,0x0000000794a3eea8,0x0000000795580000)
 Metaspace       used 59920K, capacity 61686K, committed 61824K, reserved 1103872K
  class space    used 6728K, capacity 7232K, committed 7296K, reserved 1048576K
}
Event: 22.922 GC heap before
{Heap before GC invocations=85 (full 6):
 PSYoungGen      total 208384K, used 208364K [0x00000007b0000000, 0x00000007c0000000, 0x00000007c0000000)
  eden space 177152K, 100% used [0x00000007b0000000,0x00000007bad00000,0x00000007bad00000)
  from space 31232K, 99% used [0x00000007be180000,0x00000007bfffb1d0,0x00000007c0000000)
  to   space 42496K, 0% used [0x00000007bad00000,0x00000007bad00000,0x00000007bd680000)
 ParOldGen       total 87552K, used 76027K [0x0000000790000000, 0x0000000795580000, 0x00000007b0000000)
  object space 87552K, 86% used [0x0000000790000000,0x0000000794a3eea8,0x0000000795580000)
 Metaspace       used 61202K, capacity 63042K, committed 63232K, reserved 1105920K
  class space    used 6874K, capacity 7391K, committed 7424K, reserved 1048576K
Event: 22.946 GC heap after
Heap after GC invocations=85 (full 6):
 PSYoungGen      total 214528K, used 37144K [0x00000007b0000000, 0x00000007c0000000, 0x00000007c0000000)
  eden space 177152K, 0% used [0x00000007b0000000,0x00000007b0000000,0x00000007bad00000)
  from space 37376K, 99% used [0x00000007bad00000,0x00000007bd1460c8,0x00000007bd180000)
  to   space 47616K, 0% used [0x00000007bd180000,0x00000007bd180000,0x00000007c0000000)
 ParOldGen       total 87552K, used 76343K [0x0000000790000000, 0x0000000795580000, 0x00000007b0000000)
  object space 87552K, 87% used [0x0000000790000000,0x0000000794a8deb8,0x0000000795580000)
 Metaspace       used 61202K, capacity 63042K, committed 63232K, reserved 1105920K
  class space    used 6874K, capacity 7391K, committed 7424K, reserved 1048576K
}
Event: 23.152 GC heap before
{Heap before GC invocations=86 (full 6):
 PSYoungGen      total 214528K, used 207514K [0x00000007b0000000, 0x00000007c0000000, 0x00000007c0000000)
  eden space 177152K, 96% used [0x00000007b0000000,0x00000007ba6609e0,0x00000007bad00000)
  from space 37376K, 99% used [0x00000007bad00000,0x00000007bd1460c8,0x00000007bd180000)
  to   space 47616K, 0% used [0x00000007bd180000,0x00000007bd180000,0x00000007c0000000)
 ParOldGen       total 87552K, used 76343K [0x0000000790000000, 0x0000000795580000, 0x00000007b0000000)
  object space 87552K, 87% used [0x0000000790000000,0x0000000794a8deb8,0x0000000795580000)
 Metaspace       used 62613K, capacity 64450K, committed 64512K, reserved 1105920K
  class space    used 7136K, capacity 7647K, committed 7680K, reserved 1048576K
Event: 23.173 GC heap after
Heap after GC invocations=86 (full 6):
 PSYoungGen      total 205312K, used 37847K [0x00000007b0000000, 0x00000007c0000000, 0x00000007c0000000)
  eden space 157696K, 0% used [0x00000007b0000000,0x00000007b0000000,0x00000007b9a00000)
  from space 47616K, 79% used [0x00000007bd180000,0x00000007bf675f38,0x00000007c0000000)
  to   space 52224K, 0% used [0x00000007b9a00000,0x00000007b9a00000,0x00000007bcd00000)
 ParOldGen       total 87552K, used 76351K [0x0000000790000000, 0x0000000795580000, 0x00000007b0000000)
  object space 87552K, 87% used [0x0000000790000000,0x0000000794a8feb8,0x0000000795580000)
 Metaspace       used 62613K, capacity 64450K, committed 64512K, reserved 1105920K
  class space    used 7136K, capacity 7647K, committed 7680K, reserved 1048576K
}

Deoptimization events (10 events):
Event: 21.309 Thread 0x00007fcf43dcd000 Uncommon trap: reason=unreached action=reinterpret pc=0x000000010ea45128 method=org.codehaus.groovy.runtime.metaclass.MetaMethodIndex.isNonRealMethod(Lgroovy/lang/MetaMethod;)Z @ 32
Event: 21.309 Thread 0x00007fcf43dcd000 Uncommon trap: reason=unreached action=reinterpret pc=0x000000010eaca828 method=org.codehaus.groovy.runtime.metaclass.MetaMethodIndex.isNonRealMethod(Lgroovy/lang/MetaMethod;)Z @ 32
Event: 21.703 Thread 0x00007fcf43dcd000 Uncommon trap: reason=class_check action=maybe_recompile pc=0x000000010e5ea418 method=org.codehaus.groovy.runtime.metaclass.MetaMethodIndex.addMethodToList(Ljava/lang/Object;Lgroovy/lang/MetaMethod;)Ljava/lang/Object; @ 68
Event: 21.720 Thread 0x00007fcf43dcd000 Uncommon trap: reason=class_check action=maybe_recompile pc=0x000000010e5ea418 method=org.codehaus.groovy.runtime.metaclass.MetaMethodIndex.addMethodToList(Ljava/lang/Object;Lgroovy/lang/MetaMethod;)Ljava/lang/Object; @ 68
Event: 21.736 Thread 0x00007fcf43dcd000 Uncommon trap: reason=class_check action=maybe_recompile pc=0x000000010e5ea418 method=org.codehaus.groovy.runtime.metaclass.MetaMethodIndex.addMethodToList(Ljava/lang/Object;Lgroovy/lang/MetaMethod;)Ljava/lang/Object; @ 68
Event: 21.943 Thread 0x00007fcf43dcd000 Uncommon trap: reason=class_check action=maybe_recompile pc=0x000000010e5ea418 method=org.codehaus.groovy.runtime.metaclass.MetaMethodIndex.addMethodToList(Ljava/lang/Object;Lgroovy/lang/MetaMethod;)Ljava/lang/Object; @ 68
Event: 22.153 Thread 0x00007fcf43dcd000 Uncommon trap: reason=class_check action=maybe_recompile pc=0x000000010e4e2544 method=org.springframework.beans.factory.support.AbstractBeanDefinition.hasBeanClass()Z @ 4
Event: 22.153 Thread 0x00007fcf43dcd000 Uncommon trap: reason=class_check action=maybe_recompile pc=0x000000010e4e2544 method=org.springframework.beans.factory.support.AbstractBeanDefinition.hasBeanClass()Z @ 4
Event: 22.153 Thread 0x00007fcf43dcd000 Uncommon trap: reason=class_check action=maybe_recompile pc=0x000000010e4e2544 method=org.springframework.beans.factory.support.AbstractBeanDefinition.hasBeanClass()Z @ 4
Event: 22.153 Thread 0x00007fcf43dcd000 Uncommon trap: reason=class_check action=maybe_recompile pc=0x000000010e4e2544 method=org.springframework.beans.factory.support.AbstractBeanDefinition.hasBeanClass()Z @ 4

Internal exceptions (10 events):
Event: 23.666 Thread 0x00007fcf43dcd000 Exception <a 'java/security/PrivilegedActionException'> (0x00000007b5121170) thrown at [/HUDSON/workspace/8-2-build-macosx-x86_64/jdk8u5/2488/hotspot/src/share/vm/prims/jvm.cpp, line 1248]
Event: 23.666 Thread 0x00007fcf43dcd000 Exception <a 'java/security/PrivilegedActionException'> (0x00000007b5125078) thrown at [/HUDSON/workspace/8-2-build-macosx-x86_64/jdk8u5/2488/hotspot/src/share/vm/prims/jvm.cpp, line 1248]
Event: 23.666 Thread 0x00007fcf43dcd000 Exception <a 'java/security/PrivilegedActionException'> (0x00000007b5134860) thrown at [/HUDSON/workspace/8-2-build-macosx-x86_64/jdk8u5/2488/hotspot/src/share/vm/prims/jvm.cpp, line 1248]
Event: 23.666 Thread 0x00007fcf43dcd000 Exception <a 'java/security/PrivilegedActionException'> (0x00000007b514afd8) thrown at [/HUDSON/workspace/8-2-build-macosx-x86_64/jdk8u5/2488/hotspot/src/share/vm/prims/jvm.cpp, line 1248]
Event: 23.666 Thread 0x00007fcf43dcd000 Exception <a 'java/security/PrivilegedActionException'> (0x00000007b514eee0) thrown at [/HUDSON/workspace/8-2-build-macosx-x86_64/jdk8u5/2488/hotspot/src/share/vm/prims/jvm.cpp, line 1248]
Event: 23.666 Thread 0x00007fcf43dcd000 Exception <a 'java/security/PrivilegedActionException'> (0x00000007b515e6c8) thrown at [/HUDSON/workspace/8-2-build-macosx-x86_64/jdk8u5/2488/hotspot/src/share/vm/prims/jvm.cpp, line 1248]
Event: 23.666 Thread 0x00007fcf43dcd000 Exception <a 'java/security/PrivilegedActionException'> (0x00000007b5181fa8) thrown at [/HUDSON/workspace/8-2-build-macosx-x86_64/jdk8u5/2488/hotspot/src/share/vm/prims/jvm.cpp, line 1248]
Event: 23.667 Thread 0x00007fcf43dcd000 Exception <a 'java/lang/ClassNotFoundException': shiro_test/SecurityFilters$_closure1_closure3Customizer> (0x00000007b5182ec8) thrown at [/HUDSON/workspace/8-2-build-macosx-x86_64/jdk8u5/2488/hotspot/src/share/vm/classfile/systemDictionary.cpp, line 202]
Event: 23.668 Thread 0x00007fcf43dcd000 Exception <a 'java/security/PrivilegedActionException'> (0x00000007b51bcf48) thrown at [/HUDSON/workspace/8-2-build-macosx-x86_64/jdk8u5/2488/hotspot/src/share/vm/prims/jvm.cpp, line 1248]
Event: 23.669 Thread 0x00007fcf43dcd000 Exception <a 'java/security/PrivilegedActionException'> (0x00000007b51c1060) thrown at [/HUDSON/workspace/8-2-build-macosx-x86_64/jdk8u5/2488/hotspot/src/share/vm/prims/jvm.cpp, line 1248]

Events (10 events):
Event: 23.665 loading class shiro_test/SecurityFilters$_closure1_closure3BeanInfo
Event: 23.665 loading class shiro_test/SecurityFilters$_closure1_closure3BeanInfo done
Event: 23.666 loading class shiro_test/SecurityFilters$_closure1_closure3Customizer
Event: 23.666 loading class shiro_test/SecurityFilters$_closure1_closure3Customizer done
Event: 23.666 loading class shiro_test/SecurityFilters$_closure1_closure3Customizer
Event: 23.666 loading class shiro_test/SecurityFilters$_closure1_closure3Customizer done
Event: 23.666 loading class shiro_test/SecurityFilters$_closure1_closure3Customizer
Event: 23.666 loading class shiro_test/SecurityFilters$_closure1_closure3Customizer done
Event: 23.668 loading class shiro_test/SecurityFilters$_closure1_closure3_closure4
Event: 23.668 loading class shiro_test/SecurityFilters$_closure1_closure3_closure4 done


Dynamic libraries:
0x000000000ad0e000 	/System/Library/Frameworks/Cocoa.framework/Versions/A/Cocoa
0x000000000ad0e000 	/System/Library/Frameworks/Security.framework/Versions/A/Security
0x000000000ad0e000 	/System/Library/Frameworks/ApplicationServices.framework/Versions/A/ApplicationServices
0x000000000ad0e000 	/usr/lib/libz.1.dylib
0x000000000ad0e000 	/usr/lib/libSystem.B.dylib
0x000000000ad0e000 	/usr/lib/libobjc.A.dylib
0x000000000ad0e000 	/System/Library/Frameworks/CoreFoundation.framework/Versions/A/CoreFoundation
0x000000000ad0e000 	/System/Library/Frameworks/Foundation.framework/Versions/C/Foundation
0x000000000ad0e000 	/System/Library/Frameworks/AppKit.framework/Versions/C/AppKit
0x000000000ad0e000 	/System/Library/Frameworks/CoreData.framework/Versions/A/CoreData
0x000000000ad0e000 	/System/Library/PrivateFrameworks/RemoteViewServices.framework/Versions/A/RemoteViewServices
0x000000000ad0e000 	/System/Library/Frameworks/AudioToolbox.framework/Versions/A/AudioToolbox
0x000000000ad0e000 	/System/Library/Frameworks/AudioUnit.framework/Versions/A/AudioUnit
0x000000000ad0e000 	/System/Library/PrivateFrameworks/DataDetectorsCore.framework/Versions/A/DataDetectorsCore
0x000000000ad0e000 	/System/Library/PrivateFrameworks/DesktopServicesPriv.framework/Versions/A/DesktopServicesPriv
0x000000000ad0e000 	/System/Library/Frameworks/Carbon.framework/Versions/A/Frameworks/HIToolbox.framework/Versions/A/HIToolbox
0x000000000ad0e000 	/System/Library/Frameworks/QuartzCore.framework/Versions/A/QuartzCore
0x000000000ad0e000 	/System/Library/Frameworks/Carbon.framework/Versions/A/Frameworks/SpeechRecognition.framework/Versions/A/SpeechRecognition
0x000000000ad0e000 	/usr/lib/libauto.dylib
0x000000000ad0e000 	/usr/lib/libicucore.A.dylib
0x000000000ad0e000 	/usr/lib/libxml2.2.dylib
0x000000000ad0e000 	/System/Library/PrivateFrameworks/CoreUI.framework/Versions/A/CoreUI
0x000000000ad0e000 	/System/Library/Frameworks/CoreAudio.framework/Versions/A/CoreAudio
0x000000000ad0e000 	/System/Library/Frameworks/DiskArbitration.framework/Versions/A/DiskArbitration
0x000000000ad0e000 	/usr/lib/liblangid.dylib
0x000000000ad0e000 	/System/Library/PrivateFrameworks/MultitouchSupport.framework/Versions/A/MultitouchSupport
0x000000000ad0e000 	/System/Library/Frameworks/IOKit.framework/Versions/A/IOKit
0x000000000ad0e000 	/usr/lib/libDiagnosticMessagesClient.dylib
0x000000000ad0e000 	/System/Library/Frameworks/CoreServices.framework/Versions/A/CoreServices
0x000000000ad0e000 	/System/Library/PrivateFrameworks/PerformanceAnalysis.framework/Versions/A/PerformanceAnalysis
0x000000000ad0e000 	/System/Library/PrivateFrameworks/GenerationalStorage.framework/Versions/A/GenerationalStorage
0x000000000ad0e000 	/System/Library/Frameworks/OpenGL.framework/Versions/A/OpenGL
0x000000000ad0e000 	/System/Library/PrivateFrameworks/Sharing.framework/Versions/A/Sharing
0x000000000ad0e000 	/System/Library/Frameworks/ImageIO.framework/Versions/A/ImageIO
0x000000000ad0e000 	/System/Library/Frameworks/CoreText.framework/Versions/A/CoreText
0x000000000ad0e000 	/System/Library/Frameworks/CoreGraphics.framework/Versions/A/CoreGraphics
0x000000000ad0e000 	/System/Library/PrivateFrameworks/Backup.framework/Versions/A/Backup
0x000000000ad0e000 	/System/Library/Frameworks/CFNetwork.framework/Versions/A/CFNetwork
0x000000000ad0e000 	/System/Library/Frameworks/SystemConfiguration.framework/Versions/A/SystemConfiguration
0x000000000ad0e000 	/usr/lib/libCRFSuite.dylib
0x000000000ad0e000 	/usr/lib/libc++.1.dylib
0x000000000ad0e000 	/usr/lib/libc++abi.dylib
0x000000000ad0e000 	/usr/lib/system/libcache.dylib
0x000000000ad0e000 	/usr/lib/system/libcommonCrypto.dylib
0x000000000ad0e000 	/usr/lib/system/libcompiler_rt.dylib
0x000000000ad0e000 	/usr/lib/system/libcopyfile.dylib
0x000000000ad0e000 	/usr/lib/system/libcorecrypto.dylib
0x000000000ad0e000 	/usr/lib/system/libdispatch.dylib
0x000000000ad0e000 	/usr/lib/system/libdyld.dylib
0x000000000ad0e000 	/usr/lib/system/libkeymgr.dylib
0x000000000ad0e000 	/usr/lib/system/liblaunch.dylib
0x000000000ad0e000 	/usr/lib/system/libmacho.dylib
0x000000000ad0e000 	/usr/lib/system/libquarantine.dylib
0x000000000ad0e000 	/usr/lib/system/libremovefile.dylib
0x000000000ad0e000 	/usr/lib/system/libsystem_asl.dylib
0x000000000ad0e000 	/usr/lib/system/libsystem_blocks.dylib
0x000000000ad0e000 	/usr/lib/system/libsystem_c.dylib
0x000000000ad0e000 	/usr/lib/system/libsystem_configuration.dylib
0x000000000ad0e000 	/usr/lib/system/libsystem_dnssd.dylib
0x000000000ad0e000 	/usr/lib/system/libsystem_info.dylib
0x000000000ad0e000 	/usr/lib/system/libsystem_kernel.dylib
0x000000000ad0e000 	/usr/lib/system/libsystem_m.dylib
0x000000000ad0e000 	/usr/lib/system/libsystem_malloc.dylib
0x000000000ad0e000 	/usr/lib/system/libsystem_network.dylib
0x000000000ad0e000 	/usr/lib/system/libsystem_notify.dylib
0x000000000ad0e000 	/usr/lib/system/libsystem_platform.dylib
0x000000000ad0e000 	/usr/lib/system/libsystem_pthread.dylib
0x000000000ad0e000 	/usr/lib/system/libsystem_sandbox.dylib
0x000000000ad0e000 	/usr/lib/system/libsystem_stats.dylib
0x000000000ad0e000 	/usr/lib/system/libunc.dylib
0x000000000ad0e000 	/usr/lib/system/libunwind.dylib
0x000000000ad0e000 	/usr/lib/system/libxpc.dylib
0x000000000ad0e000 	/usr/lib/libbsm.0.dylib
0x000000000ad0e000 	/usr/lib/libsqlite3.dylib
0x000000000ad0e000 	/usr/lib/libxar.1.dylib
0x000000000ad0e000 	/usr/lib/libpam.2.dylib
0x000000000ad0e000 	/usr/lib/libOpenScriptingUtil.dylib
0x000000000ad0e000 	/usr/lib/libbz2.1.0.dylib
0x000000000ad0e000 	/System/Library/Frameworks/CoreServices.framework/Versions/A/Frameworks/CarbonCore.framework/Versions/A/CarbonCore
0x000000000ad0e000 	/System/Library/Frameworks/CoreServices.framework/Versions/A/Frameworks/Metadata.framework/Versions/A/Metadata
0x000000000ad0e000 	/System/Library/Frameworks/CoreServices.framework/Versions/A/Frameworks/OSServices.framework/Versions/A/OSServices
0x000000000ad0e000 	/System/Library/Frameworks/CoreServices.framework/Versions/A/Frameworks/SearchKit.framework/Versions/A/SearchKit
0x000000000ad0e000 	/System/Library/Frameworks/CoreServices.framework/Versions/A/Frameworks/AE.framework/Versions/A/AE
0x000000000ad0e000 	/System/Library/Frameworks/CoreServices.framework/Versions/A/Frameworks/LaunchServices.framework/Versions/A/LaunchServices
0x000000000ad0e000 	/System/Library/Frameworks/CoreServices.framework/Versions/A/Frameworks/DictionaryServices.framework/Versions/A/DictionaryServices
0x000000000ad0e000 	/System/Library/Frameworks/NetFS.framework/Versions/A/NetFS
0x000000000ad0e000 	/usr/lib/system/libkxld.dylib
0x000000000ad0e000 	/System/Library/PrivateFrameworks/NetAuth.framework/Versions/A/NetAuth
0x000000000ad0e000 	/System/Library/PrivateFrameworks/TCC.framework/Versions/A/TCC
0x000000000ad0e000 	/System/Library/Frameworks/OpenDirectory.framework/Versions/A/Frameworks/CFOpenDirectory.framework/Versions/A/CFOpenDirectory
0x000000000ad0e000 	/System/Library/Frameworks/ServiceManagement.framework/Versions/A/ServiceManagement
0x000000000ad0e000 	/usr/lib/libxslt.1.dylib
0x000000000ad0e000 	/System/Library/Frameworks/Carbon.framework/Versions/A/Frameworks/Ink.framework/Versions/A/Ink
0x000000000ad0e000 	/System/Library/Frameworks/ApplicationServices.framework/Versions/A/Frameworks/ATS.framework/Versions/A/ATS
0x000000000ad0e000 	/System/Library/Frameworks/ApplicationServices.framework/Versions/A/Frameworks/ColorSync.framework/Versions/A/ColorSync
0x000000000ad0e000 	/System/Library/Frameworks/ApplicationServices.framework/Versions/A/Frameworks/HIServices.framework/Versions/A/HIServices
0x000000000ad0e000 	/System/Library/Frameworks/ApplicationServices.framework/Versions/A/Frameworks/LangAnalysis.framework/Versions/A/LangAnalysis
0x000000000ad0e000 	/System/Library/Frameworks/ApplicationServices.framework/Versions/A/Frameworks/PrintCore.framework/Versions/A/PrintCore
0x000000000ad0e000 	/System/Library/Frameworks/ApplicationServices.framework/Versions/A/Frameworks/QD.framework/Versions/A/QD
0x000000000ad0e000 	/System/Library/Frameworks/ApplicationServices.framework/Versions/A/Frameworks/SpeechSynthesis.framework/Versions/A/SpeechSynthesis
0x000000000ad0e000 	/System/Library/Frameworks/IOSurface.framework/Versions/A/IOSurface
0x000000000ad0e000 	/System/Library/Frameworks/Accelerate.framework/Versions/A/Accelerate
0x000000000ad0e000 	/System/Library/Frameworks/Accelerate.framework/Versions/A/Frameworks/vImage.framework/Versions/A/vImage
0x000000000ad0e000 	/System/Library/Frameworks/Accelerate.framework/Versions/A/Frameworks/vecLib.framework/Versions/A/vecLib
0x000000000ad0e000 	/System/Library/Frameworks/Accelerate.framework/Versions/A/Frameworks/vecLib.framework/Versions/A/libvDSP.dylib
0x000000000ad0e000 	/System/Library/Frameworks/Accelerate.framework/Versions/A/Frameworks/vecLib.framework/Versions/A/libvMisc.dylib
0x000000000ad0e000 	/System/Library/Frameworks/Accelerate.framework/Versions/A/Frameworks/vecLib.framework/Versions/A/libLAPACK.dylib
0x000000000ad0e000 	/System/Library/Frameworks/Accelerate.framework/Versions/A/Frameworks/vecLib.framework/Versions/A/libBLAS.dylib
0x000000000ad0e000 	/System/Library/Frameworks/ApplicationServices.framework/Versions/A/Frameworks/ATS.framework/Versions/A/Resources/libFontParser.dylib
0x000000000ad0e000 	/System/Library/Frameworks/ApplicationServices.framework/Versions/A/Frameworks/ATS.framework/Versions/A/Resources/libFontRegistry.dylib
0x000000000ad0e000 	/System/Library/Frameworks/ImageIO.framework/Versions/A/Resources/libJPEG.dylib
0x000000000ad0e000 	/System/Library/Frameworks/ImageIO.framework/Versions/A/Resources/libTIFF.dylib
0x000000000ad0e000 	/System/Library/Frameworks/ImageIO.framework/Versions/A/Resources/libPng.dylib
0x000000000ad0e000 	/System/Library/Frameworks/ImageIO.framework/Versions/A/Resources/libGIF.dylib
0x000000000ad0e000 	/System/Library/Frameworks/ImageIO.framework/Versions/A/Resources/libJP2.dylib
0x000000000ad0e000 	/System/Library/Frameworks/ImageIO.framework/Versions/A/Resources/libRadiance.dylib
0x000000000ad0e000 	/usr/lib/libcups.2.dylib
0x000000000ad0e000 	/System/Library/Frameworks/Kerberos.framework/Versions/A/Kerberos
0x000000000ad0e000 	/System/Library/Frameworks/GSS.framework/Versions/A/GSS
0x000000000ad0e000 	/usr/lib/libresolv.9.dylib
0x000000000ad0e000 	/usr/lib/libiconv.2.dylib
0x000000000ad0e000 	/System/Library/PrivateFrameworks/Heimdal.framework/Versions/A/Heimdal
0x000000000ad0e000 	/System/Library/PrivateFrameworks/TrustEvaluationAgent.framework/Versions/A/TrustEvaluationAgent
0x000000000ad0e000 	/usr/lib/libheimdal-asn1.dylib
0x000000000ad0e000 	/System/Library/Frameworks/OpenDirectory.framework/Versions/A/OpenDirectory
0x000000000ad0e000 	/System/Library/PrivateFrameworks/CommonAuth.framework/Versions/A/CommonAuth
0x000000000ad0e000 	/System/Library/Frameworks/SecurityFoundation.framework/Versions/A/SecurityFoundation
0x000000000ad0e000 	/System/Library/PrivateFrameworks/Bom.framework/Versions/A/Bom
0x000000000ad0e000 	/System/Library/Frameworks/CoreVideo.framework/Versions/A/CoreVideo
0x000000000ad0e000 	/System/Library/Frameworks/QuartzCore.framework/Versions/A/Frameworks/CoreImage.framework/Versions/A/CoreImage
0x000000000ad0e000 	/System/Library/Frameworks/QuartzCore.framework/Versions/A/Frameworks/ScalableUserInterface.framework/Versions/A/ScalableUserInterface
0x000000000ad0e000 	/System/Library/Frameworks/OpenGL.framework/Versions/A/Libraries/libGLU.dylib
0x000000000ad0e000 	/System/Library/Frameworks/OpenGL.framework/Versions/A/Libraries/libGFXShared.dylib
0x000000000ad0e000 	/System/Library/Frameworks/OpenGL.framework/Versions/A/Libraries/libGL.dylib
0x000000000ad0e000 	/System/Library/Frameworks/OpenGL.framework/Versions/A/Libraries/libGLImage.dylib
0x000000000ad0e000 	/System/Library/Frameworks/OpenGL.framework/Versions/A/Libraries/libCVMSPluginSupport.dylib
0x000000000ad0e000 	/System/Library/Frameworks/OpenGL.framework/Versions/A/Libraries/libCoreVMClient.dylib
0x000000000ad0e000 	/System/Library/PrivateFrameworks/FaceCore.framework/Versions/A/FaceCore
0x000000000ad0e000 	/System/Library/PrivateFrameworks/CrashReporterSupport.framework/Versions/A/CrashReporterSupport
0x000000000ad0e000 	/System/Library/Frameworks/OpenCL.framework/Versions/A/OpenCL
0x000000000ad0e000 	/System/Library/PrivateFrameworks/AppleFSCompression.framework/Versions/A/AppleFSCompression
0x000000000ad0e000 	/System/Library/PrivateFrameworks/Ubiquity.framework/Versions/A/Ubiquity
0x000000000ad0e000 	/System/Library/PrivateFrameworks/IconServices.framework/Versions/A/IconServices
0x000000000ad0e000 	/System/Library/PrivateFrameworks/ChunkingLibrary.framework/Versions/A/ChunkingLibrary
0x000000000ad0e000 	/System/Library/PrivateFrameworks/CoreSymbolication.framework/Versions/A/CoreSymbolication
0x000000000ad0e000 	/System/Library/PrivateFrameworks/Symbolication.framework/Versions/A/Symbolication
0x000000000ad0e000 	/System/Library/PrivateFrameworks/DebugSymbols.framework/Versions/A/DebugSymbols
0x000000010c800000 	/Library/Java/JavaVirtualMachines/jdk1.8.0_05.jdk/Contents/Home/jre/lib/server/libjvm.dylib
0x000000000ad0e000 	/usr/lib/libstdc++.6.dylib
0x000000010b723000 	/Library/Java/JavaVirtualMachines/jdk1.8.0_05.jdk/Contents/Home/jre/lib/libverify.dylib
0x000000010b731000 	/Library/Java/JavaVirtualMachines/jdk1.8.0_05.jdk/Contents/Home/jre/lib/libjava.dylib
0x000000010b766000 	/Library/Java/JavaVirtualMachines/jdk1.8.0_05.jdk/Contents/Home/jre/lib/libinstrument.dylib
0x000000010b7c4000 	/Library/Java/JavaVirtualMachines/jdk1.8.0_05.jdk/Contents/Home/jre/lib/libzip.dylib
0x00000001219a8000 	/System/Library/Frameworks/JavaVM.framework/Frameworks/JavaRuntimeSupport.framework/JavaRuntimeSupport
0x00000001219c0000 	/System/Library/Frameworks/JavaVM.framework/Versions/A/Frameworks/JavaNativeFoundation.framework/Versions/A/JavaNativeFoundation
0x00000001219d5000 	/System/Library/Frameworks/JavaVM.framework/Versions/A/JavaVM
0x000000000ad0e000 	/System/Library/Frameworks/Carbon.framework/Versions/A/Carbon
0x00000001219e2000 	/System/Library/PrivateFrameworks/JavaLaunching.framework/Versions/A/JavaLaunching
0x000000000ad0e000 	/System/Library/Frameworks/Carbon.framework/Versions/A/Frameworks/CommonPanels.framework/Versions/A/CommonPanels
0x000000000ad0e000 	/System/Library/Frameworks/Carbon.framework/Versions/A/Frameworks/Help.framework/Versions/A/Help
0x000000000ad0e000 	/System/Library/Frameworks/Carbon.framework/Versions/A/Frameworks/ImageCapture.framework/Versions/A/ImageCapture
0x000000000ad0e000 	/System/Library/Frameworks/Carbon.framework/Versions/A/Frameworks/OpenScripting.framework/Versions/A/OpenScripting
0x000000000ad0e000 	/System/Library/Frameworks/Carbon.framework/Versions/A/Frameworks/Print.framework/Versions/A/Print
0x000000000ad0e000 	/System/Library/Frameworks/Carbon.framework/Versions/A/Frameworks/SecurityHI.framework/Versions/A/SecurityHI
0x0000000122510000 	/private/var/folders/h2/mqnxd4lx2qgd39cprjyyt77w0000gn/T/libjansi-64-4729799606311643375.jnilib
0x00000001226a4000 	/Library/Java/JavaVirtualMachines/jdk1.8.0_05.jdk/Contents/Home/jre/lib/libnet.dylib
0x00000001226ba000 	/Library/Java/JavaVirtualMachines/jdk1.8.0_05.jdk/Contents/Home/jre/lib/libmanagement.dylib
0x00000001226c7000 	/Library/Java/JavaVirtualMachines/jdk1.8.0_05.jdk/Contents/Home/jre/lib/libnio.dylib

VM Arguments:
jvm_args: -Dfile.encoding=UTF-8 -Xmx768M -Xms64M -Dgrails.fork.parent.process.port=56054 -Dgrails.fork.active=true -Dgrails.build.execution.context=/private/var/folders/h2/mqnxd4lx2qgd39cprjyyt77w0000gn/T/Shiro_test8700362363632955233grails-execution-context -Dgrails.home=/Users/noreen/Downloads/ggts-bundle/grails-2.4.3 -javaagent:/Users/noreen/Downloads/ggts-bundle/grails-2.4.3/lib/org.springframework/springloaded/jars/springloaded-1.2.0.RELEASE.jar -Xverify:none -Dspringloaded.synchronize=true -Djdk.reflect.allowGetCallerClass=true -Dspringloaded=profile=grails;cacheDir=/Users/noreen/.grails/2.4.3 
java_command: org.grails.plugins.tomcat.fork.ForkedTomcatServer
java_class_path (initial): /Library/Java/JavaVirtualMachines/jdk1.8.0_05.jdk/Contents/Home/lib/tools.jar:/Users/noreen/Downloads/ggts-bundle/grails-2.4.3/lib/org.codehaus.groovy/groovy-all/jars/groovy-all-2.3.6.jar:/Users/noreen/Downloads/ggts-bundle/grails-2.4.3/lib/org.slf4j/jcl-over-slf4j/jars/jcl-over-slf4j-1.7.5.jar:/Users/noreen/Downloads/ggts-bundle/grails-2.4.3/lib/org.codehaus.gant/gant_groovy1.8/jars/gant_groovy1.8-1.9.6.jar:/Users/noreen/Downloads/ggts-bundle/grails-2.4.3/lib/org.apache.tomcat.embed/tomcat-embed-logging-log4j/jars/tomcat-embed-logging-log4j-7.0.50.jar:/Users/noreen/Downloads/ggts-bundle/grails-2.4.3/dist/grails-plugin-log4j-2.4.3.jar:/Users/noreen/Downloads/ggts-bundle/grails-2.4.3/lib/log4j/log4j/jars/log4j-1.2.17.jar:/Users/noreen/Downloads/ggts-bundle/grails-2.4.3/dist/grails-bootstrap-2.4.3.jar:/Users/noreen/Downloads/ggts-bundle/grails-2.4.3/lib/org.slf4j/slf4j-api/jars/slf4j-api-1.7.5.jar:/Users/noreen/Downloads/ggts-bundle/grails-2.4.3/lib/jline/jline/jars/jline-2.12.jar:/Users/noreen/Downloads/ggts-bundle/grails-2.4.3/lib/org.apache.ant/ant/jars/ant-1.8.4.jar:/Users/noreen/Downloads/ggts-bundle/grails-2.4.3/lib/org.apache.ant/ant-launcher/jars/ant-launcher-1.8.4.jar:/Users/noreen/Downloads/ggts-bundle/grails-2.4.3/lib/org.apache.ant/ant-trax/jars/ant-trax-1.7.1.jar:/Users/noreen/Downloads/ggts-bundle/grails-2.4.3/lib/org.apache.ant/ant-junit/jars/ant-junit-1.8.4.jar:/Users/noreen/Downloads/ggts-bundle/grails-2.4.3/lib/org.apache.ivy/ivy/jars/ivy-2.3.0.jar:/Users/noreen/Downloads/ggts-bundle/grails-2.4.3/lib/org.fusesource.jansi/jansi/jars/jansi-1.11.jar:/Users/noreen/.m2/repository/org/apache/tomcat/tomcat-catalina-ant/7.0.55/tomcat-catalina-ant-7.0.55.jar:/Users/noreen/.m2/repository/org/apache/tomcat/embed/tomcat-embed-jasper/7.0.55/tomcat-embed-jasper-7.0.55.jar:/Users/noreen/.m2/repository/org/apache/tomcat/embed/tomcat-embed-el/7.0.55/tomcat-embed-el-7.0.55.jar:/Users/noreen/.m2/repository/org/apache/tomcat/embed/tomcat-emb
Launcher Type: SUN_STANDARD

Environment Variables:
JAVA_HOME=/Library/Java/JavaVirtualMachines/jdk1.8.0_05.jdk/Contents/Home
PATH=/usr/bin:/bin:/usr/sbin:/sbin
SHELL=/bin/bash
DISPLAY=/tmp/launch-qeZ8wW/org.macosforge.xquartz:0

Signal Handlers:
SIGSEGV: [libjvm.dylib+0x55f7df], sa_mask[0]=0xfffefeff, sa_flags=0x00000043
SIGBUS: [libjvm.dylib+0x55f7df], sa_mask[0]=0xfffefeff, sa_flags=0x00000042
SIGFPE: [libjvm.dylib+0x442cfa], sa_mask[0]=0xfffefeff, sa_flags=0x00000042
SIGPIPE: [libjvm.dylib+0x442cfa], sa_mask[0]=0xfffefeff, sa_flags=0x00000042
SIGXFSZ: [libjvm.dylib+0x442cfa], sa_mask[0]=0xfffefeff, sa_flags=0x00000042
SIGILL: [libjvm.dylib+0x442cfa], sa_mask[0]=0xfffefeff, sa_flags=0x00000042
SIGUSR1: SIG_DFL, sa_mask[0]=0x00000000, sa_flags=0x00000002
SIGUSR2: [libjvm.dylib+0x442818], sa_mask[0]=0x00000004, sa_flags=0x00000042
SIGHUP: [libjvm.dylib+0x440ba5], sa_mask[0]=0xfffefeff, sa_flags=0x00000042
SIGINT: [libjvm.dylib+0x440ba5], sa_mask[0]=0xfffefeff, sa_flags=0x00000042
SIGTERM: [libjvm.dylib+0x440ba5], sa_mask[0]=0xfffefeff, sa_flags=0x00000042
SIGQUIT: [libjvm.dylib+0x440ba5], sa_mask[0]=0xfffefeff, sa_flags=0x00000042


---------------  S Y S T E M  ---------------

OS:Bsduname:Darwin 13.3.0 Darwin Kernel Version 13.3.0: Tue Jun  3 21:27:35 PDT 2014; root:xnu-2422.110.17~1/RELEASE_X86_64 x86_64
rlimit: STACK 8192k, CORE 0k, NPROC 709, NOFILE 10240, AS infinity
load average:3.71 2.57 2.26

CPU:total 8 (4 cores per cpu, 2 threads per core) family 6 model 58 stepping 9, cmov, cx8, fxsr, mmx, sse, sse2, sse3, ssse3, sse4.1, sse4.2, popcnt, avx, aes, clmul, erms, ht, tsc, tscinvbit

Memory: 4k page, physical 4194304k(21456k free)

/proc/meminfo:


vm_info: Java HotSpot(TM) 64-Bit Server VM (25.5-b02) for bsd-amd64 JRE (1.8.0_05-b13), built on Mar 18 2014 00:36:13 by "java_re" with gcc 4.2.1 (Based on Apple Inc. build 5658) (LLVM build 2336.11.00)

time: Mon Oct 27 01:48:47 2014
elapsed time: 23 seconds

