#
# A fatal error has been detected by the Java Runtime Environment:
#
#  SIGSEGV (0xb) at pc=0x000000010b0d02f0, pid=3216, tid=20227
#
# JRE version: Java(TM) SE Runtime Environment (8.0_05-b13) (build 1.8.0_05-b13)
# Java VM: Java HotSpot(TM) 64-Bit Server VM (25.5-b02 mixed mode bsd-amd64 compressed oops)
# Problematic frame:
# V  [libjvm.dylib+0xd02f0]
#
# Failed to write core dump. Core dumps have been disabled. To enable core dumping, try "ulimit -c unlimited" before starting Java again
#
# If you would like to submit a bug report, please visit:
#   http://bugreport.sun.com/bugreport/crash.jsp
#

---------------  T H R E A D  ---------------

Current thread (0x00007fd585835800):  JavaThread "C2 CompilerThread0" daemon [_thread_in_native, id=20227, stack(0x00000001204f4000,0x00000001205f4000)]

siginfo:si_signo=SIGSEGV: si_errno=0, si_code=1 (SEGV_MAPERR), si_addr=0x0000000000000000

Registers:
RAX=0x00007fd5896fca58, RBX=0x00007fd588e09d38, RCX=0x0000000000000000, RDX=0x0000000000000008
RSP=0x00000001205f0870, RBP=0x00000001205f08e0, RSI=0x000000000000001c, RDI=0x0000000000000000
R8 =0x00007fd587604d70, R9 =0x00007fd5876d7338, R10=0x0000000000000064, R11=0x00000000000008d0
R12=0x0000000000000000, R13=0x0000000000000013, R14=0x00007fd588e09d38, R15=0x00000000000000c0
RIP=0x000000010b0d02f0, EFLAGS=0x0000000000010206, ERR=0x0000000000000004
  TRAPNO=0x000000000000000e

Top of Stack: (sp=0x00000001205f0870)
0x00000001205f0870:   00000001205f08e0 00000000000000da
0x00000001205f0880:   00007fd587604d70 00007fd589b4c470
0x00000001205f0890:   00007fd5896fd130 0000001c00000008
0x00000001205f08a0:   00000001205f1550 00007fd5896fd160
0x00000001205f08b0:   00000000000000b8 00007fd5896fd130
0x00000001205f08c0:   0000000000000012 0000000000000013
0x00000001205f08d0:   00007fd588e09d38 00007fd5896fffff
0x00000001205f08e0:   00000001205f0940 000000010b0d000d
0x00000001205f08f0:   00000001205f0940 000000da205f2fd0
0x00000001205f0900:   00007fd587600690 0000000a896fca50
0x00000001205f0910:   00000001205f1550 00007fd5876d7ab8
0x00000001205f0920:   00007fd5896fd130 0000000000000004
0x00000001205f0930:   00007fd5896f9bb0 00007fd5896fc860
0x00000001205f0940:   00000001205f0a40 000000010b0d0f3b
0x00000001205f0950:   0000000001825640 0000000000000007
0x00000001205f0960:   0000000000000007 00007fd587602954
0x00000001205f0970:   00000000000000da 000000000000001c
0x00000001205f0980:   00007fd587602954 00007fd58411cff0
0x00000001205f0990:   00000001205f2fd0 0000000000000007
0x00000001205f09a0:   00007fd587602954 0000000000000007
0x00000001205f09b0:   ffffffffffffffff 00000001205f1680
0x00000001205f09c0:   00007fd5876d7338 00007fd587600690
0x00000001205f09d0:   00000000000006d0 00000000000001b4
0x00000001205f09e0:   0000000000000000 0000000100000080
0x00000001205f09f0:   00007fd58411cff0 00007fd587602d90
0x00000001205f0a00:   00007fd500000004 0000000000000014
0x00000001205f0a10:   0000000000000000 00000001205f2fd0
0x00000001205f0a20:   00000001205f1680 0000000000000a02
0x00000001205f0a30:   00007fd5875fd210 00000001205f3798
0x00000001205f0a40:   00000001205f0a90 000000010b44b7d8
0x00000001205f0a50:   00007fd588e09180 00007fd5876d1c78
0x00000001205f0a60:   00000001205f3140 00000001205f2fd0 

Instructions: (pc=0x000000010b0d02f0)
0x000000010b0d02d0:   00 00 44 89 ff 8b 75 bc 8b 55 b8 e8 fa 0c 00 00
0x000000010b0d02e0:   48 89 45 d0 48 8b 45 b0 48 8b 40 08 4e 8b 24 f8
0x000000010b0d02f0:   49 8b 04 24 4c 89 e7 ff 50 28 48 63 48 10 48 89
0x000000010b0d0300:   ca 48 c1 e2 05 48 8d 35 74 8a 6f 00 80 7c 16 10 

Register to memory mapping:

RAX=0x00007fd5896fca58 is an unknown value
RBX=0x00007fd588e09d38 is an unknown value
RCX=0x0000000000000000 is an unknown value
RDX=0x0000000000000008 is an unknown value
RSP=0x00000001205f0870 is pointing into the stack for thread: 0x00007fd585835800
RBP=0x00000001205f08e0 is pointing into the stack for thread: 0x00007fd585835800
RSI=0x000000000000001c is an unknown value
RDI=0x0000000000000000 is an unknown value
R8 =0x00007fd587604d70 is an unknown value
R9 =0x00007fd5876d7338 is an unknown value
R10=0x0000000000000064 is an unknown value
R11=0x00000000000008d0 is an unknown value
R12=0x0000000000000000 is an unknown value
R13=0x0000000000000013 is an unknown value
R14=0x00007fd588e09d38 is an unknown value
R15=0x00000000000000c0 is an unknown value


Stack: [0x00000001204f4000,0x00000001205f4000],  sp=0x00000001205f0870,  free space=1010k
Native frames: (J=compiled Java code, j=interpreted, Vv=VM code, C=native code)
V  [libjvm.dylib+0xd02f0]
V  [libjvm.dylib+0xd000d]
V  [libjvm.dylib+0xd0f3b]
V  [libjvm.dylib+0x44b7d8]
V  [libjvm.dylib+0x19d040]
V  [libjvm.dylib+0x1a0a7b]
V  [libjvm.dylib+0x143eb2]
V  [libjvm.dylib+0x1a431c]
V  [libjvm.dylib+0x1a642b]
V  [libjvm.dylib+0x51ccf5]
V  [libjvm.dylib+0x51e432]
V  [libjvm.dylib+0x445426]
C  [libsystem_pthread.dylib+0x1899]  _pthread_body+0x8a
C  [libsystem_pthread.dylib+0x172a]  _pthread_struct_init+0x0
C  [libsystem_pthread.dylib+0x5fc9]  thread_start+0xd


Current CompileTask:
C2:  47393 6388       4       groovy.lang.MetaClassImpl::findPropertyMethod (356 bytes)


---------------  P R O C E S S  ---------------

Java Threads: ( => current thread )
  0x00007fd588e20000 JavaThread "net.sf.ehcache.CacheManager@68d4e4ff" daemon [_thread_blocked, id=26627, stack(0x0000000120ed7000,0x0000000120fd7000)]
  0x00007fd5885b8000 JavaThread "PoolCleaner[1917025677:1414974562320]" daemon [_thread_blocked, id=26115, stack(0x000000012335b000,0x000000012345b000)]
  0x00007fd58557d800 JavaThread "FileSystemWatcher: files=#134 cl=groovy.lang.GroovyClassLoader@72437d8d" daemon [_thread_blocked, id=25603, stack(0x0000000121b50000,0x0000000121c50000)]
  0x00007fd5849a2800 JavaThread "localhost-startStop-1" daemon [_thread_in_native, id=17419, stack(0x0000000122c06000,0x0000000122d06000)]
  0x00007fd586056800 JavaThread "Tomcat-startStop-1" daemon [_thread_blocked, id=15111, stack(0x000000012253d000,0x000000012263d000)]
  0x00007fd58623a000 JavaThread "Thread-3" [_thread_in_native, id=24835, stack(0x0000000122b03000,0x0000000122c03000)]
  0x00007fd587366000 JavaThread "Thread-2" [_thread_blocked, id=24323, stack(0x000000012204e000,0x000000012214e000)]
  0x00007fd5852ec800 JavaThread "NonBlockingInputStreamThread" daemon [_thread_blocked, id=23811, stack(0x000000012218f000,0x000000012228f000)]
  0x00007fd58309f800 JavaThread "process reaper" daemon [_thread_blocked, id=23299, stack(0x0000000120d68000,0x0000000120d90000)]
  0x00007fd586169000 JavaThread "Service Thread" daemon [_thread_blocked, id=22275, stack(0x0000000120900000,0x0000000120a00000)]
  0x00007fd58500b800 JavaThread "C1 CompilerThread3" daemon [_thread_blocked, id=21763, stack(0x00000001207fd000,0x00000001208fd000)]
  0x00007fd585005800 JavaThread "C2 CompilerThread2" daemon [_thread_in_native, id=21251, stack(0x00000001206fa000,0x00000001207fa000)]
  0x00007fd585007800 JavaThread "C2 CompilerThread1" daemon [_thread_blocked, id=20739, stack(0x00000001205f7000,0x00000001206f7000)]
=>0x00007fd585835800 JavaThread "C2 CompilerThread0" daemon [_thread_in_native, id=20227, stack(0x00000001204f4000,0x00000001205f4000)]
  0x00007fd58580a800 JavaThread "Signal Dispatcher" daemon [_thread_blocked, id=19715, stack(0x0000000120212000,0x0000000120312000)]
  0x00007fd586052000 JavaThread "Finalizer" daemon [_thread_blocked, id=14595, stack(0x000000011ffc3000,0x00000001200c3000)]
  0x00007fd585811800 JavaThread "Reference Handler" daemon [_thread_blocked, id=14083, stack(0x000000011fec0000,0x000000011ffc0000)]
  0x00007fd585801000 JavaThread "main" [_thread_blocked, id=6403, stack(0x0000000109e41000,0x0000000109f41000)]

Other Threads:
  0x00007fd586051800 VMThread [stack: 0x000000011fdbd000,0x000000011febd000] [id=13571]
  0x00007fd586167800 WatcherThread [stack: 0x0000000120a03000,0x0000000120b03000] [id=22787]

VM state:not at safepoint (normal execution)

VM Mutex/Monitor currently owned by a thread: None

Heap:
 PSYoungGen      total 181760K, used 41471K [0x00000007b0000000, 0x00000007be480000, 0x00000007c0000000)
  eden space 149504K, 10% used [0x00000007b0000000,0x00000007b0eb34d8,0x00000007b9200000)
  from space 32256K, 81% used [0x00000007bb780000,0x00000007bd14c858,0x00000007bd700000)
  to   space 38400K, 0% used [0x00000007b9200000,0x00000007b9200000,0x00000007bb780000)
 ParOldGen       total 89600K, used 76132K [0x0000000790000000, 0x0000000795780000, 0x00000007b0000000)
  object space 89600K, 84% used [0x0000000790000000,0x0000000794a59298,0x0000000795780000)
 Metaspace       used 59711K, capacity 61432K, committed 61696K, reserved 1103872K
  class space    used 6645K, capacity 7147K, committed 7168K, reserved 1048576K

Card table byte_map: [0x000000011b280000,0x000000011b401000] byte_map_base: 0x0000000117600000

Marking Bits: (ParMarkBitMap*) 0x000000010b8660a0
 Begin Bits: [0x000000011bd19000, 0x000000011c919000)
 End Bits:   [0x000000011c919000, 0x000000011d519000)

Polling page: 0x0000000109f85000

CodeCache: size=245760Kb used=24900Kb max_used=25099Kb free=220859Kb
 bounds [0x000000010bec0000, 0x000000010d780000, 0x000000011aec0000]
 total_blobs=6153 nmethods=5414 adapters=651
 compilation: enabled

Compilation events (10 events):
Event: 47.177 Thread 0x00007fd585005800 nmethod 6398 0x000000010cb2c450 code [0x000000010cb2c5e0, 0x000000010cb2c928]
Event: 47.177 Thread 0x00007fd585005800 6399       4       org.springsource.loaded.ri.ReflectiveInterceptor::getReloadableTypeIfHasBeenReloaded (28 bytes)
Event: 47.178 Thread 0x00007fd585005800 nmethod 6399 0x000000010c47e6d0 code [0x000000010c47e820, 0x000000010c47e8d8]
Event: 47.178 Thread 0x00007fd585005800 6389       4       org.codehaus.groovy.util.SingleKeyHashMap::put (10 bytes)
Event: 47.182 Thread 0x00007fd585005800 nmethod 6389 0x000000010c7cb290 code [0x000000010c7cb400, 0x000000010c7cb7e8]
Event: 47.182 Thread 0x00007fd585005800 6414       4       groovy.lang.Reference::<init> (10 bytes)
Event: 47.190 Thread 0x00007fd585005800 nmethod 6414 0x000000010c695a90 code [0x000000010c695cc0, 0x000000010c6964d0]
Event: 47.190 Thread 0x00007fd585005800 6384       4       org.codehaus.groovy.runtime.MetaClassHelper::isGenericSetMethod (28 bytes)
Event: 47.192 Thread 0x00007fd585005800 nmethod 6384 0x000000010c5b5910 code [0x000000010c5b5a80, 0x000000010c5b5c58]
Event: 47.201 Thread 0x00007fd585005800 6421       4       org.codehaus.groovy.runtime.typehandling.DefaultTypeTransformation::castToBoolean (39 bytes)

GC Heap History (10 events):
Event: 42.797 GC heap before
{Heap before GC invocations=48 (full 3):
 PSYoungGen      total 154112K, used 146231K [0x00000007b0000000, 0x00000007bac80000, 0x00000007c0000000)
  eden space 132608K, 100% used [0x00000007b0000000,0x00000007b8180000,0x00000007b8180000)
  from space 21504K, 63% used [0x00000007b9680000,0x00000007ba3cde50,0x00000007bab80000)
  to   space 21504K, 0% used [0x00000007b8180000,0x00000007b8180000,0x00000007b9680000)
 ParOldGen       total 76288K, used 63974K [0x0000000790000000, 0x0000000794a80000, 0x00000007b0000000)
  object space 76288K, 83% used [0x0000000790000000,0x0000000793e799f8,0x0000000794a80000)
 Metaspace       used 55795K, capacity 57358K, committed 57600K, reserved 1099776K
  class space    used 6161K, capacity 6614K, committed 6656K, reserved 1048576K
Event: 42.809 GC heap after
Heap after GC invocations=48 (full 3):
 PSYoungGen      total 154112K, used 17968K [0x00000007b0000000, 0x00000007bba80000, 0x00000007c0000000)
  eden space 132608K, 0% used [0x00000007b0000000,0x00000007b0000000,0x00000007b8180000)
  from space 21504K, 83% used [0x00000007b8180000,0x00000007b930c010,0x00000007b9680000)
  to   space 23552K, 0% used [0x00000007ba380000,0x00000007ba380000,0x00000007bba80000)
 ParOldGen       total 76288K, used 63982K [0x0000000790000000, 0x0000000794a80000, 0x00000007b0000000)
  object space 76288K, 83% used [0x0000000790000000,0x0000000793e7b9f8,0x0000000794a80000)
 Metaspace       used 55795K, capacity 57358K, committed 57600K, reserved 1099776K
  class space    used 6161K, capacity 6614K, committed 6656K, reserved 1048576K
}
Event: 43.761 GC heap before
{Heap before GC invocations=49 (full 3):
 PSYoungGen      total 154112K, used 150576K [0x00000007b0000000, 0x00000007bba80000, 0x00000007c0000000)
  eden space 132608K, 100% used [0x00000007b0000000,0x00000007b8180000,0x00000007b8180000)
  from space 21504K, 83% used [0x00000007b8180000,0x00000007b930c010,0x00000007b9680000)
  to   space 23552K, 0% used [0x00000007ba380000,0x00000007ba380000,0x00000007bba80000)
 ParOldGen       total 76288K, used 63982K [0x0000000790000000, 0x0000000794a80000, 0x00000007b0000000)
  object space 76288K, 83% used [0x0000000790000000,0x0000000793e7b9f8,0x0000000794a80000)
 Metaspace       used 56689K, capacity 58260K, committed 58496K, reserved 1101824K
  class space    used 6268K, capacity 6720K, committed 6784K, reserved 1048576K
Event: 43.788 GC heap after
Heap after GC invocations=49 (full 3):
 PSYoungGen      total 164352K, used 23176K [0x00000007b0000000, 0x00000007bc300000, 0x00000007c0000000)
  eden space 140800K, 0% used [0x00000007b0000000,0x00000007b0000000,0x00000007b8980000)
  from space 23552K, 98% used [0x00000007ba380000,0x00000007bba22398,0x00000007bba80000)
  to   space 26624K, 0% used [0x00000007b8980000,0x00000007b8980000,0x00000007ba380000)
 ParOldGen       total 76288K, used 63990K [0x0000000790000000, 0x0000000794a80000, 0x00000007b0000000)
  object space 76288K, 83% used [0x0000000790000000,0x0000000793e7d9f8,0x0000000794a80000)
 Metaspace       used 56689K, capacity 58260K, committed 58496K, reserved 1101824K
  class space    used 6268K, capacity 6720K, committed 6784K, reserved 1048576K
}
Event: 44.650 GC heap before
{Heap before GC invocations=50 (full 3):
 PSYoungGen      total 164352K, used 163976K [0x00000007b0000000, 0x00000007bc300000, 0x00000007c0000000)
  eden space 140800K, 100% used [0x00000007b0000000,0x00000007b8980000,0x00000007b8980000)
  from space 23552K, 98% used [0x00000007ba380000,0x00000007bba22398,0x00000007bba80000)
  to   space 26624K, 0% used [0x00000007b8980000,0x00000007b8980000,0x00000007ba380000)
 ParOldGen       total 76288K, used 63990K [0x0000000790000000, 0x0000000794a80000, 0x00000007b0000000)
  object space 76288K, 83% used [0x0000000790000000,0x0000000793e7d9f8,0x0000000794a80000)
 Metaspace       used 57904K, capacity 59508K, committed 59904K, reserved 1101824K
  class space    used 6356K, capacity 6816K, committed 6912K, reserved 1048576K
Event: 44.666 GC heap after
Heap after GC invocations=50 (full 3):
 PSYoungGen      total 167424K, used 26610K [0x00000007b0000000, 0x00000007bd700000, 0x00000007c0000000)
  eden space 140800K, 0% used [0x00000007b0000000,0x00000007b0000000,0x00000007b8980000)
  from space 26624K, 99% used [0x00000007b8980000,0x00000007ba37c860,0x00000007ba380000)
  to   space 32256K, 0% used [0x00000007bb780000,0x00000007bb780000,0x00000007bd700000)
 ParOldGen       total 76288K, used 67702K [0x0000000790000000, 0x0000000794a80000, 0x00000007b0000000)
  object space 76288K, 88% used [0x0000000790000000,0x000000079421daa8,0x0000000794a80000)
 Metaspace       used 57904K, capacity 59508K, committed 59904K, reserved 1101824K
  class space    used 6356K, capacity 6816K, committed 6912K, reserved 1048576K
}
Event: 46.341 GC heap before
{Heap before GC invocations=51 (full 3):
 PSYoungGen      total 167424K, used 167410K [0x00000007b0000000, 0x00000007bd700000, 0x00000007c0000000)
  eden space 140800K, 100% used [0x00000007b0000000,0x00000007b8980000,0x00000007b8980000)
  from space 26624K, 99% used [0x00000007b8980000,0x00000007ba37c860,0x00000007ba380000)
  to   space 32256K, 0% used [0x00000007bb780000,0x00000007bb780000,0x00000007bd700000)
 ParOldGen       total 76288K, used 67702K [0x0000000790000000, 0x0000000794a80000, 0x00000007b0000000)
  object space 76288K, 88% used [0x0000000790000000,0x000000079421daa8,0x0000000794a80000)
 Metaspace       used 59676K, capacity 61376K, committed 61696K, reserved 1103872K
  class space    used 6636K, capacity 7110K, committed 7168K, reserved 1048576K
Event: 46.386 GC heap after
Heap after GC invocations=51 (full 3):
 PSYoungGen      total 181760K, used 32245K [0x00000007b0000000, 0x00000007be480000, 0x00000007c0000000)
  eden space 149504K, 0% used [0x00000007b0000000,0x00000007b0000000,0x00000007b9200000)
  from space 32256K, 99% used [0x00000007bb780000,0x00000007bd6fd530,0x00000007bd700000)
  to   space 38400K, 0% used [0x00000007b9200000,0x00000007b9200000,0x00000007bb780000)
 ParOldGen       total 76288K, used 71508K [0x0000000790000000, 0x0000000794a80000, 0x00000007b0000000)
  object space 76288K, 93% used [0x0000000790000000,0x00000007945d5128,0x0000000794a80000)
 Metaspace       used 59676K, capacity 61376K, committed 61696K, reserved 1103872K
  class space    used 6636K, capacity 7110K, committed 7168K, reserved 1048576K
}
Event: 46.386 GC heap before
{Heap before GC invocations=52 (full 4):
 PSYoungGen      total 181760K, used 32245K [0x00000007b0000000, 0x00000007be480000, 0x00000007c0000000)
  eden space 149504K, 0% used [0x00000007b0000000,0x00000007b0000000,0x00000007b9200000)
  from space 32256K, 99% used [0x00000007bb780000,0x00000007bd6fd530,0x00000007bd700000)
  to   space 38400K, 0% used [0x00000007b9200000,0x00000007b9200000,0x00000007bb780000)
 ParOldGen       total 76288K, used 71508K [0x0000000790000000, 0x0000000794a80000, 0x00000007b0000000)
  object space 76288K, 93% used [0x0000000790000000,0x00000007945d5128,0x0000000794a80000)
 Metaspace       used 59676K, capacity 61376K, committed 61696K, reserved 1103872K
  class space    used 6636K, capacity 7110K, committed 7168K, reserved 1048576K
Event: 47.110 GC heap after
Heap after GC invocations=52 (full 4):
 PSYoungGen      total 181760K, used 26418K [0x00000007b0000000, 0x00000007be480000, 0x00000007c0000000)
  eden space 149504K, 0% used [0x00000007b0000000,0x00000007b0000000,0x00000007b9200000)
  from space 32256K, 81% used [0x00000007bb780000,0x00000007bd14c858,0x00000007bd700000)
  to   space 38400K, 0% used [0x00000007b9200000,0x00000007b9200000,0x00000007bb780000)
 ParOldGen       total 89600K, used 76132K [0x0000000790000000, 0x0000000795780000, 0x00000007b0000000)
  object space 89600K, 84% used [0x0000000790000000,0x0000000794a59298,0x0000000795780000)
 Metaspace       used 59676K, capacity 61376K, committed 61696K, reserved 1103872K
  class space    used 6636K, capacity 7110K, committed 7168K, reserved 1048576K
}

Deoptimization events (10 events):
Event: 44.993 Thread 0x00007fd5849a2800 Uncommon trap: reason=predicate action=maybe_recompile pc=0x000000010d60d02c method=java.util.TimSort.binarySort([Ljava/lang/Object;IIILjava/util/Comparator;)V @ 37
Event: 45.367 Thread 0x00007fd5849a2800 Uncommon trap: reason=unreached action=reinterpret pc=0x000000010c2723fc method=org.springsource.loaded.ri.ReflectiveInterceptor.jlrMethodInvoke(Ljava/lang/reflect/Method;Ljava/lang/Object;[Ljava/lang/Object;)Ljava/lang/Object; @ 1716
Event: 46.258 Thread 0x00007fd5849a2800 Uncommon trap: reason=class_check action=maybe_recompile pc=0x000000010cf04bf4 method=java.lang.reflect.Executable.getAnnotation(Ljava/lang/Class;)Ljava/lang/annotation/Annotation; @ 19
Event: 46.273 Thread 0x00007fd5849a2800 Uncommon trap: reason=unloaded action=reinterpret pc=0x000000010d67d598 method=org.codehaus.groovy.runtime.metaclass.ClosureMetaMethod.createMethodList(Ljava/lang/String;Ljava/lang/Class;Lgroovy/lang/Closure;)Ljava/util/List; @ 227
Event: 46.338 Thread 0x00007fd5849a2800 Uncommon trap: reason=class_check action=maybe_recompile pc=0x000000010d744e68 method=groovy.lang.MetaClassImpl.checkIfStdMethod(Lgroovy/lang/MetaMethod;)V @ 123
Event: 47.134 Thread 0x00007fd5849a2800 Uncommon trap: reason=class_check action=maybe_recompile pc=0x000000010d744e30 method=org.codehaus.groovy.runtime.MetaClassHelper.isGenericSetMethod(Lgroovy/lang/MetaMethod;)Z @ 14
Event: 47.135 Thread 0x00007fd5849a2800 Uncommon trap: reason=class_check action=maybe_recompile pc=0x000000010d744e30 method=org.codehaus.groovy.runtime.MetaClassHelper.isGenericSetMethod(Lgroovy/lang/MetaMethod;)Z @ 14
Event: 47.135 Thread 0x00007fd5849a2800 Uncommon trap: reason=class_check action=maybe_recompile pc=0x000000010d744e30 method=org.codehaus.groovy.runtime.MetaClassHelper.isGenericSetMethod(Lgroovy/lang/MetaMethod;)Z @ 14
Event: 47.135 Thread 0x00007fd5849a2800 Uncommon trap: reason=class_check action=maybe_recompile pc=0x000000010d744e30 method=org.codehaus.groovy.runtime.MetaClassHelper.isGenericSetMethod(Lgroovy/lang/MetaMethod;)Z @ 14
Event: 47.193 Thread 0x00007fd5849a2800 Uncommon trap: reason=null_check action=make_not_entrant pc=0x000000010d0b9fc0 method=java.beans.Introspector.isAssignable(Ljava/lang/Class;Ljava/lang/Class;)Z @ 18

Internal exceptions (10 events):
Event: 47.192 Thread 0x00007fd5849a2800 Exception <a 'java/security/PrivilegedActionException'> (0x00000007b04eb330) thrown at [/HUDSON/workspace/8-2-build-macosx-x86_64/jdk8u5/2488/hotspot/src/share/vm/prims/jvm.cpp, line 1248]
Event: 47.192 Thread 0x00007fd5849a2800 Exception <a 'java/lang/ClassNotFoundException': org/codehaus/groovy/grails/web/util/TagLibraryMetaUtils$_registerPropertyMissingForTag_closure6BeanInfo> (0x00000007b04ec2b0) thrown at [/HUDSON/workspace/8-2-build-macosx-x86_64/jdk8u5/2488/hotspot/src/sha
Event: 47.192 Thread 0x00007fd5849a2800 Exception <a 'java/security/PrivilegedActionException'> (0x00000007b04efff8) thrown at [/HUDSON/workspace/8-2-build-macosx-x86_64/jdk8u5/2488/hotspot/src/share/vm/prims/jvm.cpp, line 1248]
Event: 47.192 Thread 0x00007fd5849a2800 Exception <a 'java/security/PrivilegedActionException'> (0x00000007b04f6118) thrown at [/HUDSON/workspace/8-2-build-macosx-x86_64/jdk8u5/2488/hotspot/src/share/vm/prims/jvm.cpp, line 1248]
Event: 47.192 Thread 0x00007fd5849a2800 Exception <a 'java/security/PrivilegedActionException'> (0x00000007b050ea88) thrown at [/HUDSON/workspace/8-2-build-macosx-x86_64/jdk8u5/2488/hotspot/src/share/vm/prims/jvm.cpp, line 1248]
Event: 47.192 Thread 0x00007fd5849a2800 Exception <a 'java/security/PrivilegedActionException'> (0x00000007b05323a8) thrown at [/HUDSON/workspace/8-2-build-macosx-x86_64/jdk8u5/2488/hotspot/src/share/vm/prims/jvm.cpp, line 1248]
Event: 47.193 Thread 0x00007fd5849a2800 Exception <a 'java/security/PrivilegedActionException'> (0x00000007b05384c8) thrown at [/HUDSON/workspace/8-2-build-macosx-x86_64/jdk8u5/2488/hotspot/src/share/vm/prims/jvm.cpp, line 1248]
Event: 47.193 Thread 0x00007fd5849a2800 Exception <a 'java/security/PrivilegedActionException'> (0x00000007b0550e38) thrown at [/HUDSON/workspace/8-2-build-macosx-x86_64/jdk8u5/2488/hotspot/src/share/vm/prims/jvm.cpp, line 1248]
Event: 47.193 Thread 0x00007fd5849a2800 Exception <a 'java/security/PrivilegedActionException'> (0x00000007b05897b0) thrown at [/HUDSON/workspace/8-2-build-macosx-x86_64/jdk8u5/2488/hotspot/src/share/vm/prims/jvm.cpp, line 1248]
Event: 47.193 Thread 0x00007fd5849a2800 Exception <a 'java/lang/ClassNotFoundException': org/codehaus/groovy/grails/web/util/TagLibraryMetaUtils$_registerPropertyMissingForTag_closure6Customizer> (0x00000007b058a738) thrown at [/HUDSON/workspace/8-2-build-macosx-x86_64/jdk8u5/2488/hotspot/src/s

Events (10 events):
Event: 47.192 loading class org/codehaus/groovy/grails/web/util/TagLibraryMetaUtils$_registerPropertyMissingForTag_closure6BeanInfo done
Event: 47.192 loading class org/codehaus/groovy/grails/web/util/TagLibraryMetaUtils$_registerPropertyMissingForTag_closure6Customizer
Event: 47.192 loading class org/codehaus/groovy/grails/web/util/TagLibraryMetaUtils$_registerPropertyMissingForTag_closure6Customizer done
Event: 47.192 loading class org/codehaus/groovy/grails/web/util/TagLibraryMetaUtils$_registerPropertyMissingForTag_closure6Customizer
Event: 47.192 loading class org/codehaus/groovy/grails/web/util/TagLibraryMetaUtils$_registerPropertyMissingForTag_closure6Customizer done
Event: 47.193 loading class org/codehaus/groovy/grails/web/util/TagLibraryMetaUtils$_registerPropertyMissingForTag_closure6Customizer
Event: 47.193 loading class org/codehaus/groovy/grails/web/util/TagLibraryMetaUtils$_registerPropertyMissingForTag_closure6Customizer done
Event: 47.193 Thread 0x00007fd5849a2800 Uncommon trap: trap_request=0xfffffff4 fr.pc=0x000000010d0b9fc0
Event: 47.193 Thread 0x00007fd5849a2800 DEOPT PACKING pc=0x000000010d0b9fc0 sp=0x0000000122d01c60
Event: 47.193 Thread 0x00007fd5849a2800 DEOPT UNPACKING pc=0x000000010bf07250 sp=0x0000000122d01c00 mode 2


Dynamic libraries:
0x00000000038a6000 	/System/Library/Frameworks/Cocoa.framework/Versions/A/Cocoa
0x00000000038a6000 	/System/Library/Frameworks/Security.framework/Versions/A/Security
0x00000000038a6000 	/System/Library/Frameworks/ApplicationServices.framework/Versions/A/ApplicationServices
0x00000000038a6000 	/usr/lib/libz.1.dylib
0x00000000038a6000 	/usr/lib/libSystem.B.dylib
0x00000000038a6000 	/usr/lib/libobjc.A.dylib
0x00000000038a6000 	/System/Library/Frameworks/CoreFoundation.framework/Versions/A/CoreFoundation
0x00000000038a6000 	/System/Library/Frameworks/Foundation.framework/Versions/C/Foundation
0x00000000038a6000 	/System/Library/Frameworks/AppKit.framework/Versions/C/AppKit
0x00000000038a6000 	/System/Library/Frameworks/CoreData.framework/Versions/A/CoreData
0x00000000038a6000 	/System/Library/PrivateFrameworks/RemoteViewServices.framework/Versions/A/RemoteViewServices
0x00000000038a6000 	/System/Library/Frameworks/AudioToolbox.framework/Versions/A/AudioToolbox
0x00000000038a6000 	/System/Library/Frameworks/AudioUnit.framework/Versions/A/AudioUnit
0x00000000038a6000 	/System/Library/PrivateFrameworks/DataDetectorsCore.framework/Versions/A/DataDetectorsCore
0x00000000038a6000 	/System/Library/PrivateFrameworks/DesktopServicesPriv.framework/Versions/A/DesktopServicesPriv
0x00000000038a6000 	/System/Library/Frameworks/Carbon.framework/Versions/A/Frameworks/HIToolbox.framework/Versions/A/HIToolbox
0x00000000038a6000 	/System/Library/Frameworks/QuartzCore.framework/Versions/A/QuartzCore
0x00000000038a6000 	/System/Library/Frameworks/Carbon.framework/Versions/A/Frameworks/SpeechRecognition.framework/Versions/A/SpeechRecognition
0x00000000038a6000 	/usr/lib/libauto.dylib
0x00000000038a6000 	/usr/lib/libicucore.A.dylib
0x00000000038a6000 	/usr/lib/libxml2.2.dylib
0x00000000038a6000 	/System/Library/PrivateFrameworks/CoreUI.framework/Versions/A/CoreUI
0x00000000038a6000 	/System/Library/Frameworks/CoreAudio.framework/Versions/A/CoreAudio
0x00000000038a6000 	/System/Library/Frameworks/DiskArbitration.framework/Versions/A/DiskArbitration
0x00000000038a6000 	/usr/lib/liblangid.dylib
0x00000000038a6000 	/System/Library/PrivateFrameworks/MultitouchSupport.framework/Versions/A/MultitouchSupport
0x00000000038a6000 	/System/Library/Frameworks/IOKit.framework/Versions/A/IOKit
0x00000000038a6000 	/usr/lib/libDiagnosticMessagesClient.dylib
0x00000000038a6000 	/System/Library/Frameworks/CoreServices.framework/Versions/A/CoreServices
0x00000000038a6000 	/System/Library/PrivateFrameworks/PerformanceAnalysis.framework/Versions/A/PerformanceAnalysis
0x00000000038a6000 	/System/Library/PrivateFrameworks/GenerationalStorage.framework/Versions/A/GenerationalStorage
0x00000000038a6000 	/System/Library/Frameworks/OpenGL.framework/Versions/A/OpenGL
0x00000000038a6000 	/System/Library/PrivateFrameworks/Sharing.framework/Versions/A/Sharing
0x00000000038a6000 	/System/Library/Frameworks/ImageIO.framework/Versions/A/ImageIO
0x00000000038a6000 	/System/Library/Frameworks/CoreText.framework/Versions/A/CoreText
0x00000000038a6000 	/System/Library/Frameworks/CoreGraphics.framework/Versions/A/CoreGraphics
0x00000000038a6000 	/System/Library/PrivateFrameworks/Backup.framework/Versions/A/Backup
0x00000000038a6000 	/System/Library/Frameworks/CFNetwork.framework/Versions/A/CFNetwork
0x00000000038a6000 	/System/Library/Frameworks/SystemConfiguration.framework/Versions/A/SystemConfiguration
0x00000000038a6000 	/usr/lib/libCRFSuite.dylib
0x00000000038a6000 	/usr/lib/libc++.1.dylib
0x00000000038a6000 	/usr/lib/libc++abi.dylib
0x00000000038a6000 	/usr/lib/system/libcache.dylib
0x00000000038a6000 	/usr/lib/system/libcommonCrypto.dylib
0x00000000038a6000 	/usr/lib/system/libcompiler_rt.dylib
0x00000000038a6000 	/usr/lib/system/libcopyfile.dylib
0x00000000038a6000 	/usr/lib/system/libcorecrypto.dylib
0x00000000038a6000 	/usr/lib/system/libdispatch.dylib
0x00000000038a6000 	/usr/lib/system/libdyld.dylib
0x00000000038a6000 	/usr/lib/system/libkeymgr.dylib
0x00000000038a6000 	/usr/lib/system/liblaunch.dylib
0x00000000038a6000 	/usr/lib/system/libmacho.dylib
0x00000000038a6000 	/usr/lib/system/libquarantine.dylib
0x00000000038a6000 	/usr/lib/system/libremovefile.dylib
0x00000000038a6000 	/usr/lib/system/libsystem_asl.dylib
0x00000000038a6000 	/usr/lib/system/libsystem_blocks.dylib
0x00000000038a6000 	/usr/lib/system/libsystem_c.dylib
0x00000000038a6000 	/usr/lib/system/libsystem_configuration.dylib
0x00000000038a6000 	/usr/lib/system/libsystem_dnssd.dylib
0x00000000038a6000 	/usr/lib/system/libsystem_info.dylib
0x00000000038a6000 	/usr/lib/system/libsystem_kernel.dylib
0x00000000038a6000 	/usr/lib/system/libsystem_m.dylib
0x00000000038a6000 	/usr/lib/system/libsystem_malloc.dylib
0x00000000038a6000 	/usr/lib/system/libsystem_network.dylib
0x00000000038a6000 	/usr/lib/system/libsystem_notify.dylib
0x00000000038a6000 	/usr/lib/system/libsystem_platform.dylib
0x00000000038a6000 	/usr/lib/system/libsystem_pthread.dylib
0x00000000038a6000 	/usr/lib/system/libsystem_sandbox.dylib
0x00000000038a6000 	/usr/lib/system/libsystem_stats.dylib
0x00000000038a6000 	/usr/lib/system/libunc.dylib
0x00000000038a6000 	/usr/lib/system/libunwind.dylib
0x00000000038a6000 	/usr/lib/system/libxpc.dylib
0x00000000038a6000 	/usr/lib/libbsm.0.dylib
0x00000000038a6000 	/usr/lib/libsqlite3.dylib
0x00000000038a6000 	/usr/lib/libxar.1.dylib
0x00000000038a6000 	/usr/lib/libpam.2.dylib
0x00000000038a6000 	/usr/lib/libOpenScriptingUtil.dylib
0x00000000038a6000 	/usr/lib/libbz2.1.0.dylib
0x00000000038a6000 	/System/Library/Frameworks/CoreServices.framework/Versions/A/Frameworks/CarbonCore.framework/Versions/A/CarbonCore
0x00000000038a6000 	/System/Library/Frameworks/CoreServices.framework/Versions/A/Frameworks/Metadata.framework/Versions/A/Metadata
0x00000000038a6000 	/System/Library/Frameworks/CoreServices.framework/Versions/A/Frameworks/OSServices.framework/Versions/A/OSServices
0x00000000038a6000 	/System/Library/Frameworks/CoreServices.framework/Versions/A/Frameworks/SearchKit.framework/Versions/A/SearchKit
0x00000000038a6000 	/System/Library/Frameworks/CoreServices.framework/Versions/A/Frameworks/AE.framework/Versions/A/AE
0x00000000038a6000 	/System/Library/Frameworks/CoreServices.framework/Versions/A/Frameworks/LaunchServices.framework/Versions/A/LaunchServices
0x00000000038a6000 	/System/Library/Frameworks/CoreServices.framework/Versions/A/Frameworks/DictionaryServices.framework/Versions/A/DictionaryServices
0x00000000038a6000 	/System/Library/Frameworks/NetFS.framework/Versions/A/NetFS
0x00000000038a6000 	/usr/lib/system/libkxld.dylib
0x00000000038a6000 	/System/Library/PrivateFrameworks/NetAuth.framework/Versions/A/NetAuth
0x00000000038a6000 	/System/Library/PrivateFrameworks/TCC.framework/Versions/A/TCC
0x00000000038a6000 	/System/Library/Frameworks/OpenDirectory.framework/Versions/A/Frameworks/CFOpenDirectory.framework/Versions/A/CFOpenDirectory
0x00000000038a6000 	/System/Library/Frameworks/ServiceManagement.framework/Versions/A/ServiceManagement
0x00000000038a6000 	/usr/lib/libxslt.1.dylib
0x00000000038a6000 	/System/Library/Frameworks/Carbon.framework/Versions/A/Frameworks/Ink.framework/Versions/A/Ink
0x00000000038a6000 	/System/Library/Frameworks/ApplicationServices.framework/Versions/A/Frameworks/ATS.framework/Versions/A/ATS
0x00000000038a6000 	/System/Library/Frameworks/ApplicationServices.framework/Versions/A/Frameworks/ColorSync.framework/Versions/A/ColorSync
0x00000000038a6000 	/System/Library/Frameworks/ApplicationServices.framework/Versions/A/Frameworks/HIServices.framework/Versions/A/HIServices
0x00000000038a6000 	/System/Library/Frameworks/ApplicationServices.framework/Versions/A/Frameworks/LangAnalysis.framework/Versions/A/LangAnalysis
0x00000000038a6000 	/System/Library/Frameworks/ApplicationServices.framework/Versions/A/Frameworks/PrintCore.framework/Versions/A/PrintCore
0x00000000038a6000 	/System/Library/Frameworks/ApplicationServices.framework/Versions/A/Frameworks/QD.framework/Versions/A/QD
0x00000000038a6000 	/System/Library/Frameworks/ApplicationServices.framework/Versions/A/Frameworks/SpeechSynthesis.framework/Versions/A/SpeechSynthesis
0x00000000038a6000 	/System/Library/Frameworks/IOSurface.framework/Versions/A/IOSurface
0x00000000038a6000 	/System/Library/Frameworks/Accelerate.framework/Versions/A/Accelerate
0x00000000038a6000 	/System/Library/Frameworks/Accelerate.framework/Versions/A/Frameworks/vImage.framework/Versions/A/vImage
0x00000000038a6000 	/System/Library/Frameworks/Accelerate.framework/Versions/A/Frameworks/vecLib.framework/Versions/A/vecLib
0x00000000038a6000 	/System/Library/Frameworks/Accelerate.framework/Versions/A/Frameworks/vecLib.framework/Versions/A/libvDSP.dylib
0x00000000038a6000 	/System/Library/Frameworks/Accelerate.framework/Versions/A/Frameworks/vecLib.framework/Versions/A/libvMisc.dylib
0x00000000038a6000 	/System/Library/Frameworks/Accelerate.framework/Versions/A/Frameworks/vecLib.framework/Versions/A/libLAPACK.dylib
0x00000000038a6000 	/System/Library/Frameworks/Accelerate.framework/Versions/A/Frameworks/vecLib.framework/Versions/A/libBLAS.dylib
0x00000000038a6000 	/System/Library/Frameworks/ApplicationServices.framework/Versions/A/Frameworks/ATS.framework/Versions/A/Resources/libFontParser.dylib
0x00000000038a6000 	/System/Library/Frameworks/ApplicationServices.framework/Versions/A/Frameworks/ATS.framework/Versions/A/Resources/libFontRegistry.dylib
0x00000000038a6000 	/System/Library/Frameworks/ImageIO.framework/Versions/A/Resources/libJPEG.dylib
0x00000000038a6000 	/System/Library/Frameworks/ImageIO.framework/Versions/A/Resources/libTIFF.dylib
0x00000000038a6000 	/System/Library/Frameworks/ImageIO.framework/Versions/A/Resources/libPng.dylib
0x00000000038a6000 	/System/Library/Frameworks/ImageIO.framework/Versions/A/Resources/libGIF.dylib
0x00000000038a6000 	/System/Library/Frameworks/ImageIO.framework/Versions/A/Resources/libJP2.dylib
0x00000000038a6000 	/System/Library/Frameworks/ImageIO.framework/Versions/A/Resources/libRadiance.dylib
0x00000000038a6000 	/usr/lib/libcups.2.dylib
0x00000000038a6000 	/System/Library/Frameworks/Kerberos.framework/Versions/A/Kerberos
0x00000000038a6000 	/System/Library/Frameworks/GSS.framework/Versions/A/GSS
0x00000000038a6000 	/usr/lib/libresolv.9.dylib
0x00000000038a6000 	/usr/lib/libiconv.2.dylib
0x00000000038a6000 	/System/Library/PrivateFrameworks/Heimdal.framework/Versions/A/Heimdal
0x00000000038a6000 	/System/Library/PrivateFrameworks/TrustEvaluationAgent.framework/Versions/A/TrustEvaluationAgent
0x00000000038a6000 	/usr/lib/libheimdal-asn1.dylib
0x00000000038a6000 	/System/Library/Frameworks/OpenDirectory.framework/Versions/A/OpenDirectory
0x00000000038a6000 	/System/Library/PrivateFrameworks/CommonAuth.framework/Versions/A/CommonAuth
0x00000000038a6000 	/System/Library/Frameworks/SecurityFoundation.framework/Versions/A/SecurityFoundation
0x00000000038a6000 	/System/Library/PrivateFrameworks/Bom.framework/Versions/A/Bom
0x00000000038a6000 	/System/Library/Frameworks/CoreVideo.framework/Versions/A/CoreVideo
0x00000000038a6000 	/System/Library/Frameworks/QuartzCore.framework/Versions/A/Frameworks/CoreImage.framework/Versions/A/CoreImage
0x00000000038a6000 	/System/Library/Frameworks/QuartzCore.framework/Versions/A/Frameworks/ScalableUserInterface.framework/Versions/A/ScalableUserInterface
0x00000000038a6000 	/System/Library/Frameworks/OpenGL.framework/Versions/A/Libraries/libGLU.dylib
0x00000000038a6000 	/System/Library/Frameworks/OpenGL.framework/Versions/A/Libraries/libGFXShared.dylib
0x00000000038a6000 	/System/Library/Frameworks/OpenGL.framework/Versions/A/Libraries/libGL.dylib
0x00000000038a6000 	/System/Library/Frameworks/OpenGL.framework/Versions/A/Libraries/libGLImage.dylib
0x00000000038a6000 	/System/Library/Frameworks/OpenGL.framework/Versions/A/Libraries/libCVMSPluginSupport.dylib
0x00000000038a6000 	/System/Library/Frameworks/OpenGL.framework/Versions/A/Libraries/libCoreVMClient.dylib
0x00000000038a6000 	/System/Library/PrivateFrameworks/FaceCore.framework/Versions/A/FaceCore
0x00000000038a6000 	/System/Library/PrivateFrameworks/CrashReporterSupport.framework/Versions/A/CrashReporterSupport
0x00000000038a6000 	/System/Library/Frameworks/OpenCL.framework/Versions/A/OpenCL
0x00000000038a6000 	/System/Library/PrivateFrameworks/AppleFSCompression.framework/Versions/A/AppleFSCompression
0x00000000038a6000 	/System/Library/PrivateFrameworks/Ubiquity.framework/Versions/A/Ubiquity
0x00000000038a6000 	/System/Library/PrivateFrameworks/IconServices.framework/Versions/A/IconServices
0x00000000038a6000 	/System/Library/PrivateFrameworks/ChunkingLibrary.framework/Versions/A/ChunkingLibrary
0x00000000038a6000 	/System/Library/PrivateFrameworks/CoreSymbolication.framework/Versions/A/CoreSymbolication
0x00000000038a6000 	/System/Library/PrivateFrameworks/Symbolication.framework/Versions/A/Symbolication
0x00000000038a6000 	/System/Library/PrivateFrameworks/DebugSymbols.framework/Versions/A/DebugSymbols
0x000000010b000000 	/Library/Java/JavaVirtualMachines/jdk1.8.0_05.jdk/Contents/Home/jre/lib/server/libjvm.dylib
0x00000000038a6000 	/usr/lib/libstdc++.6.dylib
0x0000000109f43000 	/Library/Java/JavaVirtualMachines/jdk1.8.0_05.jdk/Contents/Home/jre/lib/libverify.dylib
0x0000000109f51000 	/Library/Java/JavaVirtualMachines/jdk1.8.0_05.jdk/Contents/Home/jre/lib/libjava.dylib
0x0000000109f86000 	/Library/Java/JavaVirtualMachines/jdk1.8.0_05.jdk/Contents/Home/jre/lib/libinstrument.dylib
0x0000000109fe4000 	/Library/Java/JavaVirtualMachines/jdk1.8.0_05.jdk/Contents/Home/jre/lib/libzip.dylib
0x00000001200c5000 	/System/Library/Frameworks/JavaVM.framework/Frameworks/JavaRuntimeSupport.framework/JavaRuntimeSupport
0x00000001200dd000 	/System/Library/Frameworks/JavaVM.framework/Versions/A/Frameworks/JavaNativeFoundation.framework/Versions/A/JavaNativeFoundation
0x00000001200f2000 	/System/Library/Frameworks/JavaVM.framework/Versions/A/JavaVM
0x00000000038a6000 	/System/Library/Frameworks/Carbon.framework/Versions/A/Carbon
0x00000001200ff000 	/System/Library/PrivateFrameworks/JavaLaunching.framework/Versions/A/JavaLaunching
0x00000000038a6000 	/System/Library/Frameworks/Carbon.framework/Versions/A/Frameworks/CommonPanels.framework/Versions/A/CommonPanels
0x00000000038a6000 	/System/Library/Frameworks/Carbon.framework/Versions/A/Frameworks/Help.framework/Versions/A/Help
0x00000000038a6000 	/System/Library/Frameworks/Carbon.framework/Versions/A/Frameworks/ImageCapture.framework/Versions/A/ImageCapture
0x00000000038a6000 	/System/Library/Frameworks/Carbon.framework/Versions/A/Frameworks/OpenScripting.framework/Versions/A/OpenScripting
0x00000000038a6000 	/System/Library/Frameworks/Carbon.framework/Versions/A/Frameworks/Print.framework/Versions/A/Print
0x00000000038a6000 	/System/Library/Frameworks/Carbon.framework/Versions/A/Frameworks/SecurityHI.framework/Versions/A/SecurityHI
0x0000000120b5e000 	/private/var/folders/h2/mqnxd4lx2qgd39cprjyyt77w0000gn/T/libjansi-64-7558212151158741865.jnilib
0x0000000121044000 	/Library/Java/JavaVirtualMachines/jdk1.8.0_05.jdk/Contents/Home/jre/lib/libnet.dylib
0x0000000121033000 	/Library/Java/JavaVirtualMachines/jdk1.8.0_05.jdk/Contents/Home/jre/lib/libmanagement.dylib
0x000000012107c000 	/Library/Java/JavaVirtualMachines/jdk1.8.0_05.jdk/Contents/Home/jre/lib/libnio.dylib

VM Arguments:
jvm_args: -Dfile.encoding=UTF-8 -Xmx768M -Xms64M -Dgrails.fork.parent.process.port=57271 -Dgrails.fork.active=true -Dgrails.build.execution.context=/private/var/folders/h2/mqnxd4lx2qgd39cprjyyt77w0000gn/T/Paapillon_v7-master854963232934231730grails-execution-context -Dgrails.home=/Users/noreen/Downloads/ggts-bundle/grails-2.4.3 -javaagent:/Users/noreen/Downloads/ggts-bundle/grails-2.4.3/lib/org.springframework/springloaded/jars/springloaded-1.2.0.RELEASE.jar -Xverify:none -Dspringloaded.synchronize=true -Djdk.reflect.allowGetCallerClass=true -Dspringloaded=profile=grails;cacheDir=/Users/noreen/.grails/2.4.3 
java_command: org.grails.plugins.tomcat.fork.ForkedTomcatServer
java_class_path (initial): /Library/Java/JavaVirtualMachines/jdk1.8.0_05.jdk/Contents/Home/lib/tools.jar:/Users/noreen/Downloads/ggts-bundle/grails-2.4.3/lib/org.codehaus.groovy/groovy-all/jars/groovy-all-2.3.6.jar:/Users/noreen/Downloads/ggts-bundle/grails-2.4.3/lib/org.slf4j/jcl-over-slf4j/jars/jcl-over-slf4j-1.7.5.jar:/Users/noreen/Downloads/ggts-bundle/grails-2.4.3/lib/org.codehaus.gant/gant_groovy1.8/jars/gant_groovy1.8-1.9.6.jar:/Users/noreen/Downloads/ggts-bundle/grails-2.4.3/lib/org.apache.tomcat.embed/tomcat-embed-logging-log4j/jars/tomcat-embed-logging-log4j-7.0.50.jar:/Users/noreen/Downloads/ggts-bundle/grails-2.4.3/dist/grails-plugin-log4j-2.4.3.jar:/Users/noreen/Downloads/ggts-bundle/grails-2.4.3/lib/log4j/log4j/jars/log4j-1.2.17.jar:/Users/noreen/Downloads/ggts-bundle/grails-2.4.3/dist/grails-bootstrap-2.4.3.jar:/Users/noreen/Downloads/ggts-bundle/grails-2.4.3/lib/org.slf4j/slf4j-api/jars/slf4j-api-1.7.5.jar:/Users/noreen/Downloads/ggts-bundle/grails-2.4.3/lib/jline/jline/jars/jline-2.12.jar:/Users/noreen/Downloads/ggts-bundle/grails-2.4.3/lib/org.apache.ant/ant/jars/ant-1.8.4.jar:/Users/noreen/Downloads/ggts-bundle/grails-2.4.3/lib/org.apache.ant/ant-launcher/jars/ant-launcher-1.8.4.jar:/Users/noreen/Downloads/ggts-bundle/grails-2.4.3/lib/org.apache.ant/ant-trax/jars/ant-trax-1.7.1.jar:/Users/noreen/Downloads/ggts-bundle/grails-2.4.3/lib/org.apache.ant/ant-junit/jars/ant-junit-1.8.4.jar:/Users/noreen/Downloads/ggts-bundle/grails-2.4.3/lib/org.apache.ivy/ivy/jars/ivy-2.3.0.jar:/Users/noreen/Downloads/ggts-bundle/grails-2.4.3/lib/org.fusesource.jansi/jansi/jars/jansi-1.11.jar:/Users/noreen/.m2/repository/org/apache/tomcat/tomcat-catalina-ant/7.0.55/tomcat-catalina-ant-7.0.55.jar:/Users/noreen/.m2/repository/org/apache/tomcat/embed/tomcat-embed-jasper/7.0.55/tomcat-embed-jasper-7.0.55.jar:/Users/noreen/.m2/repository/org/apache/tomcat/embed/tomcat-embed-el/7.0.55/tomcat-embed-el-7.0.55.jar:/Users/noreen/.m2/repository/org/apache/tomcat/embed/tomcat-emb
Launcher Type: SUN_STANDARD

Environment Variables:
JAVA_HOME=/Library/Java/JavaVirtualMachines/jdk1.8.0_05.jdk/Contents/Home
PATH=/usr/bin:/bin:/usr/sbin:/sbin
SHELL=/bin/bash
DISPLAY=/tmp/launch-vi7WRU/org.macosforge.xquartz:0

Signal Handlers:
SIGSEGV: [libjvm.dylib+0x55f7df], sa_mask[0]=0xfffefeff, sa_flags=0x00000043
SIGBUS: [libjvm.dylib+0x55f7df], sa_mask[0]=0xfffefeff, sa_flags=0x00000042
SIGFPE: [libjvm.dylib+0x442cfa], sa_mask[0]=0xfffefeff, sa_flags=0x00000042
SIGPIPE: [libjvm.dylib+0x442cfa], sa_mask[0]=0xfffefeff, sa_flags=0x00000042
SIGXFSZ: [libjvm.dylib+0x442cfa], sa_mask[0]=0xfffefeff, sa_flags=0x00000042
SIGILL: [libjvm.dylib+0x442cfa], sa_mask[0]=0xfffefeff, sa_flags=0x00000042
SIGUSR1: SIG_DFL, sa_mask[0]=0x00000000, sa_flags=0x00000002
SIGUSR2: [libjvm.dylib+0x442818], sa_mask[0]=0x00000004, sa_flags=0x00000042
SIGHUP: [libjvm.dylib+0x440ba5], sa_mask[0]=0xfffefeff, sa_flags=0x00000042
SIGINT: [libjvm.dylib+0x440ba5], sa_mask[0]=0xfffefeff, sa_flags=0x00000042
SIGTERM: [libjvm.dylib+0x440ba5], sa_mask[0]=0xfffefeff, sa_flags=0x00000042
SIGQUIT: [libjvm.dylib+0x440ba5], sa_mask[0]=0xfffefeff, sa_flags=0x00000042


---------------  S Y S T E M  ---------------

OS:Bsduname:Darwin 13.3.0 Darwin Kernel Version 13.3.0: Tue Jun  3 21:27:35 PDT 2014; root:xnu-2422.110.17~1/RELEASE_X86_64 x86_64
rlimit: STACK 8192k, CORE 0k, NPROC 709, NOFILE 10240, AS infinity
load average:2.87 2.20 1.80

CPU:total 8 (4 cores per cpu, 2 threads per core) family 6 model 58 stepping 9, cmov, cx8, fxsr, mmx, sse, sse2, sse3, ssse3, sse4.1, sse4.2, popcnt, avx, aes, clmul, erms, ht, tsc, tscinvbit

Memory: 4k page, physical 4194304k(111048k free)

/proc/meminfo:


vm_info: Java HotSpot(TM) 64-Bit Server VM (25.5-b02) for bsd-amd64 JRE (1.8.0_05-b13), built on Mar 18 2014 00:36:13 by "java_re" with gcc 4.2.1 (Based on Apple Inc. build 5658) (LLVM build 2336.11.00)

time: Mon Nov  3 00:29:38 2014
elapsed time: 47 seconds

