#
# A fatal error has been detected by the Java Runtime Environment:
#
#  SIGSEGV (0xb) at pc=0x000000010fad02f0, pid=6060, tid=21251
#
# JRE version: Java(TM) SE Runtime Environment (8.0_05-b13) (build 1.8.0_05-b13)
# Java VM: Java HotSpot(TM) 64-Bit Server VM (25.5-b02 mixed mode bsd-amd64 compressed oops)
# Problematic frame:
# V  [libjvm.dylib+0xd02f0]
#
# Failed to write core dump. Core dumps have been disabled. To enable core dumping, try "ulimit -c unlimited" before starting Java again
#
# If you would like to submit a bug report, please visit:
#   http://bugreport.sun.com/bugreport/crash.jsp
#

---------------  T H R E A D  ---------------

Current thread (0x00007f95b8853800):  JavaThread "C2 CompilerThread2" daemon [_thread_in_native, id=21251, stack(0x0000000125250000,0x0000000125350000)]

siginfo:si_signo=SIGSEGV: si_errno=0, si_code=1 (SEGV_MAPERR), si_addr=0x0000000000000000

Registers:
RAX=0x00007f95bacaf6c8, RBX=0x00007f95bec71538, RCX=0x0000000000000000, RDX=0x0000000000000008
RSP=0x000000012534c870, RBP=0x000000012534c8e0, RSI=0x000000000000001c, RDI=0x0000000000000000
R8 =0x00007f95bc5b6dd0, R9 =0x00007f95bd98d488, R10=0x0000000000000073, R11=0x00000000000008d0
R12=0x0000000000000000, R13=0x0000000000000013, R14=0x00007f95bec71538, R15=0x00000000000000c0
RIP=0x000000010fad02f0, EFLAGS=0x0000000000010206, ERR=0x0000000000000004
  TRAPNO=0x000000000000000e

Top of Stack: (sp=0x000000012534c870)
0x000000012534c870:   000000012534c8e0 00000000000000da
0x000000012534c880:   00007f95bc5b6dd0 00007f95bca79470
0x000000012534c890:   00007f95bacafda0 0000001c00000008
0x000000012534c8a0:   000000012534d550 00007f95bacafdd0
0x000000012534c8b0:   00000000000000b8 00007f95bacafda0
0x000000012534c8c0:   0000000000000012 0000000000000013
0x000000012534c8d0:   00007f95bec71538 00007f95bacaffff
0x000000012534c8e0:   000000012534c940 000000010fad000d
0x000000012534c8f0:   000000012534c940 000000da2534efd0
0x000000012534c900:   00007f95bc5b2740 0000000abacaf6c0
0x000000012534c910:   000000012534d550 00007f95bd98dc08
0x000000012534c920:   00007f95bacafda0 0000000000000004
0x000000012534c930:   00007f95bacac830 00007f95bacaf4d0
0x000000012534c940:   000000012534ca40 000000010fad0f3b
0x000000012534c950:   00000000012b2f40 0000000000000007
0x000000012534c960:   0000000000000007 00007f95bc5b49e8
0x000000012534c970:   00000000000000da 000000000000001c
0x000000012534c980:   00007f95bc5b49e8 00007f95b8421bb0
0x000000012534c990:   000000012534efd0 0000000000000007
0x000000012534c9a0:   00007f95bc5b49e8 0000000000000007
0x000000012534c9b0:   ffffffffffffffff 000000012534d680
0x000000012534c9c0:   00007f95bd98d488 00007f95bc5b2740
0x000000012534c9d0:   00000000000006d0 00000000000001b4
0x000000012534c9e0:   0000000000000000 0000000100000080
0x000000012534c9f0:   00007f95b8421bb0 00007f95bc5b4e30
0x000000012534ca00:   00007f9500000004 0000000000000014
0x000000012534ca10:   0000000000000000 000000012534efd0
0x000000012534ca20:   000000012534d680 00000000000009f4
0x000000012534ca30:   00007f95bc5af210 000000012534f798
0x000000012534ca40:   000000012534ca90 000000010fe4b7d8
0x000000012534ca50:   00007f95bec70980 00007f95bd987e78
0x000000012534ca60:   000000012534f140 000000012534efd0 

Instructions: (pc=0x000000010fad02f0)
0x000000010fad02d0:   00 00 44 89 ff 8b 75 bc 8b 55 b8 e8 fa 0c 00 00
0x000000010fad02e0:   48 89 45 d0 48 8b 45 b0 48 8b 40 08 4e 8b 24 f8
0x000000010fad02f0:   49 8b 04 24 4c 89 e7 ff 50 28 48 63 48 10 48 89
0x000000010fad0300:   ca 48 c1 e2 05 48 8d 35 74 8a 6f 00 80 7c 16 10 

Register to memory mapping:

RAX=0x00007f95bacaf6c8 is an unknown value
RBX=0x00007f95bec71538 is an unknown value
RCX=0x0000000000000000 is an unknown value
RDX=0x0000000000000008 is an unknown value
RSP=0x000000012534c870 is pointing into the stack for thread: 0x00007f95b8853800
RBP=0x000000012534c8e0 is pointing into the stack for thread: 0x00007f95b8853800
RSI=0x000000000000001c is an unknown value
RDI=0x0000000000000000 is an unknown value
R8 =0x00007f95bc5b6dd0 is an unknown value
R9 =0x00007f95bd98d488 is an unknown value
R10=0x0000000000000073 is an unknown value
R11=0x00000000000008d0 is an unknown value
R12=0x0000000000000000 is an unknown value
R13=0x0000000000000013 is an unknown value
R14=0x00007f95bec71538 is an unknown value
R15=0x00000000000000c0 is an unknown value


Stack: [0x0000000125250000,0x0000000125350000],  sp=0x000000012534c870,  free space=1010k
Native frames: (J=compiled Java code, j=interpreted, Vv=VM code, C=native code)
V  [libjvm.dylib+0xd02f0]
V  [libjvm.dylib+0xd000d]
V  [libjvm.dylib+0xd0f3b]
V  [libjvm.dylib+0x44b7d8]
V  [libjvm.dylib+0x19d040]
V  [libjvm.dylib+0x1a0a7b]
V  [libjvm.dylib+0x143eb2]
V  [libjvm.dylib+0x1a431c]
V  [libjvm.dylib+0x1a642b]
V  [libjvm.dylib+0x51ccf5]
V  [libjvm.dylib+0x51e432]
V  [libjvm.dylib+0x445426]
C  [libsystem_pthread.dylib+0x1899]  _pthread_body+0x8a
C  [libsystem_pthread.dylib+0x172a]  _pthread_struct_init+0x0
C  [libsystem_pthread.dylib+0x5fc9]  thread_start+0xd


Current CompileTask:
C2:  18279 5926       4       groovy.lang.MetaClassImpl::findPropertyMethod (356 bytes)


---------------  P R O C E S S  ---------------

Java Threads: ( => current thread )
  0x00007f95bdc63000 JavaThread "net.sf.ehcache.CacheManager@6916ae7b" daemon [_thread_blocked, id=15623, stack(0x00000001290ee000,0x00000001291ee000)]
  0x00007f95bb88e800 JavaThread "PoolCleaner[1917025677:1415211734595]" daemon [_thread_blocked, id=17419, stack(0x0000000129e80000,0x0000000129f80000)]
  0x00007f95bcdf6800 JavaThread "FileSystemWatcher: files=#137 cl=groovy.lang.GroovyClassLoader@72437d8d" daemon [_thread_blocked, id=26371, stack(0x0000000127eda000,0x0000000127fda000)]
  0x00007f95bcdd3000 JavaThread "localhost-startStop-1" daemon [_thread_in_Java, id=25859, stack(0x0000000127dd7000,0x0000000127ed7000)]
  0x00007f95b9495000 JavaThread "Tomcat-startStop-1" daemon [_thread_blocked, id=25347, stack(0x00000001277d6000,0x00000001278d6000)]
  0x00007f95baab3800 JavaThread "Thread-3" [_thread_in_native, id=24835, stack(0x0000000127afd000,0x0000000127bfd000)]
  0x00007f95b8b76000 JavaThread "Thread-2" [_thread_blocked, id=24323, stack(0x00000001270a0000,0x00000001271a0000)]
  0x00007f95ba834000 JavaThread "NonBlockingInputStreamThread" daemon [_thread_blocked, id=23811, stack(0x0000000125c6d000,0x0000000125d6d000)]
  0x00007f95b9044000 JavaThread "process reaper" daemon [_thread_blocked, id=23299, stack(0x0000000125742000,0x000000012576a000)]
  0x00007f95bc810800 JavaThread "Service Thread" daemon [_thread_blocked, id=22275, stack(0x0000000125456000,0x0000000125556000)]
  0x00007f95b8854000 JavaThread "C1 CompilerThread3" daemon [_thread_blocked, id=21763, stack(0x0000000125353000,0x0000000125453000)]
=>0x00007f95b8853800 JavaThread "C2 CompilerThread2" daemon [_thread_in_native, id=21251, stack(0x0000000125250000,0x0000000125350000)]
  0x00007f95b8852800 JavaThread "C2 CompilerThread1" daemon [_thread_in_native, id=20739, stack(0x000000012514d000,0x000000012524d000)]
  0x00007f95bc80e800 JavaThread "C2 CompilerThread0" daemon [_thread_in_native, id=20227, stack(0x000000012504a000,0x000000012514a000)]
  0x00007f95bc800000 JavaThread "Signal Dispatcher" daemon [_thread_blocked, id=19715, stack(0x0000000124d66000,0x0000000124e66000)]
  0x00007f95ba85b800 JavaThread "Finalizer" daemon [_thread_blocked, id=14595, stack(0x0000000124b17000,0x0000000124c17000)]
  0x00007f95bb004000 JavaThread "Reference Handler" daemon [_thread_blocked, id=14083, stack(0x0000000124a14000,0x0000000124b14000)]
  0x00007f95ba801800 JavaThread "main" [_thread_blocked, id=6403, stack(0x00000001108c1000,0x00000001109c1000)]

Other Threads:
  0x00007f95ba85b000 VMThread [stack: 0x0000000124911000,0x0000000124a11000] [id=13571]
  0x00007f95bc808000 WatcherThread [stack: 0x0000000125559000,0x0000000125659000] [id=22787]

VM state:not at safepoint (normal execution)

VM Mutex/Monitor currently owned by a thread: None

Heap:
 PSYoungGen      total 210432K, used 135614K [0x00000007b0000000, 0x00000007c0000000, 0x00000007c0000000)
  eden space 166912K, 59% used [0x00000007b0000000,0x00000007b61aac68,0x00000007ba300000)
  from space 43520K, 81% used [0x00000007bd580000,0x00000007bf844c08,0x00000007c0000000)
  to   space 47616K, 0% used [0x00000007ba300000,0x00000007ba300000,0x00000007bd180000)
 ParOldGen       total 76800K, used 68816K [0x0000000790000000, 0x0000000794b00000, 0x00000007b0000000)
  object space 76800K, 89% used [0x0000000790000000,0x00000007943343e0,0x0000000794b00000)
 Metaspace       used 60182K, capacity 61866K, committed 62072K, reserved 1103872K
  class space    used 6696K, capacity 7190K, committed 7296K, reserved 1048576K

Card table byte_map: [0x000000011fdc5000,0x000000011ff46000] byte_map_base: 0x000000011c145000

Marking Bits: (ParMarkBitMap*) 0x00000001102660a0
 Begin Bits: [0x000000012085e000, 0x000000012145e000)
 End Bits:   [0x000000012145e000, 0x000000012205e000)

Polling page: 0x000000010e9d8000

CodeCache: size=245760Kb used=19155Kb max_used=19155Kb free=226604Kb
 bounds [0x0000000110a05000, 0x0000000111cf5000, 0x000000011fa05000]
 total_blobs=5845 nmethods=5106 adapters=651
 compilation: enabled

Compilation events (10 events):
Event: 18.208 Thread 0x00007f95b8854000 5927       2       org.codehaus.groovy.runtime.callsite.PogoMetaMethodSite::checkCall (25 bytes)
Event: 18.209 Thread 0x00007f95b8854000 nmethod 5927 0x0000000111750f90 code [0x0000000111751100, 0x00000001117513c8]
Event: 18.214 Thread 0x00007f95b8853800 nmethod 5895 0x0000000111740e50 code [0x00000001117413a0, 0x00000001117459f8]
Event: 18.215 Thread 0x00007f95b8853800 5919       4       org.codehaus.groovy.runtime.metaclass.MetaMethodIndex::isMatchingMethod (68 bytes)
Event: 18.217 Thread 0x00007f95b8853800 nmethod 5919 0x0000000111740a50 code [0x0000000111740ba0, 0x0000000111740cf8]
Event: 18.217 Thread 0x00007f95b8853800 5914       4       java.util.Properties$LineReader::readLine (468 bytes)
Event: 18.231 Thread 0x00007f95b8854000 5928 %     2       sun.nio.cs.UTF_8$Decoder::decode @ 20 (759 bytes)
Event: 18.232 Thread 0x00007f95b8853800 nmethod 5914 0x000000011174de10 code [0x000000011174dfa0, 0x000000011174e8b8]
Event: 18.232 Thread 0x00007f95b8853800 5926       4       groovy.lang.MetaClassImpl::findPropertyMethod (356 bytes)
Event: 18.236 Thread 0x00007f95b8854000 nmethod 5928% 0x000000011193a450 code [0x000000011193a880, 0x000000011193c8c8]

GC Heap History (10 events):
Event: 15.085 GC heap before
{Heap before GC invocations=78 (full 6):
 PSYoungGen      total 211968K, used 170833K [0x00000007b0000000, 0x00000007bfd80000, 0x00000007c0000000)
  eden space 162816K, 100% used [0x00000007b0000000,0x00000007b9f00000,0x00000007b9f00000)
  from space 49152K, 16% used [0x00000007b9f00000,0x00000007ba6d4600,0x00000007bcf00000)
  to   space 47616K, 0% used [0x00000007bcf00000,0x00000007bcf00000,0x00000007bfd80000)
 ParOldGen       total 76800K, used 68264K [0x0000000790000000, 0x0000000794b00000, 0x00000007b0000000)
  object space 76800K, 88% used [0x0000000790000000,0x00000007942aa3e0,0x0000000794b00000)
 Metaspace       used 54857K, capacity 56410K, committed 56696K, reserved 1099776K
  class space    used 6021K, capacity 6504K, committed 6528K, reserved 1048576K
Event: 15.093 GC heap after
Heap after GC invocations=78 (full 6):
 PSYoungGen      total 210944K, used 9312K [0x00000007b0000000, 0x00000007bfb80000, 0x00000007c0000000)
  eden space 165376K, 0% used [0x00000007b0000000,0x00000007b0000000,0x00000007ba180000)
  from space 45568K, 20% used [0x00000007bcf00000,0x00000007bd818010,0x00000007bfb80000)
  to   space 46080K, 0% used [0x00000007ba180000,0x00000007ba180000,0x00000007bce80000)
 ParOldGen       total 76800K, used 68272K [0x0000000790000000, 0x0000000794b00000, 0x00000007b0000000)
  object space 76800K, 88% used [0x0000000790000000,0x00000007942ac3e0,0x0000000794b00000)
 Metaspace       used 54857K, capacity 56410K, committed 56696K, reserved 1099776K
  class space    used 6021K, capacity 6504K, committed 6528K, reserved 1048576K
}
Event: 15.717 GC heap before
{Heap before GC invocations=79 (full 6):
 PSYoungGen      total 210944K, used 174688K [0x00000007b0000000, 0x00000007bfb80000, 0x00000007c0000000)
  eden space 165376K, 100% used [0x00000007b0000000,0x00000007ba180000,0x00000007ba180000)
  from space 45568K, 20% used [0x00000007bcf00000,0x00000007bd818010,0x00000007bfb80000)
  to   space 46080K, 0% used [0x00000007ba180000,0x00000007ba180000,0x00000007bce80000)
 ParOldGen       total 76800K, used 68272K [0x0000000790000000, 0x0000000794b00000, 0x00000007b0000000)
  object space 76800K, 88% used [0x0000000790000000,0x00000007942ac3e0,0x0000000794b00000)
 Metaspace       used 55680K, capacity 57244K, committed 57592K, reserved 1099776K
  class space    used 6110K, capacity 6580K, committed 6656K, reserved 1048576K
Event: 15.728 GC heap after
Heap after GC invocations=79 (full 6):
 PSYoungGen      total 211456K, used 15002K [0x00000007b0000000, 0x00000007bfa80000, 0x00000007c0000000)
  eden space 165376K, 0% used [0x00000007b0000000,0x00000007b0000000,0x00000007ba180000)
  from space 46080K, 32% used [0x00000007ba180000,0x00000007bb026af0,0x00000007bce80000)
  to   space 43008K, 0% used [0x00000007bd080000,0x00000007bd080000,0x00000007bfa80000)
 ParOldGen       total 76800K, used 68272K [0x0000000790000000, 0x0000000794b00000, 0x00000007b0000000)
  object space 76800K, 88% used [0x0000000790000000,0x00000007942ac3e0,0x0000000794b00000)
 Metaspace       used 55680K, capacity 57244K, committed 57592K, reserved 1099776K
  class space    used 6110K, capacity 6580K, committed 6656K, reserved 1048576K
}
Event: 16.250 GC heap before
{Heap before GC invocations=80 (full 6):
 PSYoungGen      total 211456K, used 178882K [0x00000007b0000000, 0x00000007bfa80000, 0x00000007c0000000)
  eden space 165376K, 99% used [0x00000007b0000000,0x00000007ba009e30,0x00000007ba180000)
  from space 46080K, 32% used [0x00000007ba180000,0x00000007bb026af0,0x00000007bce80000)
  to   space 43008K, 0% used [0x00000007bd080000,0x00000007bd080000,0x00000007bfa80000)
 ParOldGen       total 76800K, used 68272K [0x0000000790000000, 0x0000000794b00000, 0x00000007b0000000)
  object space 76800K, 88% used [0x0000000790000000,0x00000007942ac3e0,0x0000000794b00000)
 Metaspace       used 56493K, capacity 58038K, committed 58232K, reserved 1101824K
  class space    used 6225K, capacity 6715K, committed 6784K, reserved 1048576K
Event: 16.265 GC heap after
Heap after GC invocations=80 (full 6):
 PSYoungGen      total 214528K, used 19882K [0x00000007b0000000, 0x00000007bfb00000, 0x00000007c0000000)
  eden space 171520K, 0% used [0x00000007b0000000,0x00000007b0000000,0x00000007ba780000)
  from space 43008K, 46% used [0x00000007bd080000,0x00000007be3eaac0,0x00000007bfa80000)
  to   space 41984K, 0% used [0x00000007ba780000,0x00000007ba780000,0x00000007bd080000)
 ParOldGen       total 76800K, used 68272K [0x0000000790000000, 0x0000000794b00000, 0x00000007b0000000)
  object space 76800K, 88% used [0x0000000790000000,0x00000007942ac3e0,0x0000000794b00000)
 Metaspace       used 56493K, capacity 58038K, committed 58232K, reserved 1101824K
  class space    used 6225K, capacity 6715K, committed 6784K, reserved 1048576K
}
Event: 17.089 GC heap before
{Heap before GC invocations=81 (full 6):
 PSYoungGen      total 214528K, used 191402K [0x00000007b0000000, 0x00000007bfb00000, 0x00000007c0000000)
  eden space 171520K, 100% used [0x00000007b0000000,0x00000007ba780000,0x00000007ba780000)
  from space 43008K, 46% used [0x00000007bd080000,0x00000007be3eaac0,0x00000007bfa80000)
  to   space 41984K, 0% used [0x00000007ba780000,0x00000007ba780000,0x00000007bd080000)
 ParOldGen       total 76800K, used 68272K [0x0000000790000000, 0x0000000794b00000, 0x00000007b0000000)
  object space 76800K, 88% used [0x0000000790000000,0x00000007942ac3e0,0x0000000794b00000)
 Metaspace       used 57855K, capacity 59490K, committed 59896K, reserved 1101824K
  class space    used 6340K, capacity 6814K, committed 6912K, reserved 1048576K
Event: 17.106 GC heap after
Heap after GC invocations=81 (full 6):
 PSYoungGen      total 213504K, used 27532K [0x00000007b0000000, 0x00000007c0000000, 0x00000007c0000000)
  eden space 171520K, 0% used [0x00000007b0000000,0x00000007b0000000,0x00000007ba780000)
  from space 41984K, 65% used [0x00000007ba780000,0x00000007bc2631f8,0x00000007bd080000)
  to   space 43520K, 0% used [0x00000007bd580000,0x00000007bd580000,0x00000007c0000000)
 ParOldGen       total 76800K, used 68544K [0x0000000790000000, 0x0000000794b00000, 0x00000007b0000000)
  object space 76800K, 89% used [0x0000000790000000,0x00000007942f03e0,0x0000000794b00000)
 Metaspace       used 57855K, capacity 59490K, committed 59896K, reserved 1101824K
  class space    used 6340K, capacity 6814K, committed 6912K, reserved 1048576K
}
Event: 17.905 GC heap before
{Heap before GC invocations=82 (full 6):
 PSYoungGen      total 213504K, used 199052K [0x00000007b0000000, 0x00000007c0000000, 0x00000007c0000000)
  eden space 171520K, 100% used [0x00000007b0000000,0x00000007ba780000,0x00000007ba780000)
  from space 41984K, 65% used [0x00000007ba780000,0x00000007bc2631f8,0x00000007bd080000)
  to   space 43520K, 0% used [0x00000007bd580000,0x00000007bd580000,0x00000007c0000000)
 ParOldGen       total 76800K, used 68544K [0x0000000790000000, 0x0000000794b00000, 0x00000007b0000000)
  object space 76800K, 89% used [0x0000000790000000,0x00000007942f03e0,0x0000000794b00000)
 Metaspace       used 59586K, capacity 61266K, committed 61688K, reserved 1103872K
  class space    used 6586K, capacity 7080K, committed 7168K, reserved 1048576K
Event: 17.932 GC heap after
Heap after GC invocations=82 (full 6):
 PSYoungGen      total 210432K, used 35603K [0x00000007b0000000, 0x00000007c0000000, 0x00000007c0000000)
  eden space 166912K, 0% used [0x00000007b0000000,0x00000007b0000000,0x00000007ba300000)
  from space 43520K, 81% used [0x00000007bd580000,0x00000007bf844c08,0x00000007c0000000)
  to   space 47616K, 0% used [0x00000007ba300000,0x00000007ba300000,0x00000007bd180000)
 ParOldGen       total 76800K, used 68816K [0x0000000790000000, 0x0000000794b00000, 0x00000007b0000000)
  object space 76800K, 89% used [0x0000000790000000,0x00000007943343e0,0x0000000794b00000)
 Metaspace       used 59586K, capacity 61266K, committed 61688K, reserved 1103872K
  class space    used 6586K, capacity 7080K, committed 7168K, reserved 1048576K
}

Deoptimization events (10 events):
Event: 15.186 Thread 0x00007f95bcdd3000 Uncommon trap: reason=bimorphic action=maybe_recompile pc=0x0000000110c148f8 method=groovy.lang.MetaClassImpl.establishStaticMetaProperty(Lgroovy/lang/MetaProperty;)Lgroovy/lang/MetaProperty; @ 32
Event: 15.186 Thread 0x00007f95bcdd3000 Uncommon trap: reason=bimorphic action=maybe_recompile pc=0x0000000110c148f8 method=groovy.lang.MetaClassImpl.establishStaticMetaProperty(Lgroovy/lang/MetaProperty;)Lgroovy/lang/MetaProperty; @ 32
Event: 15.375 Thread 0x00007f95bcdd3000 Uncommon trap: reason=unreached action=reinterpret pc=0x00000001115c4ff8 method=java.lang.reflect.Method.equals(Ljava/lang/Object;)Z @ 1
Event: 15.507 Thread 0x00007f95bcdd3000 Uncommon trap: reason=unreached action=reinterpret pc=0x0000000111a5d538 method=org.codehaus.groovy.runtime.metaclass.MetaMethodIndex.isNonRealMethod(Lgroovy/lang/MetaMethod;)Z @ 4
Event: 15.585 Thread 0x00007f95bcdd3000 Uncommon trap: reason=bimorphic action=maybe_recompile pc=0x00000001111555e0 method=groovy.lang.MetaMethod.getMopName()Ljava/lang/String; @ 8
Event: 15.585 Thread 0x00007f95bcdd3000 Uncommon trap: reason=bimorphic action=maybe_recompile pc=0x0000000111afd0c0 method=groovy.lang.MetaClassImpl$1MOPIter.methodNameAction(Ljava/lang/Class;Lorg/codehaus/groovy/runtime/metaclass/MetaMethodIndex$Entry;)V @ 62
Event: 15.585 Thread 0x00007f95bcdd3000 Uncommon trap: reason=bimorphic action=maybe_recompile pc=0x0000000111afd0c0 method=groovy.lang.MetaClassImpl$1MOPIter.methodNameAction(Ljava/lang/Class;Lorg/codehaus/groovy/runtime/metaclass/MetaMethodIndex$Entry;)V @ 62
Event: 15.585 Thread 0x00007f95bcdd3000 Uncommon trap: reason=bimorphic action=maybe_recompile pc=0x0000000111afd0c0 method=groovy.lang.MetaClassImpl$1MOPIter.methodNameAction(Ljava/lang/Class;Lorg/codehaus/groovy/runtime/metaclass/MetaMethodIndex$Entry;)V @ 62
Event: 16.700 Thread 0x00007f95bcdd3000 Uncommon trap: reason=unreached action=reinterpret pc=0x0000000110bc4f3c method=org.codehaus.groovy.runtime.metaclass.MetaMethodIndex.getMethods(Ljava/lang/Class;Ljava/lang/String;)Lorg/codehaus/groovy/runtime/metaclass/MetaMethodIndex$Entry; @ 61
Event: 17.214 Thread 0x00007f95b8b76000 Uncommon trap: reason=unreached action=reinterpret pc=0x0000000111b0bab4 method=java.lang.Integer.parseInt(Ljava/lang/String;I)I @ 1

Internal exceptions (10 events):
Event: 18.236 Thread 0x00007f95bcdd3000 Exception <a 'java/security/PrivilegedActionException'> (0x00000007b4f71f28) thrown at [/HUDSON/workspace/8-2-build-macosx-x86_64/jdk8u5/2488/hotspot/src/share/vm/prims/jvm.cpp, line 1248]
Event: 18.236 Thread 0x00007f95bcdd3000 Exception <a 'java/security/PrivilegedActionException'> (0x00000007b4f82c68) thrown at [/HUDSON/workspace/8-2-build-macosx-x86_64/jdk8u5/2488/hotspot/src/share/vm/prims/jvm.cpp, line 1248]
Event: 18.236 Thread 0x00007f95bcdd3000 Exception <a 'java/security/PrivilegedActionException'> (0x00000007b4fa9738) thrown at [/HUDSON/workspace/8-2-build-macosx-x86_64/jdk8u5/2488/hotspot/src/share/vm/prims/jvm.cpp, line 1248]
Event: 18.236 Thread 0x00007f95bcdd3000 Exception <a 'java/lang/ClassNotFoundException': org/grails/async/factory/gpars/GparsPromiseFactoryCustomizer> (0x00000007b4faa4d0) thrown at [/HUDSON/workspace/8-2-build-macosx-x86_64/jdk8u5/2488/hotspot/src/share/vm/classfile/systemDictionary.cpp, line 
Event: 18.237 Thread 0x00007f95bcdd3000 Exception <a 'java/security/PrivilegedActionException'> (0x00000007b4fc8498) thrown at [/HUDSON/workspace/8-2-build-macosx-x86_64/jdk8u5/2488/hotspot/src/share/vm/prims/jvm.cpp, line 1248]
Event: 18.237 Thread 0x00007f95bcdd3000 Exception <a 'java/security/PrivilegedActionException'> (0x00000007b4fcb358) thrown at [/HUDSON/workspace/8-2-build-macosx-x86_64/jdk8u5/2488/hotspot/src/share/vm/prims/jvm.cpp, line 1248]
Event: 18.237 Thread 0x00007f95bcdd3000 Exception <a 'java/security/PrivilegedActionException'> (0x00000007b4fde420) thrown at [/HUDSON/workspace/8-2-build-macosx-x86_64/jdk8u5/2488/hotspot/src/share/vm/prims/jvm.cpp, line 1248]
Event: 18.237 Thread 0x00007f95bcdd3000 Exception <a 'java/security/PrivilegedActionException'> (0x00000007b4fe19f8) thrown at [/HUDSON/workspace/8-2-build-macosx-x86_64/jdk8u5/2488/hotspot/src/share/vm/prims/jvm.cpp, line 1248]
Event: 18.238 Thread 0x00007f95bcdd3000 Exception <a 'java/security/PrivilegedActionException'> (0x00000007b4ff61a8) thrown at [/HUDSON/workspace/8-2-build-macosx-x86_64/jdk8u5/2488/hotspot/src/share/vm/prims/jvm.cpp, line 1248]
Event: 18.238 Thread 0x00007f95bcdd3000 Exception <a 'java/security/PrivilegedActionException'> (0x00000007b4ff99d0) thrown at [/HUDSON/workspace/8-2-build-macosx-x86_64/jdk8u5/2488/hotspot/src/share/vm/prims/jvm.cpp, line 1248]

Events (10 events):
Event: 18.236 loading class org/grails/async/factory/gpars/GparsPromiseFactoryCustomizer
Event: 18.236 loading class org/grails/async/factory/gpars/GparsPromiseFactoryCustomizer done
Event: 18.236 loading class org/grails/async/factory/gpars/GparsPromiseFactoryCustomizer
Event: 18.236 loading class org/grails/async/factory/gpars/GparsPromiseFactoryCustomizer done
Event: 18.237 loading class groovyx/gpars/dataflow/Promise
Event: 18.237 loading class groovyx/gpars/dataflow/Promise done
Event: 18.237 loading class groovyx/gpars/dataflow/SelectableChannel
Event: 18.237 loading class groovyx/gpars/dataflow/SelectableChannel done
Event: 18.238 loading class org/grails/async/factory/gpars/LoggingPoolFactory
Event: 18.238 loading class org/grails/async/factory/gpars/LoggingPoolFactory done


Dynamic libraries:
0x000000000be71000 	/System/Library/Frameworks/Cocoa.framework/Versions/A/Cocoa
0x000000000be71000 	/System/Library/Frameworks/Security.framework/Versions/A/Security
0x000000000be71000 	/System/Library/Frameworks/ApplicationServices.framework/Versions/A/ApplicationServices
0x000000000be71000 	/usr/lib/libz.1.dylib
0x000000000be71000 	/usr/lib/libSystem.B.dylib
0x000000000be71000 	/usr/lib/libobjc.A.dylib
0x000000000be71000 	/System/Library/Frameworks/CoreFoundation.framework/Versions/A/CoreFoundation
0x000000000be71000 	/System/Library/Frameworks/Foundation.framework/Versions/C/Foundation
0x000000000be71000 	/System/Library/Frameworks/AppKit.framework/Versions/C/AppKit
0x000000000be71000 	/System/Library/Frameworks/CoreData.framework/Versions/A/CoreData
0x000000000be71000 	/System/Library/PrivateFrameworks/RemoteViewServices.framework/Versions/A/RemoteViewServices
0x000000000be71000 	/System/Library/Frameworks/AudioToolbox.framework/Versions/A/AudioToolbox
0x000000000be71000 	/System/Library/Frameworks/AudioUnit.framework/Versions/A/AudioUnit
0x000000000be71000 	/System/Library/PrivateFrameworks/DataDetectorsCore.framework/Versions/A/DataDetectorsCore
0x000000000be71000 	/System/Library/PrivateFrameworks/DesktopServicesPriv.framework/Versions/A/DesktopServicesPriv
0x000000000be71000 	/System/Library/Frameworks/Carbon.framework/Versions/A/Frameworks/HIToolbox.framework/Versions/A/HIToolbox
0x000000000be71000 	/System/Library/Frameworks/QuartzCore.framework/Versions/A/QuartzCore
0x000000000be71000 	/System/Library/Frameworks/Carbon.framework/Versions/A/Frameworks/SpeechRecognition.framework/Versions/A/SpeechRecognition
0x000000000be71000 	/usr/lib/libauto.dylib
0x000000000be71000 	/usr/lib/libicucore.A.dylib
0x000000000be71000 	/usr/lib/libxml2.2.dylib
0x000000000be71000 	/System/Library/PrivateFrameworks/CoreUI.framework/Versions/A/CoreUI
0x000000000be71000 	/System/Library/Frameworks/CoreAudio.framework/Versions/A/CoreAudio
0x000000000be71000 	/System/Library/Frameworks/DiskArbitration.framework/Versions/A/DiskArbitration
0x000000000be71000 	/usr/lib/liblangid.dylib
0x000000000be71000 	/System/Library/PrivateFrameworks/MultitouchSupport.framework/Versions/A/MultitouchSupport
0x000000000be71000 	/System/Library/Frameworks/IOKit.framework/Versions/A/IOKit
0x000000000be71000 	/usr/lib/libDiagnosticMessagesClient.dylib
0x000000000be71000 	/System/Library/Frameworks/CoreServices.framework/Versions/A/CoreServices
0x000000000be71000 	/System/Library/PrivateFrameworks/PerformanceAnalysis.framework/Versions/A/PerformanceAnalysis
0x000000000be71000 	/System/Library/PrivateFrameworks/GenerationalStorage.framework/Versions/A/GenerationalStorage
0x000000000be71000 	/System/Library/Frameworks/OpenGL.framework/Versions/A/OpenGL
0x000000000be71000 	/System/Library/PrivateFrameworks/Sharing.framework/Versions/A/Sharing
0x000000000be71000 	/System/Library/Frameworks/ImageIO.framework/Versions/A/ImageIO
0x000000000be71000 	/System/Library/Frameworks/CoreText.framework/Versions/A/CoreText
0x000000000be71000 	/System/Library/Frameworks/CoreGraphics.framework/Versions/A/CoreGraphics
0x000000000be71000 	/System/Library/PrivateFrameworks/Backup.framework/Versions/A/Backup
0x000000000be71000 	/System/Library/Frameworks/CFNetwork.framework/Versions/A/CFNetwork
0x000000000be71000 	/System/Library/Frameworks/SystemConfiguration.framework/Versions/A/SystemConfiguration
0x000000000be71000 	/usr/lib/libCRFSuite.dylib
0x000000000be71000 	/usr/lib/libc++.1.dylib
0x000000000be71000 	/usr/lib/libc++abi.dylib
0x000000000be71000 	/usr/lib/system/libcache.dylib
0x000000000be71000 	/usr/lib/system/libcommonCrypto.dylib
0x000000000be71000 	/usr/lib/system/libcompiler_rt.dylib
0x000000000be71000 	/usr/lib/system/libcopyfile.dylib
0x000000000be71000 	/usr/lib/system/libcorecrypto.dylib
0x000000000be71000 	/usr/lib/system/libdispatch.dylib
0x000000000be71000 	/usr/lib/system/libdyld.dylib
0x000000000be71000 	/usr/lib/system/libkeymgr.dylib
0x000000000be71000 	/usr/lib/system/liblaunch.dylib
0x000000000be71000 	/usr/lib/system/libmacho.dylib
0x000000000be71000 	/usr/lib/system/libquarantine.dylib
0x000000000be71000 	/usr/lib/system/libremovefile.dylib
0x000000000be71000 	/usr/lib/system/libsystem_asl.dylib
0x000000000be71000 	/usr/lib/system/libsystem_blocks.dylib
0x000000000be71000 	/usr/lib/system/libsystem_c.dylib
0x000000000be71000 	/usr/lib/system/libsystem_configuration.dylib
0x000000000be71000 	/usr/lib/system/libsystem_dnssd.dylib
0x000000000be71000 	/usr/lib/system/libsystem_info.dylib
0x000000000be71000 	/usr/lib/system/libsystem_kernel.dylib
0x000000000be71000 	/usr/lib/system/libsystem_m.dylib
0x000000000be71000 	/usr/lib/system/libsystem_malloc.dylib
0x000000000be71000 	/usr/lib/system/libsystem_network.dylib
0x000000000be71000 	/usr/lib/system/libsystem_notify.dylib
0x000000000be71000 	/usr/lib/system/libsystem_platform.dylib
0x000000000be71000 	/usr/lib/system/libsystem_pthread.dylib
0x000000000be71000 	/usr/lib/system/libsystem_sandbox.dylib
0x000000000be71000 	/usr/lib/system/libsystem_stats.dylib
0x000000000be71000 	/usr/lib/system/libunc.dylib
0x000000000be71000 	/usr/lib/system/libunwind.dylib
0x000000000be71000 	/usr/lib/system/libxpc.dylib
0x000000000be71000 	/usr/lib/libbsm.0.dylib
0x000000000be71000 	/usr/lib/libsqlite3.dylib
0x000000000be71000 	/usr/lib/libxar.1.dylib
0x000000000be71000 	/usr/lib/libpam.2.dylib
0x000000000be71000 	/usr/lib/libOpenScriptingUtil.dylib
0x000000000be71000 	/usr/lib/libbz2.1.0.dylib
0x000000000be71000 	/System/Library/Frameworks/CoreServices.framework/Versions/A/Frameworks/CarbonCore.framework/Versions/A/CarbonCore
0x000000000be71000 	/System/Library/Frameworks/CoreServices.framework/Versions/A/Frameworks/Metadata.framework/Versions/A/Metadata
0x000000000be71000 	/System/Library/Frameworks/CoreServices.framework/Versions/A/Frameworks/OSServices.framework/Versions/A/OSServices
0x000000000be71000 	/System/Library/Frameworks/CoreServices.framework/Versions/A/Frameworks/SearchKit.framework/Versions/A/SearchKit
0x000000000be71000 	/System/Library/Frameworks/CoreServices.framework/Versions/A/Frameworks/AE.framework/Versions/A/AE
0x000000000be71000 	/System/Library/Frameworks/CoreServices.framework/Versions/A/Frameworks/LaunchServices.framework/Versions/A/LaunchServices
0x000000000be71000 	/System/Library/Frameworks/CoreServices.framework/Versions/A/Frameworks/DictionaryServices.framework/Versions/A/DictionaryServices
0x000000000be71000 	/System/Library/Frameworks/NetFS.framework/Versions/A/NetFS
0x000000000be71000 	/usr/lib/system/libkxld.dylib
0x000000000be71000 	/System/Library/PrivateFrameworks/NetAuth.framework/Versions/A/NetAuth
0x000000000be71000 	/System/Library/PrivateFrameworks/TCC.framework/Versions/A/TCC
0x000000000be71000 	/System/Library/Frameworks/OpenDirectory.framework/Versions/A/Frameworks/CFOpenDirectory.framework/Versions/A/CFOpenDirectory
0x000000000be71000 	/System/Library/Frameworks/ServiceManagement.framework/Versions/A/ServiceManagement
0x000000000be71000 	/usr/lib/libxslt.1.dylib
0x000000000be71000 	/System/Library/Frameworks/Carbon.framework/Versions/A/Frameworks/Ink.framework/Versions/A/Ink
0x000000000be71000 	/System/Library/Frameworks/ApplicationServices.framework/Versions/A/Frameworks/ATS.framework/Versions/A/ATS
0x000000000be71000 	/System/Library/Frameworks/ApplicationServices.framework/Versions/A/Frameworks/ColorSync.framework/Versions/A/ColorSync
0x000000000be71000 	/System/Library/Frameworks/ApplicationServices.framework/Versions/A/Frameworks/HIServices.framework/Versions/A/HIServices
0x000000000be71000 	/System/Library/Frameworks/ApplicationServices.framework/Versions/A/Frameworks/LangAnalysis.framework/Versions/A/LangAnalysis
0x000000000be71000 	/System/Library/Frameworks/ApplicationServices.framework/Versions/A/Frameworks/PrintCore.framework/Versions/A/PrintCore
0x000000000be71000 	/System/Library/Frameworks/ApplicationServices.framework/Versions/A/Frameworks/QD.framework/Versions/A/QD
0x000000000be71000 	/System/Library/Frameworks/ApplicationServices.framework/Versions/A/Frameworks/SpeechSynthesis.framework/Versions/A/SpeechSynthesis
0x000000000be71000 	/System/Library/Frameworks/IOSurface.framework/Versions/A/IOSurface
0x000000000be71000 	/System/Library/Frameworks/Accelerate.framework/Versions/A/Accelerate
0x000000000be71000 	/System/Library/Frameworks/Accelerate.framework/Versions/A/Frameworks/vImage.framework/Versions/A/vImage
0x000000000be71000 	/System/Library/Frameworks/Accelerate.framework/Versions/A/Frameworks/vecLib.framework/Versions/A/vecLib
0x000000000be71000 	/System/Library/Frameworks/Accelerate.framework/Versions/A/Frameworks/vecLib.framework/Versions/A/libvDSP.dylib
0x000000000be71000 	/System/Library/Frameworks/Accelerate.framework/Versions/A/Frameworks/vecLib.framework/Versions/A/libvMisc.dylib
0x000000000be71000 	/System/Library/Frameworks/Accelerate.framework/Versions/A/Frameworks/vecLib.framework/Versions/A/libLAPACK.dylib
0x000000000be71000 	/System/Library/Frameworks/Accelerate.framework/Versions/A/Frameworks/vecLib.framework/Versions/A/libBLAS.dylib
0x000000000be71000 	/System/Library/Frameworks/ApplicationServices.framework/Versions/A/Frameworks/ATS.framework/Versions/A/Resources/libFontParser.dylib
0x000000000be71000 	/System/Library/Frameworks/ApplicationServices.framework/Versions/A/Frameworks/ATS.framework/Versions/A/Resources/libFontRegistry.dylib
0x000000000be71000 	/System/Library/Frameworks/ImageIO.framework/Versions/A/Resources/libJPEG.dylib
0x000000000be71000 	/System/Library/Frameworks/ImageIO.framework/Versions/A/Resources/libTIFF.dylib
0x000000000be71000 	/System/Library/Frameworks/ImageIO.framework/Versions/A/Resources/libPng.dylib
0x000000000be71000 	/System/Library/Frameworks/ImageIO.framework/Versions/A/Resources/libGIF.dylib
0x000000000be71000 	/System/Library/Frameworks/ImageIO.framework/Versions/A/Resources/libJP2.dylib
0x000000000be71000 	/System/Library/Frameworks/ImageIO.framework/Versions/A/Resources/libRadiance.dylib
0x000000000be71000 	/usr/lib/libcups.2.dylib
0x000000000be71000 	/System/Library/Frameworks/Kerberos.framework/Versions/A/Kerberos
0x000000000be71000 	/System/Library/Frameworks/GSS.framework/Versions/A/GSS
0x000000000be71000 	/usr/lib/libresolv.9.dylib
0x000000000be71000 	/usr/lib/libiconv.2.dylib
0x000000000be71000 	/System/Library/PrivateFrameworks/Heimdal.framework/Versions/A/Heimdal
0x000000000be71000 	/System/Library/PrivateFrameworks/TrustEvaluationAgent.framework/Versions/A/TrustEvaluationAgent
0x000000000be71000 	/usr/lib/libheimdal-asn1.dylib
0x000000000be71000 	/System/Library/Frameworks/OpenDirectory.framework/Versions/A/OpenDirectory
0x000000000be71000 	/System/Library/PrivateFrameworks/CommonAuth.framework/Versions/A/CommonAuth
0x000000000be71000 	/System/Library/Frameworks/SecurityFoundation.framework/Versions/A/SecurityFoundation
0x000000000be71000 	/System/Library/PrivateFrameworks/Bom.framework/Versions/A/Bom
0x000000000be71000 	/System/Library/Frameworks/CoreVideo.framework/Versions/A/CoreVideo
0x000000000be71000 	/System/Library/Frameworks/QuartzCore.framework/Versions/A/Frameworks/CoreImage.framework/Versions/A/CoreImage
0x000000000be71000 	/System/Library/Frameworks/QuartzCore.framework/Versions/A/Frameworks/ScalableUserInterface.framework/Versions/A/ScalableUserInterface
0x000000000be71000 	/System/Library/Frameworks/OpenGL.framework/Versions/A/Libraries/libGLU.dylib
0x000000000be71000 	/System/Library/Frameworks/OpenGL.framework/Versions/A/Libraries/libGFXShared.dylib
0x000000000be71000 	/System/Library/Frameworks/OpenGL.framework/Versions/A/Libraries/libGL.dylib
0x000000000be71000 	/System/Library/Frameworks/OpenGL.framework/Versions/A/Libraries/libGLImage.dylib
0x000000000be71000 	/System/Library/Frameworks/OpenGL.framework/Versions/A/Libraries/libCVMSPluginSupport.dylib
0x000000000be71000 	/System/Library/Frameworks/OpenGL.framework/Versions/A/Libraries/libCoreVMClient.dylib
0x000000000be71000 	/System/Library/PrivateFrameworks/FaceCore.framework/Versions/A/FaceCore
0x000000000be71000 	/System/Library/PrivateFrameworks/CrashReporterSupport.framework/Versions/A/CrashReporterSupport
0x000000000be71000 	/System/Library/Frameworks/OpenCL.framework/Versions/A/OpenCL
0x000000000be71000 	/System/Library/PrivateFrameworks/AppleFSCompression.framework/Versions/A/AppleFSCompression
0x000000000be71000 	/System/Library/PrivateFrameworks/Ubiquity.framework/Versions/A/Ubiquity
0x000000000be71000 	/System/Library/PrivateFrameworks/IconServices.framework/Versions/A/IconServices
0x000000000be71000 	/System/Library/PrivateFrameworks/ChunkingLibrary.framework/Versions/A/ChunkingLibrary
0x000000000be71000 	/System/Library/PrivateFrameworks/CoreSymbolication.framework/Versions/A/CoreSymbolication
0x000000000be71000 	/System/Library/PrivateFrameworks/Symbolication.framework/Versions/A/Symbolication
0x000000000be71000 	/System/Library/PrivateFrameworks/DebugSymbols.framework/Versions/A/DebugSymbols
0x000000010fa00000 	/Library/Java/JavaVirtualMachines/jdk1.8.0_05.jdk/Contents/Home/jre/lib/server/libjvm.dylib
0x000000000be71000 	/usr/lib/libstdc++.6.dylib
0x000000010e996000 	/Library/Java/JavaVirtualMachines/jdk1.8.0_05.jdk/Contents/Home/jre/lib/libverify.dylib
0x000000010e9a4000 	/Library/Java/JavaVirtualMachines/jdk1.8.0_05.jdk/Contents/Home/jre/lib/libjava.dylib
0x000000010e9d9000 	/Library/Java/JavaVirtualMachines/jdk1.8.0_05.jdk/Contents/Home/jre/lib/libinstrument.dylib
0x00000001109fc000 	/Library/Java/JavaVirtualMachines/jdk1.8.0_05.jdk/Contents/Home/jre/lib/libzip.dylib
0x0000000124c19000 	/System/Library/Frameworks/JavaVM.framework/Frameworks/JavaRuntimeSupport.framework/JavaRuntimeSupport
0x0000000124c31000 	/System/Library/Frameworks/JavaVM.framework/Versions/A/Frameworks/JavaNativeFoundation.framework/Versions/A/JavaNativeFoundation
0x0000000124c46000 	/System/Library/Frameworks/JavaVM.framework/Versions/A/JavaVM
0x000000000be71000 	/System/Library/Frameworks/Carbon.framework/Versions/A/Carbon
0x0000000124c53000 	/System/Library/PrivateFrameworks/JavaLaunching.framework/Versions/A/JavaLaunching
0x000000000be71000 	/System/Library/Frameworks/Carbon.framework/Versions/A/Frameworks/CommonPanels.framework/Versions/A/CommonPanels
0x000000000be71000 	/System/Library/Frameworks/Carbon.framework/Versions/A/Frameworks/Help.framework/Versions/A/Help
0x000000000be71000 	/System/Library/Frameworks/Carbon.framework/Versions/A/Frameworks/ImageCapture.framework/Versions/A/ImageCapture
0x000000000be71000 	/System/Library/Frameworks/Carbon.framework/Versions/A/Frameworks/OpenScripting.framework/Versions/A/OpenScripting
0x000000000be71000 	/System/Library/Frameworks/Carbon.framework/Versions/A/Frameworks/Print.framework/Versions/A/Print
0x000000000be71000 	/System/Library/Frameworks/Carbon.framework/Versions/A/Frameworks/SecurityHI.framework/Versions/A/SecurityHI
0x0000000125681000 	/private/var/folders/h2/mqnxd4lx2qgd39cprjyyt77w0000gn/T/libjansi-64-3569500155644246414.jnilib
0x00000001259bd000 	/Library/Java/JavaVirtualMachines/jdk1.8.0_05.jdk/Contents/Home/jre/lib/libnet.dylib
0x0000000126412000 	/Library/Java/JavaVirtualMachines/jdk1.8.0_05.jdk/Contents/Home/jre/lib/libmanagement.dylib
0x00000001263ef000 	/Library/Java/JavaVirtualMachines/jdk1.8.0_05.jdk/Contents/Home/jre/lib/libnio.dylib

VM Arguments:
jvm_args: -Dfile.encoding=UTF-8 -Xmx768M -Xms64M -Dgrails.fork.parent.process.port=54276 -Dgrails.fork.active=true -Dgrails.build.execution.context=/private/var/folders/h2/mqnxd4lx2qgd39cprjyyt77w0000gn/T/Paapillon_v7-master7920423579193338533grails-execution-context -Dgrails.home=/Users/noreen/Downloads/ggts-bundle/grails-2.4.3 -javaagent:/Users/noreen/Downloads/ggts-bundle/grails-2.4.3/lib/org.springframework/springloaded/jars/springloaded-1.2.0.RELEASE.jar -Xverify:none -Dspringloaded.synchronize=true -Djdk.reflect.allowGetCallerClass=true -Dspringloaded=profile=grails;cacheDir=/Users/noreen/.grails/2.4.3 
java_command: org.grails.plugins.tomcat.fork.ForkedTomcatServer
java_class_path (initial): /Library/Java/JavaVirtualMachines/jdk1.8.0_05.jdk/Contents/Home/lib/tools.jar:/Users/noreen/Downloads/ggts-bundle/grails-2.4.3/lib/org.codehaus.groovy/groovy-all/jars/groovy-all-2.3.6.jar:/Users/noreen/Downloads/ggts-bundle/grails-2.4.3/lib/org.slf4j/jcl-over-slf4j/jars/jcl-over-slf4j-1.7.5.jar:/Users/noreen/Downloads/ggts-bundle/grails-2.4.3/lib/org.codehaus.gant/gant_groovy1.8/jars/gant_groovy1.8-1.9.6.jar:/Users/noreen/Downloads/ggts-bundle/grails-2.4.3/lib/org.apache.tomcat.embed/tomcat-embed-logging-log4j/jars/tomcat-embed-logging-log4j-7.0.50.jar:/Users/noreen/Downloads/ggts-bundle/grails-2.4.3/dist/grails-plugin-log4j-2.4.3.jar:/Users/noreen/Downloads/ggts-bundle/grails-2.4.3/lib/log4j/log4j/jars/log4j-1.2.17.jar:/Users/noreen/Downloads/ggts-bundle/grails-2.4.3/dist/grails-bootstrap-2.4.3.jar:/Users/noreen/Downloads/ggts-bundle/grails-2.4.3/lib/org.slf4j/slf4j-api/jars/slf4j-api-1.7.5.jar:/Users/noreen/Downloads/ggts-bundle/grails-2.4.3/lib/jline/jline/jars/jline-2.12.jar:/Users/noreen/Downloads/ggts-bundle/grails-2.4.3/lib/org.apache.ant/ant/jars/ant-1.8.4.jar:/Users/noreen/Downloads/ggts-bundle/grails-2.4.3/lib/org.apache.ant/ant-launcher/jars/ant-launcher-1.8.4.jar:/Users/noreen/Downloads/ggts-bundle/grails-2.4.3/lib/org.apache.ant/ant-trax/jars/ant-trax-1.7.1.jar:/Users/noreen/Downloads/ggts-bundle/grails-2.4.3/lib/org.apache.ant/ant-junit/jars/ant-junit-1.8.4.jar:/Users/noreen/Downloads/ggts-bundle/grails-2.4.3/lib/org.apache.ivy/ivy/jars/ivy-2.3.0.jar:/Users/noreen/Downloads/ggts-bundle/grails-2.4.3/lib/org.fusesource.jansi/jansi/jars/jansi-1.11.jar:/Users/noreen/.m2/repository/org/apache/tomcat/tomcat-catalina-ant/7.0.55/tomcat-catalina-ant-7.0.55.jar:/Users/noreen/.m2/repository/org/apache/tomcat/embed/tomcat-embed-jasper/7.0.55/tomcat-embed-jasper-7.0.55.jar:/Users/noreen/.m2/repository/org/apache/tomcat/embed/tomcat-embed-el/7.0.55/tomcat-embed-el-7.0.55.jar:/Users/noreen/.m2/repository/org/apache/tomcat/embed/tomcat-emb
Launcher Type: SUN_STANDARD

Environment Variables:
JAVA_HOME=/Library/Java/JavaVirtualMachines/jdk1.8.0_05.jdk/Contents/Home
PATH=/usr/bin:/bin:/usr/sbin:/sbin
SHELL=/bin/bash
DISPLAY=/tmp/launch-JOeKHD/org.macosforge.xquartz:0

Signal Handlers:
SIGSEGV: [libjvm.dylib+0x55f7df], sa_mask[0]=0xfffefeff, sa_flags=0x00000043
SIGBUS: [libjvm.dylib+0x55f7df], sa_mask[0]=0xfffefeff, sa_flags=0x00000042
SIGFPE: [libjvm.dylib+0x442cfa], sa_mask[0]=0xfffefeff, sa_flags=0x00000042
SIGPIPE: [libjvm.dylib+0x442cfa], sa_mask[0]=0xfffefeff, sa_flags=0x00000042
SIGXFSZ: [libjvm.dylib+0x442cfa], sa_mask[0]=0xfffefeff, sa_flags=0x00000042
SIGILL: [libjvm.dylib+0x442cfa], sa_mask[0]=0xfffefeff, sa_flags=0x00000042
SIGUSR1: SIG_DFL, sa_mask[0]=0x00000000, sa_flags=0x00000002
SIGUSR2: [libjvm.dylib+0x442818], sa_mask[0]=0x00000004, sa_flags=0x00000042
SIGHUP: [libjvm.dylib+0x440ba5], sa_mask[0]=0xfffefeff, sa_flags=0x00000042
SIGINT: [libjvm.dylib+0x440ba5], sa_mask[0]=0xfffefeff, sa_flags=0x00000042
SIGTERM: [libjvm.dylib+0x440ba5], sa_mask[0]=0xfffefeff, sa_flags=0x00000042
SIGQUIT: [libjvm.dylib+0x440ba5], sa_mask[0]=0xfffefeff, sa_flags=0x00000042


---------------  S Y S T E M  ---------------

OS:Bsduname:Darwin 13.3.0 Darwin Kernel Version 13.3.0: Tue Jun  3 21:27:35 PDT 2014; root:xnu-2422.110.17~1/RELEASE_X86_64 x86_64
rlimit: STACK 8192k, CORE 0k, NPROC 709, NOFILE 10240, AS infinity
load average:4.03 3.30 2.82

CPU:total 8 (4 cores per cpu, 2 threads per core) family 6 model 58 stepping 9, cmov, cx8, fxsr, mmx, sse, sse2, sse3, ssse3, sse4.1, sse4.2, popcnt, avx, aes, clmul, erms, ht, tsc, tscinvbit

Memory: 4k page, physical 4194304k(188832k free)

/proc/meminfo:


vm_info: Java HotSpot(TM) 64-Bit Server VM (25.5-b02) for bsd-amd64 JRE (1.8.0_05-b13), built on Mar 18 2014 00:36:13 by "java_re" with gcc 4.2.1 (Based on Apple Inc. build 5658) (LLVM build 2336.11.00)

time: Wed Nov  5 18:22:21 2014
elapsed time: 18 seconds

