#
# A fatal error has been detected by the Java Runtime Environment:
#
#  SIGSEGV (0xb) at pc=0x00000001030d02f0, pid=5958, tid=20739
#
# JRE version: Java(TM) SE Runtime Environment (8.0_05-b13) (build 1.8.0_05-b13)
# Java VM: Java HotSpot(TM) 64-Bit Server VM (25.5-b02 mixed mode bsd-amd64 compressed oops)
# Problematic frame:
# V  [libjvm.dylib+0xd02f0]  OopFlow::build_oop_map(Node*, int, PhaseRegAlloc*, int*)+0xd2
#
# Failed to write core dump. Core dumps have been disabled. To enable core dumping, try "ulimit -c unlimited" before starting Java again
#
# If you would like to submit a bug report, please visit:
#   http://bugreport.sun.com/bugreport/crash.jsp
#

---------------  T H R E A D  ---------------

Current thread (0x00007fefec00b800):  JavaThread "C2 CompilerThread1" daemon [_thread_in_native, id=20739, stack(0x0000000118721000,0x0000000118821000)]

siginfo:si_signo=SIGSEGV: si_errno=0, si_code=1 (SEGV_MAPERR), si_addr=0x0000000000000000

Registers:
RAX=0x00007fefee9ca808, RBX=0x00007fefed8ebd38, RCX=0x0000000000000000, RDX=0x0000000000000008
RSP=0x000000011881d870, RBP=0x000000011881d8e0, RSI=0x000000000000001c, RDI=0x0000000000000000
R8 =0x00007fefea81aa80, R9 =0x00007fefed981478, R10=0x0000000000000060, R11=0x00000000000008d0
R12=0x0000000000000000, R13=0x0000000000000013, R14=0x00007fefed8ebd38, R15=0x00000000000000c0
RIP=0x00000001030d02f0, EFLAGS=0x0000000000010206, ERR=0x0000000000000004
  TRAPNO=0x000000000000000e

Top of Stack: (sp=0x000000011881d870)
0x000000011881d870:   000000011881d8e0 00000000000000da
0x000000011881d880:   00007fefea81aa80 00007fefed3dcc70
0x000000011881d890:   00007fefee9caee0 0000001c00000008
0x000000011881d8a0:   000000011881e550 00007fefee9caf10
0x000000011881d8b0:   00000000000000b8 00007fefee9caee0
0x000000011881d8c0:   0000000000000012 0000000000000013
0x000000011881d8d0:   00007fefed8ebd38 00007fefee9cffff
0x000000011881d8e0:   000000011881d940 00000001030d000d
0x000000011881d8f0:   000000011881d940 000000da1881ffd0
0x000000011881d900:   00007fefea816560 0000000aee9ca800
0x000000011881d910:   000000011881e550 00007fefed981bf8
0x000000011881d920:   00007fefee9caee0 0000000000000004
0x000000011881d930:   00007fefee9c7990 00007fefee9ca610
0x000000011881d940:   000000011881da40 00000001030d0f3b
0x000000011881d950:   000000000150f100 0000000000000007
0x000000011881d960:   0000000000000007 00007fefea81877c
0x000000011881d970:   00000000000000da 000000000000001c
0x000000011881d980:   00007fefea81877c 00007fefeb80a100
0x000000011881d990:   000000011881ffd0 0000000000000007
0x000000011881d9a0:   00007fefea81877c 0000000000000007
0x000000011881d9b0:   ffffffffffffffff 000000011881e680
0x000000011881d9c0:   00007fefed981478 00007fefea816560
0x000000011881d9d0:   00000000000006d0 00000000000001b4
0x000000011881d9e0:   0000000000000000 0000000100000080
0x000000011881d9f0:   00007fefeb80a100 00007fefea818b80
0x000000011881da00:   00007fef00000004 0000000000000014
0x000000011881da10:   0000000000000000 000000011881ffd0
0x000000011881da20:   000000011881e680 00000000000009de
0x000000011881da30:   00007fefea813210 0000000118820798
0x000000011881da40:   000000011881da90 000000010344b7d8
0x000000011881da50:   00007fefed8eb180 00007fefed97be68
0x000000011881da60:   0000000118820140 000000011881ffd0 

Instructions: (pc=0x00000001030d02f0)
0x00000001030d02d0:   00 00 44 89 ff 8b 75 bc 8b 55 b8 e8 fa 0c 00 00
0x00000001030d02e0:   48 89 45 d0 48 8b 45 b0 48 8b 40 08 4e 8b 24 f8
0x00000001030d02f0:   49 8b 04 24 4c 89 e7 ff 50 28 48 63 48 10 48 89
0x00000001030d0300:   ca 48 c1 e2 05 48 8d 35 74 8a 6f 00 80 7c 16 10 

Register to memory mapping:

RAX=0x00007fefee9ca808 is an unknown value
RBX=0x00007fefed8ebd38 is an unknown value
RCX=0x0000000000000000 is an unknown value
RDX=0x0000000000000008 is an unknown value
RSP=0x000000011881d870 is pointing into the stack for thread: 0x00007fefec00b800
RBP=0x000000011881d8e0 is pointing into the stack for thread: 0x00007fefec00b800
RSI=0x000000000000001c is an unknown value
RDI=0x0000000000000000 is an unknown value
R8 =0x00007fefea81aa80 is an unknown value
R9 =0x00007fefed981478 is an unknown value
R10=0x0000000000000060 is an unknown value
R11=0x00000000000008d0 is an unknown value
R12=0x0000000000000000 is an unknown value
R13=0x0000000000000013 is an unknown value
R14=0x00007fefed8ebd38 is an unknown value
R15=0x00000000000000c0 is an unknown value


Stack: [0x0000000118721000,0x0000000118821000],  sp=0x000000011881d870,  free space=1010k
Native frames: (J=compiled Java code, j=interpreted, Vv=VM code, C=native code)
V  [libjvm.dylib+0xd02f0]  OopFlow::build_oop_map(Node*, int, PhaseRegAlloc*, int*)+0xd2
V  [libjvm.dylib+0xd000d]  OopFlow::compute_reach(PhaseRegAlloc*, int, Dict*)+0xa9
V  [libjvm.dylib+0xd0f3b]  Compile::BuildOopMaps()+0x92d
V  [libjvm.dylib+0x44b7d8]  Compile::Output()+0x40c
V  [libjvm.dylib+0x19d040]  Compile::Code_Gen()+0x21a
V  [libjvm.dylib+0x1a0a7b]  Compile::Compile(ciEnv*, C2Compiler*, ciMethod*, int, bool, bool, bool)+0x905
V  [libjvm.dylib+0x143eb2]  C2Compiler::compile_method(ciEnv*, ciMethod*, int)+0xac
V  [libjvm.dylib+0x1a431c]  CompileBroker::invoke_compiler_on_method(CompileTask*)+0x5b2
V  [libjvm.dylib+0x1a642b]  CompileBroker::compiler_thread_loop()+0x2d5
V  [libjvm.dylib+0x51ccf5]  JavaThread::thread_main_inner()+0x9b
V  [libjvm.dylib+0x51e432]  JavaThread::run()+0x1c2
V  [libjvm.dylib+0x445426]  java_start(Thread*)+0xf6
C  [libsystem_pthread.dylib+0x1899]  _pthread_body+0x8a
C  [libsystem_pthread.dylib+0x172a]  _pthread_struct_init+0x0
C  [libsystem_pthread.dylib+0x5fc9]  thread_start+0xd


Current CompileTask:
C2:  26150 6096       4       groovy.lang.MetaClassImpl::findPropertyMethod (356 bytes)


---------------  P R O C E S S  ---------------

Java Threads: ( => current thread )
  0x00007fefecff6000 JavaThread "net.sf.ehcache.CacheManager@59407123" daemon [_thread_blocked, id=15623, stack(0x000000011ce96000,0x000000011cf96000)]
  0x00007fefec8e5800 JavaThread "PoolCleaner[1917025677:1415211543095]" daemon [_thread_blocked, id=18439, stack(0x000000011d5cf000,0x000000011d6cf000)]
  0x00007fefece41800 JavaThread "FileSystemWatcher: files=#137 cl=groovy.lang.GroovyClassLoader@72437d8d" daemon [_thread_blocked, id=26371, stack(0x000000011b555000,0x000000011b655000)]
  0x00007fefea8e6800 JavaThread "localhost-startStop-1" daemon [_thread_in_Java, id=25859, stack(0x000000011b16a000,0x000000011b26a000)]
  0x00007fefec234000 JavaThread "Tomcat-startStop-1" daemon [_thread_blocked, id=25347, stack(0x000000011b067000,0x000000011b167000)]
  0x00007fefea8e3800 JavaThread "Thread-3" [_thread_in_native, id=24835, stack(0x000000011a7d4000,0x000000011a8d4000)]
  0x00007fefec9bd000 JavaThread "Thread-2" [_thread_blocked, id=24323, stack(0x00000001193a6000,0x00000001194a6000)]
  0x00007fefec035000 JavaThread "NonBlockingInputStreamThread" daemon [_thread_blocked, id=23811, stack(0x0000000119241000,0x0000000119341000)]
  0x00007fefec930000 JavaThread "process reaper" daemon [_thread_blocked, id=23299, stack(0x0000000118d16000,0x0000000118d3e000)]
  0x00007fefea812800 JavaThread "Service Thread" daemon [_thread_blocked, id=22275, stack(0x0000000118a2a000,0x0000000118b2a000)]
  0x00007fefec00c000 JavaThread "C1 CompilerThread3" daemon [_thread_in_native, id=21763, stack(0x0000000118927000,0x0000000118a27000)]
  0x00007fefed800000 JavaThread "C2 CompilerThread2" daemon [_thread_in_native, id=21251, stack(0x0000000118824000,0x0000000118924000)]
=>0x00007fefec00b800 JavaThread "C2 CompilerThread1" daemon [_thread_in_native, id=20739, stack(0x0000000118721000,0x0000000118821000)]
  0x00007fefec00a800 JavaThread "C2 CompilerThread0" daemon [_thread_in_native, id=20227, stack(0x000000011861e000,0x000000011871e000)]
  0x00007fefe9876000 JavaThread "Signal Dispatcher" daemon [_thread_blocked, id=19715, stack(0x000000011833a000,0x000000011843a000)]
  0x00007fefec000800 JavaThread "Finalizer" daemon [_thread_blocked, id=14595, stack(0x00000001180f7000,0x00000001181f7000)]
  0x00007fefec805800 JavaThread "Reference Handler" daemon [_thread_blocked, id=14083, stack(0x0000000117ff4000,0x00000001180f4000)]
  0x00007fefea006800 JavaThread "main" [_thread_blocked, id=6403, stack(0x0000000103ec1000,0x0000000103fc1000)]

Other Threads:
  0x00007fefe985d000 VMThread [stack: 0x0000000117ef1000,0x0000000117ff1000] [id=13571]
  0x00007fefe985f000 WatcherThread [stack: 0x0000000118b2d000,0x0000000118c2d000] [id=22787]

VM state:not at safepoint (normal execution)

VM Mutex/Monitor currently owned by a thread:  ([mutex/lock_event])
[0x00007fefe9403910] CodeCache_lock - owner thread: 0x0000000000000000

Heap:
 PSYoungGen      total 209408K, used 87644K [0x00000007b0000000, 0x00000007c0000000, 0x00000007c0000000)
  eden space 165888K, 30% used [0x00000007b0000000,0x00000007b310e5c8,0x00000007ba200000)
  from space 43520K, 85% used [0x00000007bd580000,0x00000007bfa08ba0,0x00000007c0000000)
  to   space 48128K, 0% used [0x00000007ba200000,0x00000007ba200000,0x00000007bd100000)
 ParOldGen       total 72704K, used 68391K [0x0000000790000000, 0x0000000794700000, 0x00000007b0000000)
  object space 72704K, 94% used [0x0000000790000000,0x00000007942c9fb8,0x0000000794700000)
 Metaspace       used 60111K, capacity 61832K, committed 62080K, reserved 1103872K
  class space    used 6682K, capacity 7182K, committed 7296K, reserved 1048576K

Card table byte_map: [0x00000001133b4000,0x0000000113535000] byte_map_base: 0x000000010f734000

Marking Bits: (ParMarkBitMap*) 0x00000001038660a0
 Begin Bits: [0x0000000113e4d000, 0x0000000114a4d000)
 End Bits:   [0x0000000114a4d000, 0x000000011564d000)

Polling page: 0x0000000101fac000

CodeCache: size=245760Kb used=21740Kb max_used=21740Kb free=224019Kb
 bounds [0x0000000103ff4000, 0x0000000105554000, 0x0000000112ff4000]
 total_blobs=5991 nmethods=5252 adapters=651
 compilation: enabled

Compilation events (10 events):
Event: 25.782 Thread 0x00007fefec00a800 nmethod 6090 0x00000001054f4dd0 code [0x00000001054f4fc0, 0x00000001054f5ae8]
Event: 25.782 Thread 0x00007fefec00a800 6088       4       org.codehaus.groovy.runtime.metaclass.MetaMethodIndex::copyNonPrivateNonNewMetaMethods (171 bytes)
Event: 25.799 Thread 0x00007fefec00c000 6112   !   2       groovy.lang.MetaClassImpl::findMethod (146 bytes)
Event: 25.800 Thread 0x00007fefec00c000 nmethod 6112 0x00000001054cecd0 code [0x00000001054ceec0, 0x00000001054cf518]
Event: 25.800 Thread 0x00007fefec00c000 6114 %     2       sun.nio.cs.UTF_8$Decoder::decode @ 20 (759 bytes)
Event: 25.803 Thread 0x00007fefec00b800 nmethod 5380 0x000000010550e390 code [0x000000010550ec80, 0x0000000105515030]
Event: 25.803 Thread 0x00007fefec00c000 nmethod 6114% 0x00000001054ef610 code [0x00000001054efa40, 0x00000001054f1a88]
Event: 25.803 Thread 0x00007fefec00c000 6113   !   2       java.util.jar.JarFile::getBytes (96 bytes)
Event: 25.804 Thread 0x00007fefec00b800 6096       4       groovy.lang.MetaClassImpl::findPropertyMethod (356 bytes)
Event: 25.804 Thread 0x00007fefec00c000 nmethod 6113 0x00000001054d1090 code [0x00000001054d1240, 0x00000001054d15b8]

GC Heap History (10 events):
Event: 21.940 GC heap before
{Heap before GC invocations=69 (full 5):
 PSYoungGen      total 208896K, used 173421K [0x00000007b0000000, 0x00000007bfc00000, 0x00000007c0000000)
  eden space 161792K, 100% used [0x00000007b0000000,0x00000007b9e00000,0x00000007b9e00000)
  from space 47104K, 24% used [0x00000007b9e00000,0x00000007ba95b638,0x00000007bcc00000)
  to   space 44544K, 0% used [0x00000007bd080000,0x00000007bd080000,0x00000007bfc00000)
 ParOldGen       total 72704K, used 65407K [0x0000000790000000, 0x0000000794700000, 0x00000007b0000000)
  object space 72704K, 89% used [0x0000000790000000,0x0000000793fdffb8,0x0000000794700000)
 Metaspace       used 55172K, capacity 56616K, committed 56960K, reserved 1099776K
  class space    used 6055K, capacity 6506K, committed 6528K, reserved 1048576K
Event: 21.950 GC heap after
Heap after GC invocations=69 (full 5):
 PSYoungGen      total 208384K, used 12726K [0x00000007b0000000, 0x00000007bf680000, 0x00000007c0000000)
  eden space 169472K, 0% used [0x00000007b0000000,0x00000007b0000000,0x00000007ba580000)
  from space 38912K, 32% used [0x00000007bd080000,0x00000007bdced9f0,0x00000007bf680000)
  to   space 41472K, 0% used [0x00000007ba580000,0x00000007ba580000,0x00000007bce00000)
 ParOldGen       total 72704K, used 66319K [0x0000000790000000, 0x0000000794700000, 0x00000007b0000000)
  object space 72704K, 91% used [0x0000000790000000,0x00000007940c3fb8,0x0000000794700000)
 Metaspace       used 55172K, capacity 56616K, committed 56960K, reserved 1099776K
  class space    used 6055K, capacity 6506K, committed 6528K, reserved 1048576K
}
Event: 22.707 GC heap before
{Heap before GC invocations=70 (full 5):
 PSYoungGen      total 208384K, used 176810K [0x00000007b0000000, 0x00000007bf680000, 0x00000007c0000000)
  eden space 169472K, 96% used [0x00000007b0000000,0x00000007ba03ce98,0x00000007ba580000)
  from space 38912K, 32% used [0x00000007bd080000,0x00000007bdced9f0,0x00000007bf680000)
  to   space 41472K, 0% used [0x00000007ba580000,0x00000007ba580000,0x00000007bce00000)
 ParOldGen       total 72704K, used 66319K [0x0000000790000000, 0x0000000794700000, 0x00000007b0000000)
  object space 72704K, 91% used [0x0000000790000000,0x00000007940c3fb8,0x0000000794700000)
 Metaspace       used 55872K, capacity 57386K, committed 57600K, reserved 1099776K
  class space    used 6132K, capacity 6582K, committed 6656K, reserved 1048576K
Event: 22.718 GC heap after
Heap after GC invocations=70 (full 5):
 PSYoungGen      total 210944K, used 18025K [0x00000007b0000000, 0x00000007bfc80000, 0x00000007c0000000)
  eden space 169472K, 0% used [0x00000007b0000000,0x00000007b0000000,0x00000007ba580000)
  from space 41472K, 43% used [0x00000007ba580000,0x00000007bb71a530,0x00000007bce00000)
  to   space 40448K, 0% used [0x00000007bd500000,0x00000007bd500000,0x00000007bfc80000)
 ParOldGen       total 72704K, used 66951K [0x0000000790000000, 0x0000000794700000, 0x00000007b0000000)
  object space 72704K, 92% used [0x0000000790000000,0x0000000794161fb8,0x0000000794700000)
 Metaspace       used 55872K, capacity 57386K, committed 57600K, reserved 1099776K
  class space    used 6132K, capacity 6582K, committed 6656K, reserved 1048576K
}
Event: 23.384 GC heap before
{Heap before GC invocations=71 (full 5):
 PSYoungGen      total 210944K, used 187497K [0x00000007b0000000, 0x00000007bfc80000, 0x00000007c0000000)
  eden space 169472K, 100% used [0x00000007b0000000,0x00000007ba580000,0x00000007ba580000)
  from space 41472K, 43% used [0x00000007ba580000,0x00000007bb71a530,0x00000007bce00000)
  to   space 40448K, 0% used [0x00000007bd500000,0x00000007bd500000,0x00000007bfc80000)
 ParOldGen       total 72704K, used 66951K [0x0000000790000000, 0x0000000794700000, 0x00000007b0000000)
  object space 72704K, 92% used [0x0000000790000000,0x0000000794161fb8,0x0000000794700000)
 Metaspace       used 56729K, capacity 58320K, committed 58496K, reserved 1101824K
  class space    used 6251K, capacity 6720K, committed 6784K, reserved 1048576K
Event: 23.397 GC heap after
Heap after GC invocations=71 (full 5):
 PSYoungGen      total 218112K, used 21834K [0x00000007b0000000, 0x00000007bfd00000, 0x00000007c0000000)
  eden space 177664K, 0% used [0x00000007b0000000,0x00000007b0000000,0x00000007bad80000)
  from space 40448K, 53% used [0x00000007bd500000,0x00000007bea52ab0,0x00000007bfc80000)
  to   space 40448K, 0% used [0x00000007bad80000,0x00000007bad80000,0x00000007bd500000)
 ParOldGen       total 72704K, used 67751K [0x0000000790000000, 0x0000000794700000, 0x00000007b0000000)
  object space 72704K, 93% used [0x0000000790000000,0x0000000794229fb8,0x0000000794700000)
 Metaspace       used 56729K, capacity 58320K, committed 58496K, reserved 1101824K
  class space    used 6251K, capacity 6720K, committed 6784K, reserved 1048576K
}
Event: 24.428 GC heap before
{Heap before GC invocations=72 (full 5):
 PSYoungGen      total 218112K, used 190127K [0x00000007b0000000, 0x00000007bfd00000, 0x00000007c0000000)
  eden space 177664K, 94% used [0x00000007b0000000,0x00000007ba459238,0x00000007bad80000)
  from space 40448K, 53% used [0x00000007bd500000,0x00000007bea52ab0,0x00000007bfc80000)
  to   space 40448K, 0% used [0x00000007bad80000,0x00000007bad80000,0x00000007bd500000)
 ParOldGen       total 72704K, used 67751K [0x0000000790000000, 0x0000000794700000, 0x00000007b0000000)
  object space 72704K, 93% used [0x0000000790000000,0x0000000794229fb8,0x0000000794700000)
 Metaspace       used 58208K, capacity 59824K, committed 60160K, reserved 1101824K
  class space    used 6365K, capacity 6816K, committed 6912K, reserved 1048576K
Event: 24.443 GC heap after
Heap after GC invocations=72 (full 5):
 PSYoungGen      total 218112K, used 30247K [0x00000007b0000000, 0x00000007c0000000, 0x00000007c0000000)
  eden space 177664K, 0% used [0x00000007b0000000,0x00000007b0000000,0x00000007bad80000)
  from space 40448K, 74% used [0x00000007bad80000,0x00000007bcb09c80,0x00000007bd500000)
  to   space 43520K, 0% used [0x00000007bd580000,0x00000007bd580000,0x00000007c0000000)
 ParOldGen       total 72704K, used 67991K [0x0000000790000000, 0x0000000794700000, 0x00000007b0000000)
  object space 72704K, 93% used [0x0000000790000000,0x0000000794265fb8,0x0000000794700000)
 Metaspace       used 58208K, capacity 59824K, committed 60160K, reserved 1101824K
  class space    used 6365K, capacity 6816K, committed 6912K, reserved 1048576K
}
Event: 25.671 GC heap before
{Heap before GC invocations=73 (full 5):
 PSYoungGen      total 218112K, used 207911K [0x00000007b0000000, 0x00000007c0000000, 0x00000007c0000000)
  eden space 177664K, 100% used [0x00000007b0000000,0x00000007bad80000,0x00000007bad80000)
  from space 40448K, 74% used [0x00000007bad80000,0x00000007bcb09c80,0x00000007bd500000)
  to   space 43520K, 0% used [0x00000007bd580000,0x00000007bd580000,0x00000007c0000000)
 ParOldGen       total 72704K, used 67991K [0x0000000790000000, 0x0000000794700000, 0x00000007b0000000)
  object space 72704K, 93% used [0x0000000790000000,0x0000000794265fb8,0x0000000794700000)
 Metaspace       used 59773K, capacity 61408K, committed 61696K, reserved 1103872K
  class space    used 6606K, capacity 7082K, committed 7168K, reserved 1048576K
Event: 25.696 GC heap after
Heap after GC invocations=73 (full 5):
 PSYoungGen      total 209408K, used 37410K [0x00000007b0000000, 0x00000007c0000000, 0x00000007c0000000)
  eden space 165888K, 0% used [0x00000007b0000000,0x00000007b0000000,0x00000007ba200000)
  from space 43520K, 85% used [0x00000007bd580000,0x00000007bfa08ba0,0x00000007c0000000)
  to   space 48128K, 0% used [0x00000007ba200000,0x00000007ba200000,0x00000007bd100000)
 ParOldGen       total 72704K, used 68391K [0x0000000790000000, 0x0000000794700000, 0x00000007b0000000)
  object space 72704K, 94% used [0x0000000790000000,0x00000007942c9fb8,0x0000000794700000)
 Metaspace       used 59773K, capacity 61408K, committed 61696K, reserved 1103872K
  class space    used 6606K, capacity 7082K, committed 7168K, reserved 1048576K
}

Deoptimization events (10 events):
Event: 23.604 Thread 0x00007fefea8e6800 Uncommon trap: reason=unreached action=reinterpret pc=0x00000001049b33cc method=java.lang.reflect.AnnotatedElement.isAnnotationPresent(Ljava/lang/Class;)Z @ 7
Event: 23.783 Thread 0x00007fefea8e6800 Uncommon trap: reason=unreached action=reinterpret pc=0x0000000104f8803c method=org.codehaus.groovy.runtime.metaclass.MetaMethodIndex.getMethods(Ljava/lang/Class;Ljava/lang/String;)Lorg/codehaus/groovy/runtime/metaclass/MetaMethodIndex$Entry; @ 61
Event: 23.982 Thread 0x00007fefea8e6800 Uncommon trap: reason=unloaded action=reinterpret pc=0x0000000105321d7c method=org.springframework.core.BridgeMethodResolver.findBridgedMethod(Ljava/lang/reflect/Method;)Ljava/lang/reflect/Method; @ 13
Event: 24.672 Thread 0x00007fefea8e6800 Uncommon trap: reason=null_check action=make_not_entrant pc=0x0000000105390a10 method=java.util.concurrent.ConcurrentHashMap$TreeBin.<init>(Ljava/util/concurrent/ConcurrentHashMap$TreeNode;)V @ 26
Event: 24.673 Thread 0x00007fefea8e6800 Uncommon trap: reason=null_check action=make_not_entrant pc=0x00000001053708a0 method=java.util.concurrent.ConcurrentHashMap$TreeBin.<init>(Ljava/util/concurrent/ConcurrentHashMap$TreeNode;)V @ 26
Event: 25.049 Thread 0x00007fefea8e6800 Uncommon trap: reason=null_check action=make_not_entrant pc=0x000000010540f2e8 method=org.springsource.loaded.ri.ReloadableTypeMethodProvider.getMethod(Ljava/lang/String;[Ljava/lang/Class;)Lorg/springsource/loaded/ri/Invoker; @ 28
Event: 25.387 Thread 0x00007fefea8e6800 Uncommon trap: reason=class_check action=maybe_recompile pc=0x0000000105479a30 method=org.springframework.transaction.interceptor.TransactionAttributeSourcePointcut.matches(Ljava/lang/reflect/Method;Ljava/lang/Class;)Z @ 12
Event: 25.387 Thread 0x00007fefea8e6800 Uncommon trap: reason=class_check action=maybe_recompile pc=0x0000000105479a30 method=org.springframework.transaction.interceptor.TransactionAttributeSourcePointcut.matches(Ljava/lang/reflect/Method;Ljava/lang/Class;)Z @ 12
Event: 25.387 Thread 0x00007fefea8e6800 Uncommon trap: reason=class_check action=maybe_recompile pc=0x0000000105479a30 method=org.springframework.transaction.interceptor.TransactionAttributeSourcePointcut.matches(Ljava/lang/reflect/Method;Ljava/lang/Class;)Z @ 12
Event: 25.387 Thread 0x00007fefea8e6800 Uncommon trap: reason=class_check action=maybe_recompile pc=0x0000000105479a30 method=org.springframework.transaction.interceptor.TransactionAttributeSourcePointcut.matches(Ljava/lang/reflect/Method;Ljava/lang/Class;)Z @ 12

Internal exceptions (10 events):
Event: 25.825 Thread 0x00007fefea8e6800 Exception <a 'java/security/PrivilegedActionException'> (0x00000007b10b6308) thrown at [/HUDSON/workspace/8-2-build-macosx-x86_64/jdk8u5/2488/hotspot/src/share/vm/prims/jvm.cpp, line 1248]
Event: 25.825 Thread 0x00007fefea8e6800 Exception <a 'java/security/PrivilegedActionException'> (0x00000007b10c6f58) thrown at [/HUDSON/workspace/8-2-build-macosx-x86_64/jdk8u5/2488/hotspot/src/share/vm/prims/jvm.cpp, line 1248]
Event: 25.825 Thread 0x00007fefea8e6800 Exception <a 'java/security/PrivilegedActionException'> (0x00000007b10ed818) thrown at [/HUDSON/workspace/8-2-build-macosx-x86_64/jdk8u5/2488/hotspot/src/share/vm/prims/jvm.cpp, line 1248]
Event: 25.825 Thread 0x00007fefea8e6800 Exception <a 'java/lang/ClassNotFoundException': org/grails/async/factory/gpars/GparsPromiseFactoryCustomizer> (0x00000007b10ee5b0) thrown at [/HUDSON/workspace/8-2-build-macosx-x86_64/jdk8u5/2488/hotspot/src/share/vm/classfile/systemDictionary.cpp, line 
Event: 25.825 Thread 0x00007fefea8e6800 Exception <a 'java/security/PrivilegedActionException'> (0x00000007b110c440) thrown at [/HUDSON/workspace/8-2-build-macosx-x86_64/jdk8u5/2488/hotspot/src/share/vm/prims/jvm.cpp, line 1248]
Event: 25.825 Thread 0x00007fefea8e6800 Exception <a 'java/security/PrivilegedActionException'> (0x00000007b110f2d0) thrown at [/HUDSON/workspace/8-2-build-macosx-x86_64/jdk8u5/2488/hotspot/src/share/vm/prims/jvm.cpp, line 1248]
Event: 25.826 Thread 0x00007fefea8e6800 Exception <a 'java/security/PrivilegedActionException'> (0x00000007b1122368) thrown at [/HUDSON/workspace/8-2-build-macosx-x86_64/jdk8u5/2488/hotspot/src/share/vm/prims/jvm.cpp, line 1248]
Event: 25.826 Thread 0x00007fefea8e6800 Exception <a 'java/security/PrivilegedActionException'> (0x00000007b1125910) thrown at [/HUDSON/workspace/8-2-build-macosx-x86_64/jdk8u5/2488/hotspot/src/share/vm/prims/jvm.cpp, line 1248]
Event: 25.827 Thread 0x00007fefea8e6800 Exception <a 'java/security/PrivilegedActionException'> (0x00000007b113a170) thrown at [/HUDSON/workspace/8-2-build-macosx-x86_64/jdk8u5/2488/hotspot/src/share/vm/prims/jvm.cpp, line 1248]
Event: 25.827 Thread 0x00007fefea8e6800 Exception <a 'java/security/PrivilegedActionException'> (0x00000007b113d968) thrown at [/HUDSON/workspace/8-2-build-macosx-x86_64/jdk8u5/2488/hotspot/src/share/vm/prims/jvm.cpp, line 1248]

Events (10 events):
Event: 25.825 loading class org/grails/async/factory/gpars/GparsPromiseFactoryCustomizer
Event: 25.825 loading class org/grails/async/factory/gpars/GparsPromiseFactoryCustomizer done
Event: 25.825 loading class org/grails/async/factory/gpars/GparsPromiseFactoryCustomizer
Event: 25.825 loading class org/grails/async/factory/gpars/GparsPromiseFactoryCustomizer done
Event: 25.825 loading class groovyx/gpars/dataflow/Promise
Event: 25.825 loading class groovyx/gpars/dataflow/Promise done
Event: 25.826 loading class groovyx/gpars/dataflow/SelectableChannel
Event: 25.826 loading class groovyx/gpars/dataflow/SelectableChannel done
Event: 25.827 loading class org/grails/async/factory/gpars/LoggingPoolFactory
Event: 25.827 loading class org/grails/async/factory/gpars/LoggingPoolFactory done


Dynamic libraries:
0x000000000be71000 	/System/Library/Frameworks/Cocoa.framework/Versions/A/Cocoa
0x000000000be71000 	/System/Library/Frameworks/Security.framework/Versions/A/Security
0x000000000be71000 	/System/Library/Frameworks/ApplicationServices.framework/Versions/A/ApplicationServices
0x000000000be71000 	/usr/lib/libz.1.dylib
0x000000000be71000 	/usr/lib/libSystem.B.dylib
0x000000000be71000 	/usr/lib/libobjc.A.dylib
0x000000000be71000 	/System/Library/Frameworks/CoreFoundation.framework/Versions/A/CoreFoundation
0x000000000be71000 	/System/Library/Frameworks/Foundation.framework/Versions/C/Foundation
0x000000000be71000 	/System/Library/Frameworks/AppKit.framework/Versions/C/AppKit
0x000000000be71000 	/System/Library/Frameworks/CoreData.framework/Versions/A/CoreData
0x000000000be71000 	/System/Library/PrivateFrameworks/RemoteViewServices.framework/Versions/A/RemoteViewServices
0x000000000be71000 	/System/Library/Frameworks/AudioToolbox.framework/Versions/A/AudioToolbox
0x000000000be71000 	/System/Library/Frameworks/AudioUnit.framework/Versions/A/AudioUnit
0x000000000be71000 	/System/Library/PrivateFrameworks/DataDetectorsCore.framework/Versions/A/DataDetectorsCore
0x000000000be71000 	/System/Library/PrivateFrameworks/DesktopServicesPriv.framework/Versions/A/DesktopServicesPriv
0x000000000be71000 	/System/Library/Frameworks/Carbon.framework/Versions/A/Frameworks/HIToolbox.framework/Versions/A/HIToolbox
0x000000000be71000 	/System/Library/Frameworks/QuartzCore.framework/Versions/A/QuartzCore
0x000000000be71000 	/System/Library/Frameworks/Carbon.framework/Versions/A/Frameworks/SpeechRecognition.framework/Versions/A/SpeechRecognition
0x000000000be71000 	/usr/lib/libauto.dylib
0x000000000be71000 	/usr/lib/libicucore.A.dylib
0x000000000be71000 	/usr/lib/libxml2.2.dylib
0x000000000be71000 	/System/Library/PrivateFrameworks/CoreUI.framework/Versions/A/CoreUI
0x000000000be71000 	/System/Library/Frameworks/CoreAudio.framework/Versions/A/CoreAudio
0x000000000be71000 	/System/Library/Frameworks/DiskArbitration.framework/Versions/A/DiskArbitration
0x000000000be71000 	/usr/lib/liblangid.dylib
0x000000000be71000 	/System/Library/PrivateFrameworks/MultitouchSupport.framework/Versions/A/MultitouchSupport
0x000000000be71000 	/System/Library/Frameworks/IOKit.framework/Versions/A/IOKit
0x000000000be71000 	/usr/lib/libDiagnosticMessagesClient.dylib
0x000000000be71000 	/System/Library/Frameworks/CoreServices.framework/Versions/A/CoreServices
0x000000000be71000 	/System/Library/PrivateFrameworks/PerformanceAnalysis.framework/Versions/A/PerformanceAnalysis
0x000000000be71000 	/System/Library/PrivateFrameworks/GenerationalStorage.framework/Versions/A/GenerationalStorage
0x000000000be71000 	/System/Library/Frameworks/OpenGL.framework/Versions/A/OpenGL
0x000000000be71000 	/System/Library/PrivateFrameworks/Sharing.framework/Versions/A/Sharing
0x000000000be71000 	/System/Library/Frameworks/ImageIO.framework/Versions/A/ImageIO
0x000000000be71000 	/System/Library/Frameworks/CoreText.framework/Versions/A/CoreText
0x000000000be71000 	/System/Library/Frameworks/CoreGraphics.framework/Versions/A/CoreGraphics
0x000000000be71000 	/System/Library/PrivateFrameworks/Backup.framework/Versions/A/Backup
0x000000000be71000 	/System/Library/Frameworks/CFNetwork.framework/Versions/A/CFNetwork
0x000000000be71000 	/System/Library/Frameworks/SystemConfiguration.framework/Versions/A/SystemConfiguration
0x000000000be71000 	/usr/lib/libCRFSuite.dylib
0x000000000be71000 	/usr/lib/libc++.1.dylib
0x000000000be71000 	/usr/lib/libc++abi.dylib
0x000000000be71000 	/usr/lib/system/libcache.dylib
0x000000000be71000 	/usr/lib/system/libcommonCrypto.dylib
0x000000000be71000 	/usr/lib/system/libcompiler_rt.dylib
0x000000000be71000 	/usr/lib/system/libcopyfile.dylib
0x000000000be71000 	/usr/lib/system/libcorecrypto.dylib
0x000000000be71000 	/usr/lib/system/libdispatch.dylib
0x000000000be71000 	/usr/lib/system/libdyld.dylib
0x000000000be71000 	/usr/lib/system/libkeymgr.dylib
0x000000000be71000 	/usr/lib/system/liblaunch.dylib
0x000000000be71000 	/usr/lib/system/libmacho.dylib
0x000000000be71000 	/usr/lib/system/libquarantine.dylib
0x000000000be71000 	/usr/lib/system/libremovefile.dylib
0x000000000be71000 	/usr/lib/system/libsystem_asl.dylib
0x000000000be71000 	/usr/lib/system/libsystem_blocks.dylib
0x000000000be71000 	/usr/lib/system/libsystem_c.dylib
0x000000000be71000 	/usr/lib/system/libsystem_configuration.dylib
0x000000000be71000 	/usr/lib/system/libsystem_dnssd.dylib
0x000000000be71000 	/usr/lib/system/libsystem_info.dylib
0x000000000be71000 	/usr/lib/system/libsystem_kernel.dylib
0x000000000be71000 	/usr/lib/system/libsystem_m.dylib
0x000000000be71000 	/usr/lib/system/libsystem_malloc.dylib
0x000000000be71000 	/usr/lib/system/libsystem_network.dylib
0x000000000be71000 	/usr/lib/system/libsystem_notify.dylib
0x000000000be71000 	/usr/lib/system/libsystem_platform.dylib
0x000000000be71000 	/usr/lib/system/libsystem_pthread.dylib
0x000000000be71000 	/usr/lib/system/libsystem_sandbox.dylib
0x000000000be71000 	/usr/lib/system/libsystem_stats.dylib
0x000000000be71000 	/usr/lib/system/libunc.dylib
0x000000000be71000 	/usr/lib/system/libunwind.dylib
0x000000000be71000 	/usr/lib/system/libxpc.dylib
0x000000000be71000 	/usr/lib/libbsm.0.dylib
0x000000000be71000 	/usr/lib/libsqlite3.dylib
0x000000000be71000 	/usr/lib/libxar.1.dylib
0x000000000be71000 	/usr/lib/libpam.2.dylib
0x000000000be71000 	/usr/lib/libOpenScriptingUtil.dylib
0x000000000be71000 	/usr/lib/libbz2.1.0.dylib
0x000000000be71000 	/System/Library/Frameworks/CoreServices.framework/Versions/A/Frameworks/CarbonCore.framework/Versions/A/CarbonCore
0x000000000be71000 	/System/Library/Frameworks/CoreServices.framework/Versions/A/Frameworks/Metadata.framework/Versions/A/Metadata
0x000000000be71000 	/System/Library/Frameworks/CoreServices.framework/Versions/A/Frameworks/OSServices.framework/Versions/A/OSServices
0x000000000be71000 	/System/Library/Frameworks/CoreServices.framework/Versions/A/Frameworks/SearchKit.framework/Versions/A/SearchKit
0x000000000be71000 	/System/Library/Frameworks/CoreServices.framework/Versions/A/Frameworks/AE.framework/Versions/A/AE
0x000000000be71000 	/System/Library/Frameworks/CoreServices.framework/Versions/A/Frameworks/LaunchServices.framework/Versions/A/LaunchServices
0x000000000be71000 	/System/Library/Frameworks/CoreServices.framework/Versions/A/Frameworks/DictionaryServices.framework/Versions/A/DictionaryServices
0x000000000be71000 	/System/Library/Frameworks/NetFS.framework/Versions/A/NetFS
0x000000000be71000 	/usr/lib/system/libkxld.dylib
0x000000000be71000 	/System/Library/PrivateFrameworks/NetAuth.framework/Versions/A/NetAuth
0x000000000be71000 	/System/Library/PrivateFrameworks/TCC.framework/Versions/A/TCC
0x000000000be71000 	/System/Library/Frameworks/OpenDirectory.framework/Versions/A/Frameworks/CFOpenDirectory.framework/Versions/A/CFOpenDirectory
0x000000000be71000 	/System/Library/Frameworks/ServiceManagement.framework/Versions/A/ServiceManagement
0x000000000be71000 	/usr/lib/libxslt.1.dylib
0x000000000be71000 	/System/Library/Frameworks/Carbon.framework/Versions/A/Frameworks/Ink.framework/Versions/A/Ink
0x000000000be71000 	/System/Library/Frameworks/ApplicationServices.framework/Versions/A/Frameworks/ATS.framework/Versions/A/ATS
0x000000000be71000 	/System/Library/Frameworks/ApplicationServices.framework/Versions/A/Frameworks/ColorSync.framework/Versions/A/ColorSync
0x000000000be71000 	/System/Library/Frameworks/ApplicationServices.framework/Versions/A/Frameworks/HIServices.framework/Versions/A/HIServices
0x000000000be71000 	/System/Library/Frameworks/ApplicationServices.framework/Versions/A/Frameworks/LangAnalysis.framework/Versions/A/LangAnalysis
0x000000000be71000 	/System/Library/Frameworks/ApplicationServices.framework/Versions/A/Frameworks/PrintCore.framework/Versions/A/PrintCore
0x000000000be71000 	/System/Library/Frameworks/ApplicationServices.framework/Versions/A/Frameworks/QD.framework/Versions/A/QD
0x000000000be71000 	/System/Library/Frameworks/ApplicationServices.framework/Versions/A/Frameworks/SpeechSynthesis.framework/Versions/A/SpeechSynthesis
0x000000000be71000 	/System/Library/Frameworks/IOSurface.framework/Versions/A/IOSurface
0x000000000be71000 	/System/Library/Frameworks/Accelerate.framework/Versions/A/Accelerate
0x000000000be71000 	/System/Library/Frameworks/Accelerate.framework/Versions/A/Frameworks/vImage.framework/Versions/A/vImage
0x000000000be71000 	/System/Library/Frameworks/Accelerate.framework/Versions/A/Frameworks/vecLib.framework/Versions/A/vecLib
0x000000000be71000 	/System/Library/Frameworks/Accelerate.framework/Versions/A/Frameworks/vecLib.framework/Versions/A/libvDSP.dylib
0x000000000be71000 	/System/Library/Frameworks/Accelerate.framework/Versions/A/Frameworks/vecLib.framework/Versions/A/libvMisc.dylib
0x000000000be71000 	/System/Library/Frameworks/Accelerate.framework/Versions/A/Frameworks/vecLib.framework/Versions/A/libLAPACK.dylib
0x000000000be71000 	/System/Library/Frameworks/Accelerate.framework/Versions/A/Frameworks/vecLib.framework/Versions/A/libBLAS.dylib
0x000000000be71000 	/System/Library/Frameworks/ApplicationServices.framework/Versions/A/Frameworks/ATS.framework/Versions/A/Resources/libFontParser.dylib
0x000000000be71000 	/System/Library/Frameworks/ApplicationServices.framework/Versions/A/Frameworks/ATS.framework/Versions/A/Resources/libFontRegistry.dylib
0x000000000be71000 	/System/Library/Frameworks/ImageIO.framework/Versions/A/Resources/libJPEG.dylib
0x000000000be71000 	/System/Library/Frameworks/ImageIO.framework/Versions/A/Resources/libTIFF.dylib
0x000000000be71000 	/System/Library/Frameworks/ImageIO.framework/Versions/A/Resources/libPng.dylib
0x000000000be71000 	/System/Library/Frameworks/ImageIO.framework/Versions/A/Resources/libGIF.dylib
0x000000000be71000 	/System/Library/Frameworks/ImageIO.framework/Versions/A/Resources/libJP2.dylib
0x000000000be71000 	/System/Library/Frameworks/ImageIO.framework/Versions/A/Resources/libRadiance.dylib
0x000000000be71000 	/usr/lib/libcups.2.dylib
0x000000000be71000 	/System/Library/Frameworks/Kerberos.framework/Versions/A/Kerberos
0x000000000be71000 	/System/Library/Frameworks/GSS.framework/Versions/A/GSS
0x000000000be71000 	/usr/lib/libresolv.9.dylib
0x000000000be71000 	/usr/lib/libiconv.2.dylib
0x000000000be71000 	/System/Library/PrivateFrameworks/Heimdal.framework/Versions/A/Heimdal
0x000000000be71000 	/System/Library/PrivateFrameworks/TrustEvaluationAgent.framework/Versions/A/TrustEvaluationAgent
0x000000000be71000 	/usr/lib/libheimdal-asn1.dylib
0x000000000be71000 	/System/Library/Frameworks/OpenDirectory.framework/Versions/A/OpenDirectory
0x000000000be71000 	/System/Library/PrivateFrameworks/CommonAuth.framework/Versions/A/CommonAuth
0x000000000be71000 	/System/Library/Frameworks/SecurityFoundation.framework/Versions/A/SecurityFoundation
0x000000000be71000 	/System/Library/PrivateFrameworks/Bom.framework/Versions/A/Bom
0x000000000be71000 	/System/Library/Frameworks/CoreVideo.framework/Versions/A/CoreVideo
0x000000000be71000 	/System/Library/Frameworks/QuartzCore.framework/Versions/A/Frameworks/CoreImage.framework/Versions/A/CoreImage
0x000000000be71000 	/System/Library/Frameworks/QuartzCore.framework/Versions/A/Frameworks/ScalableUserInterface.framework/Versions/A/ScalableUserInterface
0x000000000be71000 	/System/Library/Frameworks/OpenGL.framework/Versions/A/Libraries/libGLU.dylib
0x000000000be71000 	/System/Library/Frameworks/OpenGL.framework/Versions/A/Libraries/libGFXShared.dylib
0x000000000be71000 	/System/Library/Frameworks/OpenGL.framework/Versions/A/Libraries/libGL.dylib
0x000000000be71000 	/System/Library/Frameworks/OpenGL.framework/Versions/A/Libraries/libGLImage.dylib
0x000000000be71000 	/System/Library/Frameworks/OpenGL.framework/Versions/A/Libraries/libCVMSPluginSupport.dylib
0x000000000be71000 	/System/Library/Frameworks/OpenGL.framework/Versions/A/Libraries/libCoreVMClient.dylib
0x000000000be71000 	/System/Library/PrivateFrameworks/FaceCore.framework/Versions/A/FaceCore
0x000000000be71000 	/System/Library/PrivateFrameworks/CrashReporterSupport.framework/Versions/A/CrashReporterSupport
0x000000000be71000 	/System/Library/Frameworks/OpenCL.framework/Versions/A/OpenCL
0x000000000be71000 	/System/Library/PrivateFrameworks/AppleFSCompression.framework/Versions/A/AppleFSCompression
0x000000000be71000 	/System/Library/PrivateFrameworks/Ubiquity.framework/Versions/A/Ubiquity
0x000000000be71000 	/System/Library/PrivateFrameworks/IconServices.framework/Versions/A/IconServices
0x000000000be71000 	/System/Library/PrivateFrameworks/ChunkingLibrary.framework/Versions/A/ChunkingLibrary
0x000000000be71000 	/System/Library/PrivateFrameworks/CoreSymbolication.framework/Versions/A/CoreSymbolication
0x000000000be71000 	/System/Library/PrivateFrameworks/Symbolication.framework/Versions/A/Symbolication
0x000000000be71000 	/System/Library/PrivateFrameworks/DebugSymbols.framework/Versions/A/DebugSymbols
0x0000000103000000 	/Library/Java/JavaVirtualMachines/jdk1.8.0_05.jdk/Contents/Home/jre/lib/server/libjvm.dylib
0x000000000be71000 	/usr/lib/libstdc++.6.dylib
0x0000000101f6a000 	/Library/Java/JavaVirtualMachines/jdk1.8.0_05.jdk/Contents/Home/jre/lib/libverify.dylib
0x0000000101f78000 	/Library/Java/JavaVirtualMachines/jdk1.8.0_05.jdk/Contents/Home/jre/lib/libjava.dylib
0x0000000101fad000 	/Library/Java/JavaVirtualMachines/jdk1.8.0_05.jdk/Contents/Home/jre/lib/libinstrument.dylib
0x0000000101fda000 	/Library/Java/JavaVirtualMachines/jdk1.8.0_05.jdk/Contents/Home/jre/lib/libzip.dylib
0x00000001181f9000 	/System/Library/Frameworks/JavaVM.framework/Frameworks/JavaRuntimeSupport.framework/JavaRuntimeSupport
0x0000000118211000 	/System/Library/Frameworks/JavaVM.framework/Versions/A/Frameworks/JavaNativeFoundation.framework/Versions/A/JavaNativeFoundation
0x0000000101ff2000 	/System/Library/Frameworks/JavaVM.framework/Versions/A/JavaVM
0x000000000be71000 	/System/Library/Frameworks/Carbon.framework/Versions/A/Carbon
0x0000000118226000 	/System/Library/PrivateFrameworks/JavaLaunching.framework/Versions/A/JavaLaunching
0x000000000be71000 	/System/Library/Frameworks/Carbon.framework/Versions/A/Frameworks/CommonPanels.framework/Versions/A/CommonPanels
0x000000000be71000 	/System/Library/Frameworks/Carbon.framework/Versions/A/Frameworks/Help.framework/Versions/A/Help
0x000000000be71000 	/System/Library/Frameworks/Carbon.framework/Versions/A/Frameworks/ImageCapture.framework/Versions/A/ImageCapture
0x000000000be71000 	/System/Library/Frameworks/Carbon.framework/Versions/A/Frameworks/OpenScripting.framework/Versions/A/OpenScripting
0x000000000be71000 	/System/Library/Frameworks/Carbon.framework/Versions/A/Frameworks/Print.framework/Versions/A/Print
0x000000000be71000 	/System/Library/Frameworks/Carbon.framework/Versions/A/Frameworks/SecurityHI.framework/Versions/A/SecurityHI
0x0000000118c55000 	/private/var/folders/h2/mqnxd4lx2qgd39cprjyyt77w0000gn/T/libjansi-64-3422725053699959610.jnilib
0x0000000118c74000 	/Library/Java/JavaVirtualMachines/jdk1.8.0_05.jdk/Contents/Home/jre/lib/libnet.dylib
0x000000011900c000 	/Library/Java/JavaVirtualMachines/jdk1.8.0_05.jdk/Contents/Home/jre/lib/libmanagement.dylib
0x00000001194a8000 	/Library/Java/JavaVirtualMachines/jdk1.8.0_05.jdk/Contents/Home/jre/lib/libnio.dylib

VM Arguments:
jvm_args: -Dfile.encoding=UTF-8 -Xmx768M -Xms64M -Dgrails.fork.parent.process.port=54086 -Dgrails.fork.active=true -Dgrails.build.execution.context=/private/var/folders/h2/mqnxd4lx2qgd39cprjyyt77w0000gn/T/Paapillon_v7-master2049798304773363154grails-execution-context -Dgrails.home=/Users/noreen/Downloads/ggts-bundle/grails-2.4.3 -javaagent:/Users/noreen/Downloads/ggts-bundle/grails-2.4.3/lib/org.springframework/springloaded/jars/springloaded-1.2.0.RELEASE.jar -Xverify:none -Dspringloaded.synchronize=true -Djdk.reflect.allowGetCallerClass=true -Dspringloaded=profile=grails;cacheDir=/Users/noreen/.grails/2.4.3 
java_command: org.grails.plugins.tomcat.fork.ForkedTomcatServer
java_class_path (initial): /Library/Java/JavaVirtualMachines/jdk1.8.0_05.jdk/Contents/Home/lib/tools.jar:/Users/noreen/Downloads/ggts-bundle/grails-2.4.3/lib/org.codehaus.groovy/groovy-all/jars/groovy-all-2.3.6.jar:/Users/noreen/Downloads/ggts-bundle/grails-2.4.3/lib/org.slf4j/jcl-over-slf4j/jars/jcl-over-slf4j-1.7.5.jar:/Users/noreen/Downloads/ggts-bundle/grails-2.4.3/lib/org.codehaus.gant/gant_groovy1.8/jars/gant_groovy1.8-1.9.6.jar:/Users/noreen/Downloads/ggts-bundle/grails-2.4.3/lib/org.apache.tomcat.embed/tomcat-embed-logging-log4j/jars/tomcat-embed-logging-log4j-7.0.50.jar:/Users/noreen/Downloads/ggts-bundle/grails-2.4.3/dist/grails-plugin-log4j-2.4.3.jar:/Users/noreen/Downloads/ggts-bundle/grails-2.4.3/lib/log4j/log4j/jars/log4j-1.2.17.jar:/Users/noreen/Downloads/ggts-bundle/grails-2.4.3/dist/grails-bootstrap-2.4.3.jar:/Users/noreen/Downloads/ggts-bundle/grails-2.4.3/lib/org.slf4j/slf4j-api/jars/slf4j-api-1.7.5.jar:/Users/noreen/Downloads/ggts-bundle/grails-2.4.3/lib/jline/jline/jars/jline-2.12.jar:/Users/noreen/Downloads/ggts-bundle/grails-2.4.3/lib/org.apache.ant/ant/jars/ant-1.8.4.jar:/Users/noreen/Downloads/ggts-bundle/grails-2.4.3/lib/org.apache.ant/ant-launcher/jars/ant-launcher-1.8.4.jar:/Users/noreen/Downloads/ggts-bundle/grails-2.4.3/lib/org.apache.ant/ant-trax/jars/ant-trax-1.7.1.jar:/Users/noreen/Downloads/ggts-bundle/grails-2.4.3/lib/org.apache.ant/ant-junit/jars/ant-junit-1.8.4.jar:/Users/noreen/Downloads/ggts-bundle/grails-2.4.3/lib/org.apache.ivy/ivy/jars/ivy-2.3.0.jar:/Users/noreen/Downloads/ggts-bundle/grails-2.4.3/lib/org.fusesource.jansi/jansi/jars/jansi-1.11.jar:/Users/noreen/.m2/repository/org/apache/tomcat/tomcat-catalina-ant/7.0.55/tomcat-catalina-ant-7.0.55.jar:/Users/noreen/.m2/repository/org/apache/tomcat/embed/tomcat-embed-jasper/7.0.55/tomcat-embed-jasper-7.0.55.jar:/Users/noreen/.m2/repository/org/apache/tomcat/embed/tomcat-embed-el/7.0.55/tomcat-embed-el-7.0.55.jar:/Users/noreen/.m2/repository/org/apache/tomcat/embed/tomcat-emb
Launcher Type: SUN_STANDARD

Environment Variables:
JAVA_HOME=/Library/Java/JavaVirtualMachines/jdk1.8.0_05.jdk/Contents/Home
PATH=/usr/bin:/bin:/usr/sbin:/sbin
SHELL=/bin/bash
DISPLAY=/tmp/launch-JOeKHD/org.macosforge.xquartz:0

Signal Handlers:
SIGSEGV: [libjvm.dylib+0x55f7df], sa_mask[0]=0xfffefeff, sa_flags=0x00000043
SIGBUS: [libjvm.dylib+0x55f7df], sa_mask[0]=0xfffefeff, sa_flags=0x00000042
SIGFPE: [libjvm.dylib+0x442cfa], sa_mask[0]=0xfffefeff, sa_flags=0x00000042
SIGPIPE: [libjvm.dylib+0x442cfa], sa_mask[0]=0xfffefeff, sa_flags=0x00000042
SIGXFSZ: [libjvm.dylib+0x442cfa], sa_mask[0]=0xfffefeff, sa_flags=0x00000042
SIGILL: [libjvm.dylib+0x442cfa], sa_mask[0]=0xfffefeff, sa_flags=0x00000042
SIGUSR1: SIG_DFL, sa_mask[0]=0x00000000, sa_flags=0x00000002
SIGUSR2: [libjvm.dylib+0x442818], sa_mask[0]=0x00000004, sa_flags=0x00000042
SIGHUP: [libjvm.dylib+0x440ba5], sa_mask[0]=0xfffefeff, sa_flags=0x00000042
SIGINT: [libjvm.dylib+0x440ba5], sa_mask[0]=0xfffefeff, sa_flags=0x00000042
SIGTERM: [libjvm.dylib+0x440ba5], sa_mask[0]=0xfffefeff, sa_flags=0x00000042
SIGQUIT: [libjvm.dylib+0x440ba5], sa_mask[0]=0xfffefeff, sa_flags=0x00000042


---------------  S Y S T E M  ---------------

OS:Bsduname:Darwin 13.3.0 Darwin Kernel Version 13.3.0: Tue Jun  3 21:27:35 PDT 2014; root:xnu-2422.110.17~1/RELEASE_X86_64 x86_64
rlimit: STACK 8192k, CORE 0k, NPROC 709, NOFILE 10240, AS infinity
load average:4.38 3.08 2.67

CPU:total 8 (4 cores per cpu, 2 threads per core) family 6 model 58 stepping 9, cmov, cx8, fxsr, mmx, sse, sse2, sse3, ssse3, sse4.1, sse4.2, popcnt, avx, aes, clmul, erms, ht, tsc, tscinvbit

Memory: 4k page, physical 4194304k(16356k free)

/proc/meminfo:


vm_info: Java HotSpot(TM) 64-Bit Server VM (25.5-b02) for bsd-amd64 JRE (1.8.0_05-b13), built on Mar 18 2014 00:36:13 by "java_re" with gcc 4.2.1 (Based on Apple Inc. build 5658) (LLVM build 2336.11.00)

time: Wed Nov  5 18:19:14 2014
elapsed time: 26 seconds

