#
# A fatal error has been detected by the Java Runtime Environment:
#
#  SIGSEGV (0xb) at pc=0x000000010d2d02f0, pid=5130, tid=20739
#
# JRE version: Java(TM) SE Runtime Environment (8.0_05-b13) (build 1.8.0_05-b13)
# Java VM: Java HotSpot(TM) 64-Bit Server VM (25.5-b02 mixed mode bsd-amd64 compressed oops)
# Problematic frame:
# V  [libjvm.dylib+0xd02f0]  OopFlow::build_oop_map(Node*, int, PhaseRegAlloc*, int*)+0xd2
#
# Failed to write core dump. Core dumps have been disabled. To enable core dumping, try "ulimit -c unlimited" before starting Java again
#
# If you would like to submit a bug report, please visit:
#   http://bugreport.sun.com/bugreport/crash.jsp
#

---------------  T H R E A D  ---------------

Current thread (0x00007fbb6511a000):  JavaThread "C2 CompilerThread1" daemon [_thread_in_native, id=20739, stack(0x000000012290f000,0x0000000122a0f000)]

siginfo:si_signo=SIGSEGV: si_errno=0, si_code=1 (SEGV_MAPERR), si_addr=0x0000000000000000

Registers:
RAX=0x00007fbb69778208, RBX=0x00007fbb67a46738, RCX=0x0000000000000000, RDX=0x0000000000000008
RSP=0x0000000122a0b870, RBP=0x0000000122a0b8e0, RSI=0x000000000000001c, RDI=0x0000000000000000
R8 =0x00007fbb69cade80, R9 =0x00007fbb6708d278, R10=0x0000000000000061, R11=0x00000000000008d0
R12=0x0000000000000000, R13=0x0000000000000013, R14=0x00007fbb67a46738, R15=0x00000000000000c0
RIP=0x000000010d2d02f0, EFLAGS=0x0000000000010206, ERR=0x0000000000000004
  TRAPNO=0x000000000000000e

Top of Stack: (sp=0x0000000122a0b870)
0x0000000122a0b870:   0000000122a0b8e0 00000000000000da
0x0000000122a0b880:   00007fbb69cade80 00007fbb69504670
0x0000000122a0b890:   00007fbb697788e0 0000001c00000008
0x0000000122a0b8a0:   0000000122a0c550 00007fbb69778910
0x0000000122a0b8b0:   00000000000000b8 00007fbb697788e0
0x0000000122a0b8c0:   0000000000000012 0000000000000013
0x0000000122a0b8d0:   00007fbb67a46738 00007fbb6977ffff
0x0000000122a0b8e0:   0000000122a0b940 000000010d2d000d
0x0000000122a0b8f0:   0000000122a0b940 000000da22a0dfd0
0x0000000122a0b900:   00007fbb69ca9960 0000000a69778200
0x0000000122a0b910:   0000000122a0c550 00007fbb6708d9f8
0x0000000122a0b920:   00007fbb697788e0 0000000000000004
0x0000000122a0b930:   00007fbb69775390 00007fbb69778010
0x0000000122a0b940:   0000000122a0ba40 000000010d2d0f3b
0x0000000122a0b950:   0000000001675b00 0000000000000007
0x0000000122a0b960:   0000000000000007 00007fbb69cabb7c
0x0000000122a0b970:   00000000000000da 000000000000001c
0x0000000122a0b980:   00007fbb69cabb7c 00007fbb64822e40
0x0000000122a0b990:   0000000122a0dfd0 0000000000000007
0x0000000122a0b9a0:   00007fbb69cabb7c 0000000000000007
0x0000000122a0b9b0:   ffffffffffffffff 0000000122a0c680
0x0000000122a0b9c0:   00007fbb6708d278 00007fbb69ca9960
0x0000000122a0b9d0:   00000000000006d0 00000000000001b4
0x0000000122a0b9e0:   0000000000000000 0000000100000080
0x0000000122a0b9f0:   00007fbb64822e40 00007fbb69cabf80
0x0000000122a0ba00:   00007fbb00000004 0000000000000014
0x0000000122a0ba10:   0000000000000000 0000000122a0dfd0
0x0000000122a0ba20:   0000000122a0c680 00000000000009de
0x0000000122a0ba30:   00007fbb69ca6610 0000000122a0e798
0x0000000122a0ba40:   0000000122a0ba90 000000010d64b7d8
0x0000000122a0ba50:   00007fbb67a45b80 00007fbb67087c68
0x0000000122a0ba60:   0000000122a0e140 0000000122a0dfd0 

Instructions: (pc=0x000000010d2d02f0)
0x000000010d2d02d0:   00 00 44 89 ff 8b 75 bc 8b 55 b8 e8 fa 0c 00 00
0x000000010d2d02e0:   48 89 45 d0 48 8b 45 b0 48 8b 40 08 4e 8b 24 f8
0x000000010d2d02f0:   49 8b 04 24 4c 89 e7 ff 50 28 48 63 48 10 48 89
0x000000010d2d0300:   ca 48 c1 e2 05 48 8d 35 74 8a 6f 00 80 7c 16 10 

Register to memory mapping:

RAX=0x00007fbb69778208 is an unknown value
RBX=0x00007fbb67a46738 is an unknown value
RCX=0x0000000000000000 is an unknown value
RDX=0x0000000000000008 is an unknown value
RSP=0x0000000122a0b870 is pointing into the stack for thread: 0x00007fbb6511a000
RBP=0x0000000122a0b8e0 is pointing into the stack for thread: 0x00007fbb6511a000
RSI=0x000000000000001c is an unknown value
RDI=0x0000000000000000 is an unknown value
R8 =0x00007fbb69cade80 is an unknown value
R9 =0x00007fbb6708d278 is an unknown value
R10=0x0000000000000061 is an unknown value
R11=0x00000000000008d0 is an unknown value
R12=0x0000000000000000 is an unknown value
R13=0x0000000000000013 is an unknown value
R14=0x00007fbb67a46738 is an unknown value
R15=0x00000000000000c0 is an unknown value


Stack: [0x000000012290f000,0x0000000122a0f000],  sp=0x0000000122a0b870,  free space=1010k
Native frames: (J=compiled Java code, j=interpreted, Vv=VM code, C=native code)
V  [libjvm.dylib+0xd02f0]  OopFlow::build_oop_map(Node*, int, PhaseRegAlloc*, int*)+0xd2
V  [libjvm.dylib+0xd000d]  OopFlow::compute_reach(PhaseRegAlloc*, int, Dict*)+0xa9
V  [libjvm.dylib+0xd0f3b]  Compile::BuildOopMaps()+0x92d
V  [libjvm.dylib+0x44b7d8]  Compile::Output()+0x40c
V  [libjvm.dylib+0x19d040]  Compile::Code_Gen()+0x21a
V  [libjvm.dylib+0x1a0a7b]  Compile::Compile(ciEnv*, C2Compiler*, ciMethod*, int, bool, bool, bool)+0x905
V  [libjvm.dylib+0x143eb2]  C2Compiler::compile_method(ciEnv*, ciMethod*, int)+0xac
V  [libjvm.dylib+0x1a431c]  CompileBroker::invoke_compiler_on_method(CompileTask*)+0x5b2
V  [libjvm.dylib+0x1a642b]  CompileBroker::compiler_thread_loop()+0x2d5
V  [libjvm.dylib+0x51ccf5]  JavaThread::thread_main_inner()+0x9b
V  [libjvm.dylib+0x51e432]  JavaThread::run()+0x1c2
V  [libjvm.dylib+0x445426]  java_start(Thread*)+0xf6
C  [libsystem_pthread.dylib+0x1899]  _pthread_body+0x8a
C  [libsystem_pthread.dylib+0x172a]  _pthread_struct_init+0x0
C  [libsystem_pthread.dylib+0x5fc9]  thread_start+0xd


Current CompileTask:
C2:  25381 6181       4       groovy.lang.MetaClassImpl::findPropertyMethod (356 bytes)


---------------  P R O C E S S  ---------------

Java Threads: ( => current thread )
  0x00007fbb672bc800 JavaThread "net.sf.ehcache.CacheManager@13a27a2c" daemon [_thread_blocked, id=28423, stack(0x0000000126f69000,0x0000000127069000)]
  0x00007fbb66248800 JavaThread "PoolCleaner[1917025677:1415198853283]" daemon [_thread_blocked, id=15111, stack(0x0000000125d48000,0x0000000125e48000)]
  0x00007fbb6553c800 JavaThread "FileSystemWatcher: files=#135 cl=groovy.lang.GroovyClassLoader@72437d8d" daemon [_thread_blocked, id=26371, stack(0x0000000124d4d000,0x0000000124e4d000)]
  0x00007fbb66569800 JavaThread "localhost-startStop-1" daemon [_thread_in_vm, id=25859, stack(0x0000000124fd8000,0x00000001250d8000)]
  0x00007fbb66233800 JavaThread "Tomcat-startStop-1" daemon [_thread_blocked, id=25347, stack(0x0000000124ed5000,0x0000000124fd5000)]
  0x00007fbb658a7800 JavaThread "Thread-3" [_thread_in_native, id=24835, stack(0x00000001252fc000,0x00000001253fc000)]
  0x00007fbb63251800 JavaThread "Thread-2" [_thread_blocked, id=24323, stack(0x000000012385c000,0x000000012395c000)]
  0x00007fbb62841800 JavaThread "NonBlockingInputStreamThread" daemon [_thread_blocked, id=23811, stack(0x0000000123442000,0x0000000123542000)]
  0x00007fbb640be800 JavaThread "process reaper" daemon [_thread_blocked, id=23299, stack(0x0000000122f86000,0x0000000122fae000)]
  0x00007fbb63070000 JavaThread "Service Thread" daemon [_thread_blocked, id=22275, stack(0x0000000122c18000,0x0000000122d18000)]
  0x00007fbb64038000 JavaThread "C1 CompilerThread3" daemon [_thread_blocked, id=21763, stack(0x0000000122b15000,0x0000000122c15000)]
  0x00007fbb6403f000 JavaThread "C2 CompilerThread2" daemon [_thread_in_native, id=21251, stack(0x0000000122a12000,0x0000000122b12000)]
=>0x00007fbb6511a000 JavaThread "C2 CompilerThread1" daemon [_thread_in_native, id=20739, stack(0x000000012290f000,0x0000000122a0f000)]
  0x00007fbb6300b000 JavaThread "C2 CompilerThread0" daemon [_thread_in_native, id=20227, stack(0x000000012280c000,0x000000012290c000)]
  0x00007fbb6500d000 JavaThread "Signal Dispatcher" daemon [_thread_blocked, id=19715, stack(0x000000012252d000,0x000000012262d000)]
  0x00007fbb6405d800 JavaThread "Finalizer" daemon [_thread_blocked, id=14595, stack(0x00000001222de000,0x00000001223de000)]
  0x00007fbb65004000 JavaThread "Reference Handler" daemon [_thread_blocked, id=14083, stack(0x00000001221db000,0x00000001222db000)]
  0x00007fbb64001000 JavaThread "main" [_thread_blocked, id=6403, stack(0x000000010e0c1000,0x000000010e1c1000)]

Other Threads:
  0x00007fbb6405d000 VMThread [stack: 0x00000001220d8000,0x00000001221d8000] [id=13571]
  0x00007fbb63070800 WatcherThread [stack: 0x0000000122d1b000,0x0000000122e1b000] [id=22787]

VM state:not at safepoint (normal execution)

VM Mutex/Monitor currently owned by a thread: None

Heap:
 PSYoungGen      total 208896K, used 103178K [0x00000007b0000000, 0x00000007c0000000, 0x00000007c0000000)
  eden space 163840K, 41% used [0x00000007b0000000,0x00000007b41ba090,0x00000007ba000000)
  from space 45056K, 79% used [0x00000007bd400000,0x00000007bf708938,0x00000007c0000000)
  to   space 49152K, 0% used [0x00000007ba000000,0x00000007ba000000,0x00000007bd000000)
 ParOldGen       total 73728K, used 68525K [0x0000000790000000, 0x0000000794800000, 0x00000007b0000000)
  object space 73728K, 92% used [0x0000000790000000,0x00000007942eb6a8,0x0000000794800000)
 Metaspace       used 59805K, capacity 61486K, committed 61648K, reserved 1103872K
  class space    used 6663K, capacity 7149K, committed 7168K, reserved 1048576K

Card table byte_map: [0x000000011d58c000,0x000000011d70d000] byte_map_base: 0x000000011990c000

Marking Bits: (ParMarkBitMap*) 0x000000010da660a0
 Begin Bits: [0x000000011e025000, 0x000000011ec25000)
 End Bits:   [0x000000011ec25000, 0x000000011f825000)

Polling page: 0x000000010c19a000

CodeCache: size=245760Kb used=23241Kb max_used=23241Kb free=222518Kb
 bounds [0x000000010e1cc000, 0x000000010f89c000, 0x000000011d1cc000]
 total_blobs=6089 nmethods=5350 adapters=651
 compilation: enabled

Compilation events (10 events):
Event: 25.137 Thread 0x00007fbb6403f000 nmethod 6206 0x000000010f812250 code [0x000000010f8123a0, 0x000000010f8124f8]
Event: 25.137 Thread 0x00007fbb6403f000 6174       4       org.codehaus.groovy.runtime.metaclass.MetaMethodIndex::addMethodToList (290 bytes)
Event: 25.153 Thread 0x00007fbb6403f000 nmethod 6174 0x000000010f83a310 code [0x000000010f83a5e0, 0x000000010f83b618]
Event: 25.153 Thread 0x00007fbb6403f000 6176       4       org.codehaus.groovy.runtime.MetaClassHelper::isGenericSetMethod (28 bytes)
Event: 25.154 Thread 0x00007fbb6403f000 nmethod 6176 0x000000010f8141d0 code [0x000000010f814320, 0x000000010f8144c8]
Event: 25.154 Thread 0x00007fbb6403f000 6203       4       groovy.lang.MetaClassImpl::isGenericGetMethod (44 bytes)
Event: 25.156 Thread 0x00007fbb6403f000 nmethod 6203 0x000000010f813c90 code [0x000000010f813e00, 0x000000010f814008]
Event: 25.156 Thread 0x00007fbb6403f000 6175       4       groovy.lang.MetaClassImpl::checkIfStdMethod (179 bytes)
Event: 25.168 Thread 0x00007fbb6403f000 nmethod 6175 0x000000010f838250 code [0x000000010f838540, 0x000000010f839568]
Event: 25.168 Thread 0x00007fbb6403f000 6193       4       org.springsource.loaded.ri.ReflectiveInterceptor::jlrMethodGetAnnotation (85 bytes)

GC Heap History (10 events):
Event: 21.865 GC heap before
{Heap before GC invocations=71 (full 5):
 PSYoungGen      total 205312K, used 162705K [0x00000007b0000000, 0x00000007bfb80000, 0x00000007c0000000)
  eden space 153088K, 100% used [0x00000007b0000000,0x00000007b9580000,0x00000007b9580000)
  from space 52224K, 18% used [0x00000007b9580000,0x00000007b9ee4460,0x00000007bc880000)
  to   space 50176K, 0% used [0x00000007bca80000,0x00000007bca80000,0x00000007bfb80000)
 ParOldGen       total 73728K, used 66501K [0x0000000790000000, 0x0000000794800000, 0x00000007b0000000)
  object space 73728K, 90% used [0x0000000790000000,0x00000007940f16a8,0x0000000794800000)
 Metaspace       used 54927K, capacity 56412K, committed 56656K, reserved 1099776K
  class space    used 6057K, capacity 6506K, committed 6528K, reserved 1048576K
Event: 21.873 GC heap after
Heap after GC invocations=71 (full 5):
 PSYoungGen      total 207360K, used 10902K [0x00000007b0000000, 0x00000007bf900000, 0x00000007c0000000)
  eden space 159744K, 0% used [0x00000007b0000000,0x00000007b0000000,0x00000007b9c00000)
  from space 47616K, 22% used [0x00000007bca80000,0x00000007bd5259f0,0x00000007bf900000)
  to   space 47616K, 0% used [0x00000007b9c00000,0x00000007b9c00000,0x00000007bca80000)
 ParOldGen       total 73728K, used 66981K [0x0000000790000000, 0x0000000794800000, 0x00000007b0000000)
  object space 73728K, 90% used [0x0000000790000000,0x00000007941696a8,0x0000000794800000)
 Metaspace       used 54927K, capacity 56412K, committed 56656K, reserved 1099776K
  class space    used 6057K, capacity 6506K, committed 6528K, reserved 1048576K
}
Event: 22.526 GC heap before
{Heap before GC invocations=72 (full 5):
 PSYoungGen      total 207360K, used 170646K [0x00000007b0000000, 0x00000007bf900000, 0x00000007c0000000)
  eden space 159744K, 100% used [0x00000007b0000000,0x00000007b9c00000,0x00000007b9c00000)
  from space 47616K, 22% used [0x00000007bca80000,0x00000007bd5259f0,0x00000007bf900000)
  to   space 47616K, 0% used [0x00000007b9c00000,0x00000007b9c00000,0x00000007bca80000)
 ParOldGen       total 73728K, used 66981K [0x0000000790000000, 0x0000000794800000, 0x00000007b0000000)
  object space 73728K, 90% used [0x0000000790000000,0x00000007941696a8,0x0000000794800000)
 Metaspace       used 55611K, capacity 57118K, committed 57552K, reserved 1099776K
  class space    used 6132K, capacity 6582K, committed 6656K, reserved 1048576K
Event: 22.535 GC heap after
Heap after GC invocations=72 (full 5):
 PSYoungGen      total 207360K, used 16082K [0x00000007b0000000, 0x00000007bfa00000, 0x00000007c0000000)
  eden space 159744K, 0% used [0x00000007b0000000,0x00000007b0000000,0x00000007b9c00000)
  from space 47616K, 33% used [0x00000007b9c00000,0x00000007babb4a30,0x00000007bca80000)
  to   space 44544K, 0% used [0x00000007bce80000,0x00000007bce80000,0x00000007bfa00000)
 ParOldGen       total 73728K, used 67669K [0x0000000790000000, 0x0000000794800000, 0x00000007b0000000)
  object space 73728K, 91% used [0x0000000790000000,0x00000007942156a8,0x0000000794800000)
 Metaspace       used 55611K, capacity 57118K, committed 57552K, reserved 1099776K
  class space    used 6132K, capacity 6582K, committed 6656K, reserved 1048576K
}
Event: 23.058 GC heap before
{Heap before GC invocations=73 (full 5):
 PSYoungGen      total 207360K, used 175826K [0x00000007b0000000, 0x00000007bfa00000, 0x00000007c0000000)
  eden space 159744K, 100% used [0x00000007b0000000,0x00000007b9c00000,0x00000007b9c00000)
  from space 47616K, 33% used [0x00000007b9c00000,0x00000007babb4a30,0x00000007bca80000)
  to   space 44544K, 0% used [0x00000007bce80000,0x00000007bce80000,0x00000007bfa00000)
 ParOldGen       total 73728K, used 67669K [0x0000000790000000, 0x0000000794800000, 0x00000007b0000000)
  object space 73728K, 91% used [0x0000000790000000,0x00000007942156a8,0x0000000794800000)
 Metaspace       used 56412K, capacity 57988K, committed 58192K, reserved 1101824K
  class space    used 6246K, capacity 6720K, committed 6784K, reserved 1048576K
Event: 23.068 GC heap after
Heap after GC invocations=73 (full 5):
 PSYoungGen      total 211456K, used 19980K [0x00000007b0000000, 0x00000007bf880000, 0x00000007c0000000)
  eden space 168448K, 0% used [0x00000007b0000000,0x00000007b0000000,0x00000007ba480000)
  from space 43008K, 46% used [0x00000007bce80000,0x00000007be203108,0x00000007bf880000)
  to   space 43008K, 0% used [0x00000007ba480000,0x00000007ba480000,0x00000007bce80000)
 ParOldGen       total 73728K, used 68053K [0x0000000790000000, 0x0000000794800000, 0x00000007b0000000)
  object space 73728K, 92% used [0x0000000790000000,0x00000007942756a8,0x0000000794800000)
 Metaspace       used 56412K, capacity 57988K, committed 58192K, reserved 1101824K
  class space    used 6246K, capacity 6720K, committed 6784K, reserved 1048576K
}
Event: 23.943 GC heap before
{Heap before GC invocations=74 (full 5):
 PSYoungGen      total 211456K, used 188428K [0x00000007b0000000, 0x00000007bf880000, 0x00000007c0000000)
  eden space 168448K, 100% used [0x00000007b0000000,0x00000007ba480000,0x00000007ba480000)
  from space 43008K, 46% used [0x00000007bce80000,0x00000007be203108,0x00000007bf880000)
  to   space 43008K, 0% used [0x00000007ba480000,0x00000007ba480000,0x00000007bce80000)
 ParOldGen       total 73728K, used 68053K [0x0000000790000000, 0x0000000794800000, 0x00000007b0000000)
  object space 73728K, 92% used [0x0000000790000000,0x00000007942756a8,0x0000000794800000)
 Metaspace       used 57928K, capacity 59492K, committed 59856K, reserved 1101824K
  class space    used 6363K, capacity 6816K, committed 6912K, reserved 1048576K
Event: 23.958 GC heap after
Heap after GC invocations=74 (full 5):
 PSYoungGen      total 211456K, used 28829K [0x00000007b0000000, 0x00000007c0000000, 0x00000007c0000000)
  eden space 168448K, 0% used [0x00000007b0000000,0x00000007b0000000,0x00000007ba480000)
  from space 43008K, 67% used [0x00000007ba480000,0x00000007bc0a74a8,0x00000007bce80000)
  to   space 45056K, 0% used [0x00000007bd400000,0x00000007bd400000,0x00000007c0000000)
 ParOldGen       total 73728K, used 68109K [0x0000000790000000, 0x0000000794800000, 0x00000007b0000000)
  object space 73728K, 92% used [0x0000000790000000,0x00000007942836a8,0x0000000794800000)
 Metaspace       used 57928K, capacity 59492K, committed 59856K, reserved 1101824K
  class space    used 6363K, capacity 6816K, committed 6912K, reserved 1048576K
}
Event: 24.906 GC heap before
{Heap before GC invocations=75 (full 5):
 PSYoungGen      total 211456K, used 197277K [0x00000007b0000000, 0x00000007c0000000, 0x00000007c0000000)
  eden space 168448K, 100% used [0x00000007b0000000,0x00000007ba480000,0x00000007ba480000)
  from space 43008K, 67% used [0x00000007ba480000,0x00000007bc0a74a8,0x00000007bce80000)
  to   space 45056K, 0% used [0x00000007bd400000,0x00000007bd400000,0x00000007c0000000)
 ParOldGen       total 73728K, used 68109K [0x0000000790000000, 0x0000000794800000, 0x00000007b0000000)
  object space 73728K, 92% used [0x0000000790000000,0x00000007942836a8,0x0000000794800000)
 Metaspace       used 59485K, capacity 61140K, committed 61648K, reserved 1103872K
  class space    used 6604K, capacity 7082K, committed 7168K, reserved 1048576K
Event: 24.928 GC heap after
Heap after GC invocations=75 (full 5):
 PSYoungGen      total 208896K, used 35874K [0x00000007b0000000, 0x00000007c0000000, 0x00000007c0000000)
  eden space 163840K, 0% used [0x00000007b0000000,0x00000007b0000000,0x00000007ba000000)
  from space 45056K, 79% used [0x00000007bd400000,0x00000007bf708938,0x00000007c0000000)
  to   space 49152K, 0% used [0x00000007ba000000,0x00000007ba000000,0x00000007bd000000)
 ParOldGen       total 73728K, used 68525K [0x0000000790000000, 0x0000000794800000, 0x00000007b0000000)
  object space 73728K, 92% used [0x0000000790000000,0x00000007942eb6a8,0x0000000794800000)
 Metaspace       used 59485K, capacity 61140K, committed 61648K, reserved 1103872K
  class space    used 6604K, capacity 7082K, committed 7168K, reserved 1048576K
}

Deoptimization events (10 events):
Event: 23.968 Thread 0x00007fbb66569800 Uncommon trap: reason=class_check action=maybe_recompile pc=0x000000010f03fe28 method=sun.reflect.generics.factory.CoreReflectionFactory.getDeclsLoader()Ljava/lang/ClassLoader; @ 25
Event: 23.968 Thread 0x00007fbb66569800 Uncommon trap: reason=class_check action=maybe_recompile pc=0x000000010f03fe28 method=sun.reflect.generics.factory.CoreReflectionFactory.getDeclsLoader()Ljava/lang/ClassLoader; @ 25
Event: 24.033 Thread 0x00007fbb66569800 Uncommon trap: reason=null_check action=make_not_entrant pc=0x000000010e5b7c20 method=org.springframework.beans.ExtendedBeanInfo.isCandidateWriteMethod(Ljava/lang/reflect/Method;)Z @ 47
Event: 24.040 Thread 0x00007fbb66569800 Uncommon trap: reason=class_check action=maybe_recompile pc=0x000000010f48f898 method=java.lang.reflect.Executable.getAnnotation(Ljava/lang/Class;)Ljava/lang/annotation/Annotation; @ 19
Event: 25.008 Thread 0x00007fbb66569800 Uncommon trap: reason=class_check action=maybe_recompile pc=0x000000010f48f898 method=java.lang.reflect.Executable.getAnnotation(Ljava/lang/Class;)Ljava/lang/annotation/Annotation; @ 19
Event: 25.026 Thread 0x00007fbb66569800 Uncommon trap: reason=class_check action=maybe_recompile pc=0x000000010f81d568 method=groovy.lang.MetaClassImpl.getProperty(Ljava/lang/Class;Ljava/lang/Object;Ljava/lang/String;ZZ)Ljava/lang/Object; @ 206
Event: 25.026 Thread 0x00007fbb66569800 Uncommon trap: reason=class_check action=maybe_recompile pc=0x000000010f81d568 method=groovy.lang.MetaClassImpl.getProperty(Ljava/lang/Class;Ljava/lang/Object;Ljava/lang/String;ZZ)Ljava/lang/Object; @ 206
Event: 25.026 Thread 0x00007fbb66569800 Uncommon trap: reason=class_check action=maybe_recompile pc=0x000000010f81d568 method=groovy.lang.MetaClassImpl.getProperty(Ljava/lang/Class;Ljava/lang/Object;Ljava/lang/String;ZZ)Ljava/lang/Object; @ 206
Event: 25.026 Thread 0x00007fbb66569800 Uncommon trap: reason=class_check action=maybe_recompile pc=0x000000010f81d568 method=groovy.lang.MetaClassImpl.getProperty(Ljava/lang/Class;Ljava/lang/Object;Ljava/lang/String;ZZ)Ljava/lang/Object; @ 206
Event: 25.165 Thread 0x00007fbb66569800 Uncommon trap: reason=class_check action=maybe_recompile pc=0x000000010f83b3fc method=org.codehaus.groovy.runtime.metaclass.MetaMethodIndex.addMethodToList(Ljava/lang/Object;Lgroovy/lang/MetaMethod;)Ljava/lang/Object; @ 218

Internal exceptions (10 events):
Event: 25.164 Thread 0x00007fbb66569800 Exception <a 'java/security/PrivilegedActionException'> (0x00000007b2dc02e0) thrown at [/HUDSON/workspace/8-2-build-macosx-x86_64/jdk8u5/2488/hotspot/src/share/vm/prims/jvm.cpp, line 1248]
Event: 25.164 Thread 0x00007fbb66569800 Exception <a 'java/security/PrivilegedActionException'> (0x00000007b2dc5f00) thrown at [/HUDSON/workspace/8-2-build-macosx-x86_64/jdk8u5/2488/hotspot/src/share/vm/prims/jvm.cpp, line 1248]
Event: 25.164 Thread 0x00007fbb66569800 Exception <a 'java/security/PrivilegedActionException'> (0x00000007b2dddd48) thrown at [/HUDSON/workspace/8-2-build-macosx-x86_64/jdk8u5/2488/hotspot/src/share/vm/prims/jvm.cpp, line 1248]
Event: 25.164 Thread 0x00007fbb66569800 Exception <a 'java/security/PrivilegedActionException'> (0x00000007b2e00da0) thrown at [/HUDSON/workspace/8-2-build-macosx-x86_64/jdk8u5/2488/hotspot/src/share/vm/prims/jvm.cpp, line 1248]
Event: 25.164 Thread 0x00007fbb66569800 Exception <a 'java/security/PrivilegedActionException'> (0x00000007b2e069c0) thrown at [/HUDSON/workspace/8-2-build-macosx-x86_64/jdk8u5/2488/hotspot/src/share/vm/prims/jvm.cpp, line 1248]
Event: 25.164 Thread 0x00007fbb66569800 Exception <a 'java/security/PrivilegedActionException'> (0x00000007b2e1e808) thrown at [/HUDSON/workspace/8-2-build-macosx-x86_64/jdk8u5/2488/hotspot/src/share/vm/prims/jvm.cpp, line 1248]
Event: 25.165 Thread 0x00007fbb66569800 Exception <a 'java/security/PrivilegedActionException'> (0x00000007b2e56130) thrown at [/HUDSON/workspace/8-2-build-macosx-x86_64/jdk8u5/2488/hotspot/src/share/vm/prims/jvm.cpp, line 1248]
Event: 25.165 Thread 0x00007fbb66569800 Exception <a 'java/lang/ClassNotFoundException': org/codehaus/groovy/grails/plugins/web/async/ControllersAsyncGrailsPlugin$_closure2_closure3Customizer> (0x00000007b2e56c00) thrown at [/HUDSON/workspace/8-2-build-macosx-x86_64/jdk8u5/2488/hotspot/src/shar
Event: 25.166 Thread 0x00007fbb66569800 Exception <a 'java/security/PrivilegedActionException'> (0x00000007b2e67ac0) thrown at [/HUDSON/workspace/8-2-build-macosx-x86_64/jdk8u5/2488/hotspot/src/share/vm/prims/jvm.cpp, line 1248]
Event: 25.166 Thread 0x00007fbb66569800 Exception <a 'java/security/PrivilegedActionException'> (0x00000007b2e6bb98) thrown at [/HUDSON/workspace/8-2-build-macosx-x86_64/jdk8u5/2488/hotspot/src/share/vm/prims/jvm.cpp, line 1248]

Events (10 events):
Event: 25.164 loading class org/codehaus/groovy/grails/plugins/web/async/ControllersAsyncGrailsPlugin$_closure2_closure3Customizer done
Event: 25.164 loading class org/codehaus/groovy/grails/plugins/web/async/ControllersAsyncGrailsPlugin$_closure2_closure3Customizer
Event: 25.164 loading class org/codehaus/groovy/grails/plugins/web/async/ControllersAsyncGrailsPlugin$_closure2_closure3Customizer done
Event: 25.165 loading class org/codehaus/groovy/grails/plugins/web/async/ControllersAsyncGrailsPlugin$_closure2_closure3Customizer
Event: 25.165 loading class org/codehaus/groovy/grails/plugins/web/async/ControllersAsyncGrailsPlugin$_closure2_closure3Customizer done
Event: 25.165 Thread 0x00007fbb66569800 Uncommon trap: trap_request=0xffffffde fr.pc=0x000000010f83b3fc
Event: 25.165 Thread 0x00007fbb66569800 DEOPT PACKING pc=0x000000010f83b3fc sp=0x00000001250d5ee0
Event: 25.165 Thread 0x00007fbb66569800 DEOPT UNPACKING pc=0x000000010e213250 sp=0x00000001250d5ea8 mode 2
Event: 25.166 loading class org/codehaus/groovy/grails/web/util/StreamCharBufferMetaUtils
Event: 25.166 loading class org/codehaus/groovy/grails/web/util/StreamCharBufferMetaUtils done


Dynamic libraries:
0x000000000be71000 	/System/Library/Frameworks/Cocoa.framework/Versions/A/Cocoa
0x000000000be71000 	/System/Library/Frameworks/Security.framework/Versions/A/Security
0x000000000be71000 	/System/Library/Frameworks/ApplicationServices.framework/Versions/A/ApplicationServices
0x000000000be71000 	/usr/lib/libz.1.dylib
0x000000000be71000 	/usr/lib/libSystem.B.dylib
0x000000000be71000 	/usr/lib/libobjc.A.dylib
0x000000000be71000 	/System/Library/Frameworks/CoreFoundation.framework/Versions/A/CoreFoundation
0x000000000be71000 	/System/Library/Frameworks/Foundation.framework/Versions/C/Foundation
0x000000000be71000 	/System/Library/Frameworks/AppKit.framework/Versions/C/AppKit
0x000000000be71000 	/System/Library/Frameworks/CoreData.framework/Versions/A/CoreData
0x000000000be71000 	/System/Library/PrivateFrameworks/RemoteViewServices.framework/Versions/A/RemoteViewServices
0x000000000be71000 	/System/Library/Frameworks/AudioToolbox.framework/Versions/A/AudioToolbox
0x000000000be71000 	/System/Library/Frameworks/AudioUnit.framework/Versions/A/AudioUnit
0x000000000be71000 	/System/Library/PrivateFrameworks/DataDetectorsCore.framework/Versions/A/DataDetectorsCore
0x000000000be71000 	/System/Library/PrivateFrameworks/DesktopServicesPriv.framework/Versions/A/DesktopServicesPriv
0x000000000be71000 	/System/Library/Frameworks/Carbon.framework/Versions/A/Frameworks/HIToolbox.framework/Versions/A/HIToolbox
0x000000000be71000 	/System/Library/Frameworks/QuartzCore.framework/Versions/A/QuartzCore
0x000000000be71000 	/System/Library/Frameworks/Carbon.framework/Versions/A/Frameworks/SpeechRecognition.framework/Versions/A/SpeechRecognition
0x000000000be71000 	/usr/lib/libauto.dylib
0x000000000be71000 	/usr/lib/libicucore.A.dylib
0x000000000be71000 	/usr/lib/libxml2.2.dylib
0x000000000be71000 	/System/Library/PrivateFrameworks/CoreUI.framework/Versions/A/CoreUI
0x000000000be71000 	/System/Library/Frameworks/CoreAudio.framework/Versions/A/CoreAudio
0x000000000be71000 	/System/Library/Frameworks/DiskArbitration.framework/Versions/A/DiskArbitration
0x000000000be71000 	/usr/lib/liblangid.dylib
0x000000000be71000 	/System/Library/PrivateFrameworks/MultitouchSupport.framework/Versions/A/MultitouchSupport
0x000000000be71000 	/System/Library/Frameworks/IOKit.framework/Versions/A/IOKit
0x000000000be71000 	/usr/lib/libDiagnosticMessagesClient.dylib
0x000000000be71000 	/System/Library/Frameworks/CoreServices.framework/Versions/A/CoreServices
0x000000000be71000 	/System/Library/PrivateFrameworks/PerformanceAnalysis.framework/Versions/A/PerformanceAnalysis
0x000000000be71000 	/System/Library/PrivateFrameworks/GenerationalStorage.framework/Versions/A/GenerationalStorage
0x000000000be71000 	/System/Library/Frameworks/OpenGL.framework/Versions/A/OpenGL
0x000000000be71000 	/System/Library/PrivateFrameworks/Sharing.framework/Versions/A/Sharing
0x000000000be71000 	/System/Library/Frameworks/ImageIO.framework/Versions/A/ImageIO
0x000000000be71000 	/System/Library/Frameworks/CoreText.framework/Versions/A/CoreText
0x000000000be71000 	/System/Library/Frameworks/CoreGraphics.framework/Versions/A/CoreGraphics
0x000000000be71000 	/System/Library/PrivateFrameworks/Backup.framework/Versions/A/Backup
0x000000000be71000 	/System/Library/Frameworks/CFNetwork.framework/Versions/A/CFNetwork
0x000000000be71000 	/System/Library/Frameworks/SystemConfiguration.framework/Versions/A/SystemConfiguration
0x000000000be71000 	/usr/lib/libCRFSuite.dylib
0x000000000be71000 	/usr/lib/libc++.1.dylib
0x000000000be71000 	/usr/lib/libc++abi.dylib
0x000000000be71000 	/usr/lib/system/libcache.dylib
0x000000000be71000 	/usr/lib/system/libcommonCrypto.dylib
0x000000000be71000 	/usr/lib/system/libcompiler_rt.dylib
0x000000000be71000 	/usr/lib/system/libcopyfile.dylib
0x000000000be71000 	/usr/lib/system/libcorecrypto.dylib
0x000000000be71000 	/usr/lib/system/libdispatch.dylib
0x000000000be71000 	/usr/lib/system/libdyld.dylib
0x000000000be71000 	/usr/lib/system/libkeymgr.dylib
0x000000000be71000 	/usr/lib/system/liblaunch.dylib
0x000000000be71000 	/usr/lib/system/libmacho.dylib
0x000000000be71000 	/usr/lib/system/libquarantine.dylib
0x000000000be71000 	/usr/lib/system/libremovefile.dylib
0x000000000be71000 	/usr/lib/system/libsystem_asl.dylib
0x000000000be71000 	/usr/lib/system/libsystem_blocks.dylib
0x000000000be71000 	/usr/lib/system/libsystem_c.dylib
0x000000000be71000 	/usr/lib/system/libsystem_configuration.dylib
0x000000000be71000 	/usr/lib/system/libsystem_dnssd.dylib
0x000000000be71000 	/usr/lib/system/libsystem_info.dylib
0x000000000be71000 	/usr/lib/system/libsystem_kernel.dylib
0x000000000be71000 	/usr/lib/system/libsystem_m.dylib
0x000000000be71000 	/usr/lib/system/libsystem_malloc.dylib
0x000000000be71000 	/usr/lib/system/libsystem_network.dylib
0x000000000be71000 	/usr/lib/system/libsystem_notify.dylib
0x000000000be71000 	/usr/lib/system/libsystem_platform.dylib
0x000000000be71000 	/usr/lib/system/libsystem_pthread.dylib
0x000000000be71000 	/usr/lib/system/libsystem_sandbox.dylib
0x000000000be71000 	/usr/lib/system/libsystem_stats.dylib
0x000000000be71000 	/usr/lib/system/libunc.dylib
0x000000000be71000 	/usr/lib/system/libunwind.dylib
0x000000000be71000 	/usr/lib/system/libxpc.dylib
0x000000000be71000 	/usr/lib/libbsm.0.dylib
0x000000000be71000 	/usr/lib/libsqlite3.dylib
0x000000000be71000 	/usr/lib/libxar.1.dylib
0x000000000be71000 	/usr/lib/libpam.2.dylib
0x000000000be71000 	/usr/lib/libOpenScriptingUtil.dylib
0x000000000be71000 	/usr/lib/libbz2.1.0.dylib
0x000000000be71000 	/System/Library/Frameworks/CoreServices.framework/Versions/A/Frameworks/CarbonCore.framework/Versions/A/CarbonCore
0x000000000be71000 	/System/Library/Frameworks/CoreServices.framework/Versions/A/Frameworks/Metadata.framework/Versions/A/Metadata
0x000000000be71000 	/System/Library/Frameworks/CoreServices.framework/Versions/A/Frameworks/OSServices.framework/Versions/A/OSServices
0x000000000be71000 	/System/Library/Frameworks/CoreServices.framework/Versions/A/Frameworks/SearchKit.framework/Versions/A/SearchKit
0x000000000be71000 	/System/Library/Frameworks/CoreServices.framework/Versions/A/Frameworks/AE.framework/Versions/A/AE
0x000000000be71000 	/System/Library/Frameworks/CoreServices.framework/Versions/A/Frameworks/LaunchServices.framework/Versions/A/LaunchServices
0x000000000be71000 	/System/Library/Frameworks/CoreServices.framework/Versions/A/Frameworks/DictionaryServices.framework/Versions/A/DictionaryServices
0x000000000be71000 	/System/Library/Frameworks/NetFS.framework/Versions/A/NetFS
0x000000000be71000 	/usr/lib/system/libkxld.dylib
0x000000000be71000 	/System/Library/PrivateFrameworks/NetAuth.framework/Versions/A/NetAuth
0x000000000be71000 	/System/Library/PrivateFrameworks/TCC.framework/Versions/A/TCC
0x000000000be71000 	/System/Library/Frameworks/OpenDirectory.framework/Versions/A/Frameworks/CFOpenDirectory.framework/Versions/A/CFOpenDirectory
0x000000000be71000 	/System/Library/Frameworks/ServiceManagement.framework/Versions/A/ServiceManagement
0x000000000be71000 	/usr/lib/libxslt.1.dylib
0x000000000be71000 	/System/Library/Frameworks/Carbon.framework/Versions/A/Frameworks/Ink.framework/Versions/A/Ink
0x000000000be71000 	/System/Library/Frameworks/ApplicationServices.framework/Versions/A/Frameworks/ATS.framework/Versions/A/ATS
0x000000000be71000 	/System/Library/Frameworks/ApplicationServices.framework/Versions/A/Frameworks/ColorSync.framework/Versions/A/ColorSync
0x000000000be71000 	/System/Library/Frameworks/ApplicationServices.framework/Versions/A/Frameworks/HIServices.framework/Versions/A/HIServices
0x000000000be71000 	/System/Library/Frameworks/ApplicationServices.framework/Versions/A/Frameworks/LangAnalysis.framework/Versions/A/LangAnalysis
0x000000000be71000 	/System/Library/Frameworks/ApplicationServices.framework/Versions/A/Frameworks/PrintCore.framework/Versions/A/PrintCore
0x000000000be71000 	/System/Library/Frameworks/ApplicationServices.framework/Versions/A/Frameworks/QD.framework/Versions/A/QD
0x000000000be71000 	/System/Library/Frameworks/ApplicationServices.framework/Versions/A/Frameworks/SpeechSynthesis.framework/Versions/A/SpeechSynthesis
0x000000000be71000 	/System/Library/Frameworks/IOSurface.framework/Versions/A/IOSurface
0x000000000be71000 	/System/Library/Frameworks/Accelerate.framework/Versions/A/Accelerate
0x000000000be71000 	/System/Library/Frameworks/Accelerate.framework/Versions/A/Frameworks/vImage.framework/Versions/A/vImage
0x000000000be71000 	/System/Library/Frameworks/Accelerate.framework/Versions/A/Frameworks/vecLib.framework/Versions/A/vecLib
0x000000000be71000 	/System/Library/Frameworks/Accelerate.framework/Versions/A/Frameworks/vecLib.framework/Versions/A/libvDSP.dylib
0x000000000be71000 	/System/Library/Frameworks/Accelerate.framework/Versions/A/Frameworks/vecLib.framework/Versions/A/libvMisc.dylib
0x000000000be71000 	/System/Library/Frameworks/Accelerate.framework/Versions/A/Frameworks/vecLib.framework/Versions/A/libLAPACK.dylib
0x000000000be71000 	/System/Library/Frameworks/Accelerate.framework/Versions/A/Frameworks/vecLib.framework/Versions/A/libBLAS.dylib
0x000000000be71000 	/System/Library/Frameworks/ApplicationServices.framework/Versions/A/Frameworks/ATS.framework/Versions/A/Resources/libFontParser.dylib
0x000000000be71000 	/System/Library/Frameworks/ApplicationServices.framework/Versions/A/Frameworks/ATS.framework/Versions/A/Resources/libFontRegistry.dylib
0x000000000be71000 	/System/Library/Frameworks/ImageIO.framework/Versions/A/Resources/libJPEG.dylib
0x000000000be71000 	/System/Library/Frameworks/ImageIO.framework/Versions/A/Resources/libTIFF.dylib
0x000000000be71000 	/System/Library/Frameworks/ImageIO.framework/Versions/A/Resources/libPng.dylib
0x000000000be71000 	/System/Library/Frameworks/ImageIO.framework/Versions/A/Resources/libGIF.dylib
0x000000000be71000 	/System/Library/Frameworks/ImageIO.framework/Versions/A/Resources/libJP2.dylib
0x000000000be71000 	/System/Library/Frameworks/ImageIO.framework/Versions/A/Resources/libRadiance.dylib
0x000000000be71000 	/usr/lib/libcups.2.dylib
0x000000000be71000 	/System/Library/Frameworks/Kerberos.framework/Versions/A/Kerberos
0x000000000be71000 	/System/Library/Frameworks/GSS.framework/Versions/A/GSS
0x000000000be71000 	/usr/lib/libresolv.9.dylib
0x000000000be71000 	/usr/lib/libiconv.2.dylib
0x000000000be71000 	/System/Library/PrivateFrameworks/Heimdal.framework/Versions/A/Heimdal
0x000000000be71000 	/System/Library/PrivateFrameworks/TrustEvaluationAgent.framework/Versions/A/TrustEvaluationAgent
0x000000000be71000 	/usr/lib/libheimdal-asn1.dylib
0x000000000be71000 	/System/Library/Frameworks/OpenDirectory.framework/Versions/A/OpenDirectory
0x000000000be71000 	/System/Library/PrivateFrameworks/CommonAuth.framework/Versions/A/CommonAuth
0x000000000be71000 	/System/Library/Frameworks/SecurityFoundation.framework/Versions/A/SecurityFoundation
0x000000000be71000 	/System/Library/PrivateFrameworks/Bom.framework/Versions/A/Bom
0x000000000be71000 	/System/Library/Frameworks/CoreVideo.framework/Versions/A/CoreVideo
0x000000000be71000 	/System/Library/Frameworks/QuartzCore.framework/Versions/A/Frameworks/CoreImage.framework/Versions/A/CoreImage
0x000000000be71000 	/System/Library/Frameworks/QuartzCore.framework/Versions/A/Frameworks/ScalableUserInterface.framework/Versions/A/ScalableUserInterface
0x000000000be71000 	/System/Library/Frameworks/OpenGL.framework/Versions/A/Libraries/libGLU.dylib
0x000000000be71000 	/System/Library/Frameworks/OpenGL.framework/Versions/A/Libraries/libGFXShared.dylib
0x000000000be71000 	/System/Library/Frameworks/OpenGL.framework/Versions/A/Libraries/libGL.dylib
0x000000000be71000 	/System/Library/Frameworks/OpenGL.framework/Versions/A/Libraries/libGLImage.dylib
0x000000000be71000 	/System/Library/Frameworks/OpenGL.framework/Versions/A/Libraries/libCVMSPluginSupport.dylib
0x000000000be71000 	/System/Library/Frameworks/OpenGL.framework/Versions/A/Libraries/libCoreVMClient.dylib
0x000000000be71000 	/System/Library/PrivateFrameworks/FaceCore.framework/Versions/A/FaceCore
0x000000000be71000 	/System/Library/PrivateFrameworks/CrashReporterSupport.framework/Versions/A/CrashReporterSupport
0x000000000be71000 	/System/Library/Frameworks/OpenCL.framework/Versions/A/OpenCL
0x000000000be71000 	/System/Library/PrivateFrameworks/AppleFSCompression.framework/Versions/A/AppleFSCompression
0x000000000be71000 	/System/Library/PrivateFrameworks/Ubiquity.framework/Versions/A/Ubiquity
0x000000000be71000 	/System/Library/PrivateFrameworks/IconServices.framework/Versions/A/IconServices
0x000000000be71000 	/System/Library/PrivateFrameworks/ChunkingLibrary.framework/Versions/A/ChunkingLibrary
0x000000000be71000 	/System/Library/PrivateFrameworks/CoreSymbolication.framework/Versions/A/CoreSymbolication
0x000000000be71000 	/System/Library/PrivateFrameworks/Symbolication.framework/Versions/A/Symbolication
0x000000000be71000 	/System/Library/PrivateFrameworks/DebugSymbols.framework/Versions/A/DebugSymbols
0x000000010d200000 	/Library/Java/JavaVirtualMachines/jdk1.8.0_05.jdk/Contents/Home/jre/lib/server/libjvm.dylib
0x000000000be71000 	/usr/lib/libstdc++.6.dylib
0x000000010c158000 	/Library/Java/JavaVirtualMachines/jdk1.8.0_05.jdk/Contents/Home/jre/lib/libverify.dylib
0x000000010c166000 	/Library/Java/JavaVirtualMachines/jdk1.8.0_05.jdk/Contents/Home/jre/lib/libjava.dylib
0x000000010c19b000 	/Library/Java/JavaVirtualMachines/jdk1.8.0_05.jdk/Contents/Home/jre/lib/libinstrument.dylib
0x000000010e1c3000 	/Library/Java/JavaVirtualMachines/jdk1.8.0_05.jdk/Contents/Home/jre/lib/libzip.dylib
0x00000001223e0000 	/System/Library/Frameworks/JavaVM.framework/Frameworks/JavaRuntimeSupport.framework/JavaRuntimeSupport
0x00000001223f8000 	/System/Library/Frameworks/JavaVM.framework/Versions/A/Frameworks/JavaNativeFoundation.framework/Versions/A/JavaNativeFoundation
0x000000012240d000 	/System/Library/Frameworks/JavaVM.framework/Versions/A/JavaVM
0x000000000be71000 	/System/Library/Frameworks/Carbon.framework/Versions/A/Carbon
0x000000012241a000 	/System/Library/PrivateFrameworks/JavaLaunching.framework/Versions/A/JavaLaunching
0x000000000be71000 	/System/Library/Frameworks/Carbon.framework/Versions/A/Frameworks/CommonPanels.framework/Versions/A/CommonPanels
0x000000000be71000 	/System/Library/Frameworks/Carbon.framework/Versions/A/Frameworks/Help.framework/Versions/A/Help
0x000000000be71000 	/System/Library/Frameworks/Carbon.framework/Versions/A/Frameworks/ImageCapture.framework/Versions/A/ImageCapture
0x000000000be71000 	/System/Library/Frameworks/Carbon.framework/Versions/A/Frameworks/OpenScripting.framework/Versions/A/OpenScripting
0x000000000be71000 	/System/Library/Frameworks/Carbon.framework/Versions/A/Frameworks/Print.framework/Versions/A/Print
0x000000000be71000 	/System/Library/Frameworks/Carbon.framework/Versions/A/Frameworks/SecurityHI.framework/Versions/A/SecurityHI
0x0000000122ed1000 	/private/var/folders/h2/mqnxd4lx2qgd39cprjyyt77w0000gn/T/libjansi-64-1123012978167654955.jnilib
0x000000012313f000 	/Library/Java/JavaVirtualMachines/jdk1.8.0_05.jdk/Contents/Home/jre/lib/libnet.dylib
0x000000012361a000 	/Library/Java/JavaVirtualMachines/jdk1.8.0_05.jdk/Contents/Home/jre/lib/libmanagement.dylib
0x0000000123e45000 	/Library/Java/JavaVirtualMachines/jdk1.8.0_05.jdk/Contents/Home/jre/lib/libnio.dylib

VM Arguments:
jvm_args: -Dfile.encoding=UTF-8 -Xmx768M -Xms64M -Dgrails.fork.parent.process.port=51857 -Dgrails.fork.active=true -Dgrails.build.execution.context=/private/var/folders/h2/mqnxd4lx2qgd39cprjyyt77w0000gn/T/Paapillon_v7-master1479363787667176445grails-execution-context -Dgrails.home=/Users/noreen/Downloads/ggts-bundle/grails-2.4.3 -javaagent:/Users/noreen/Downloads/ggts-bundle/grails-2.4.3/lib/org.springframework/springloaded/jars/springloaded-1.2.0.RELEASE.jar -Xverify:none -Dspringloaded.synchronize=true -Djdk.reflect.allowGetCallerClass=true -Dspringloaded=profile=grails;cacheDir=/Users/noreen/.grails/2.4.3 
java_command: org.grails.plugins.tomcat.fork.ForkedTomcatServer
java_class_path (initial): /Library/Java/JavaVirtualMachines/jdk1.8.0_05.jdk/Contents/Home/lib/tools.jar:/Users/noreen/Downloads/ggts-bundle/grails-2.4.3/lib/org.codehaus.groovy/groovy-all/jars/groovy-all-2.3.6.jar:/Users/noreen/Downloads/ggts-bundle/grails-2.4.3/lib/org.slf4j/jcl-over-slf4j/jars/jcl-over-slf4j-1.7.5.jar:/Users/noreen/Downloads/ggts-bundle/grails-2.4.3/lib/org.codehaus.gant/gant_groovy1.8/jars/gant_groovy1.8-1.9.6.jar:/Users/noreen/Downloads/ggts-bundle/grails-2.4.3/lib/org.apache.tomcat.embed/tomcat-embed-logging-log4j/jars/tomcat-embed-logging-log4j-7.0.50.jar:/Users/noreen/Downloads/ggts-bundle/grails-2.4.3/dist/grails-plugin-log4j-2.4.3.jar:/Users/noreen/Downloads/ggts-bundle/grails-2.4.3/lib/log4j/log4j/jars/log4j-1.2.17.jar:/Users/noreen/Downloads/ggts-bundle/grails-2.4.3/dist/grails-bootstrap-2.4.3.jar:/Users/noreen/Downloads/ggts-bundle/grails-2.4.3/lib/org.slf4j/slf4j-api/jars/slf4j-api-1.7.5.jar:/Users/noreen/Downloads/ggts-bundle/grails-2.4.3/lib/jline/jline/jars/jline-2.12.jar:/Users/noreen/Downloads/ggts-bundle/grails-2.4.3/lib/org.apache.ant/ant/jars/ant-1.8.4.jar:/Users/noreen/Downloads/ggts-bundle/grails-2.4.3/lib/org.apache.ant/ant-launcher/jars/ant-launcher-1.8.4.jar:/Users/noreen/Downloads/ggts-bundle/grails-2.4.3/lib/org.apache.ant/ant-trax/jars/ant-trax-1.7.1.jar:/Users/noreen/Downloads/ggts-bundle/grails-2.4.3/lib/org.apache.ant/ant-junit/jars/ant-junit-1.8.4.jar:/Users/noreen/Downloads/ggts-bundle/grails-2.4.3/lib/org.apache.ivy/ivy/jars/ivy-2.3.0.jar:/Users/noreen/Downloads/ggts-bundle/grails-2.4.3/lib/org.fusesource.jansi/jansi/jars/jansi-1.11.jar:/Users/noreen/.m2/repository/org/apache/tomcat/tomcat-catalina-ant/7.0.55/tomcat-catalina-ant-7.0.55.jar:/Users/noreen/.m2/repository/org/apache/tomcat/embed/tomcat-embed-jasper/7.0.55/tomcat-embed-jasper-7.0.55.jar:/Users/noreen/.m2/repository/org/apache/tomcat/embed/tomcat-embed-el/7.0.55/tomcat-embed-el-7.0.55.jar:/Users/noreen/.m2/repository/org/apache/tomcat/embed/tomcat-emb
Launcher Type: SUN_STANDARD

Environment Variables:
JAVA_HOME=/Library/Java/JavaVirtualMachines/jdk1.8.0_05.jdk/Contents/Home
PATH=/usr/bin:/bin:/usr/sbin:/sbin
SHELL=/bin/bash
DISPLAY=/tmp/launch-JOeKHD/org.macosforge.xquartz:0

Signal Handlers:
SIGSEGV: [libjvm.dylib+0x55f7df], sa_mask[0]=0xfffefeff, sa_flags=0x00000043
SIGBUS: [libjvm.dylib+0x55f7df], sa_mask[0]=0xfffefeff, sa_flags=0x00000042
SIGFPE: [libjvm.dylib+0x442cfa], sa_mask[0]=0xfffefeff, sa_flags=0x00000042
SIGPIPE: [libjvm.dylib+0x442cfa], sa_mask[0]=0xfffefeff, sa_flags=0x00000042
SIGXFSZ: [libjvm.dylib+0x442cfa], sa_mask[0]=0xfffefeff, sa_flags=0x00000042
SIGILL: [libjvm.dylib+0x442cfa], sa_mask[0]=0xfffefeff, sa_flags=0x00000042
SIGUSR1: SIG_DFL, sa_mask[0]=0x00000000, sa_flags=0x00000002
SIGUSR2: [libjvm.dylib+0x442818], sa_mask[0]=0x00000004, sa_flags=0x00000042
SIGHUP: [libjvm.dylib+0x440ba5], sa_mask[0]=0xfffefeff, sa_flags=0x00000042
SIGINT: [libjvm.dylib+0x440ba5], sa_mask[0]=0xfffefeff, sa_flags=0x00000042
SIGTERM: [libjvm.dylib+0x440ba5], sa_mask[0]=0xfffefeff, sa_flags=0x00000042
SIGQUIT: [libjvm.dylib+0x440ba5], sa_mask[0]=0xfffefeff, sa_flags=0x00000042


---------------  S Y S T E M  ---------------

OS:Bsduname:Darwin 13.3.0 Darwin Kernel Version 13.3.0: Tue Jun  3 21:27:35 PDT 2014; root:xnu-2422.110.17~1/RELEASE_X86_64 x86_64
rlimit: STACK 8192k, CORE 0k, NPROC 709, NOFILE 10240, AS infinity
load average:2.74 2.00 2.60

CPU:total 8 (4 cores per cpu, 2 threads per core) family 6 model 58 stepping 9, cmov, cx8, fxsr, mmx, sse, sse2, sse3, ssse3, sse4.1, sse4.2, popcnt, avx, aes, clmul, erms, ht, tsc, tscinvbit

Memory: 4k page, physical 4194304k(19220k free)

/proc/meminfo:


vm_info: Java HotSpot(TM) 64-Bit Server VM (25.5-b02) for bsd-amd64 JRE (1.8.0_05-b13), built on Mar 18 2014 00:36:13 by "java_re" with gcc 4.2.1 (Based on Apple Inc. build 5658) (LLVM build 2336.11.00)

time: Wed Nov  5 14:47:42 2014
elapsed time: 25 seconds

